-------------------------------------------------------------------------------
Test set: com.academia.architecture.HexagonalArchitectureTest
-------------------------------------------------------------------------------
Tests run: 3, Failures: 2, Errors: 0, Skipped: 0, Time elapsed: 2.035 s <<< FAILURE! -- in com.academia.architecture.HexagonalArchitectureTest
HexagonalArchitectureTest.layer_dependencies_are_respected -- Time elapsed: 2.005 s <<< FAILURE!
java.lang.AssertionError: 
Architecture Violation [Priority: MEDIUM] - Rule 'Layered architecture considering all dependencies, consisting of
layer 'Domain' ('com.academia.domain..')
layer 'Application' ('com.academia.application..')
layer 'Infrastructure' ('com.academia.infrastructure..')
where layer 'Application' may only access layers ['Domain']
where layer 'Domain' may not access any layer
where layer 'Infrastructure' may only access layers ['Application', 'Domain']' was violated (1085 times):
Class <com.academia.application.exceptions.ResourceNotFoundException> extends class <java.lang.RuntimeException> in (ResourceNotFoundException.java:0)
Class <com.academia.application.mappers.StudentDTOMapper> has annotation member of type <java.lang.IllegalArgumentException> in (StudentDTOMapper.java:0)
Class <com.academia.application.mappers.StudentDTOMapper> has annotation member of type <org.mapstruct.Builder> in (StudentDTOMapper.java:0)
Class <com.academia.application.mappers.StudentDTOMapper> has annotation member of type <org.mapstruct.CollectionMappingStrategy> in (StudentDTOMapper.java:0)
Class <com.academia.application.mappers.StudentDTOMapper> has annotation member of type <org.mapstruct.InjectionStrategy> in (StudentDTOMapper.java:0)
Class <com.academia.application.mappers.StudentDTOMapper> has annotation member of type <org.mapstruct.MappingInheritanceStrategy> in (StudentDTOMapper.java:0)
Class <com.academia.application.mappers.StudentDTOMapper> has annotation member of type <org.mapstruct.NullValueCheckStrategy> in (StudentDTOMapper.java:0)
Class <com.academia.application.mappers.StudentDTOMapper> has annotation member of type <org.mapstruct.NullValueMappingStrategy> in (StudentDTOMapper.java:0)
Class <com.academia.application.mappers.StudentDTOMapper> has annotation member of type <org.mapstruct.NullValuePropertyMappingStrategy> in (StudentDTOMapper.java:0)
Class <com.academia.application.mappers.StudentDTOMapper> has annotation member of type <org.mapstruct.ReportingPolicy> in (StudentDTOMapper.java:0)
Class <com.academia.application.mappers.StudentDTOMapper> has annotation member of type <org.mapstruct.SubclassExhaustiveStrategy> in (StudentDTOMapper.java:0)
Class <com.academia.application.mappers.StudentDTOMapper> has annotation member of type <org.mapstruct.control.MappingControl> in (StudentDTOMapper.java:0)
Class <com.academia.application.mappers.StudentDTOMapper> is annotated with <org.mapstruct.Mapper> in (StudentDTOMapper.java:0)
Class <com.academia.application.mappers.StudentDTOMapperImpl> extends class <java.lang.Object> in (StudentDTOMapperImpl.java:0)
Class <com.academia.application.mappers.StudentDTOMapperImpl> is annotated with <org.springframework.stereotype.Component> in (StudentDTOMapperImpl.java:0)
Class <com.academia.application.services.EnrollStudentInCourseServiceImpl> extends class <java.lang.Object> in (EnrollStudentInCourseServiceImpl.java:0)
Class <com.academia.application.services.EnrollStudentInCourseServiceImpl> is annotated with <org.springframework.stereotype.Service> in (EnrollStudentInCourseServiceImpl.java:0)
Class <com.academia.application.services.FindStudentDetailsServiceImpl> extends class <java.lang.Object> in (FindStudentDetailsServiceImpl.java:0)
Class <com.academia.application.services.FindStudentDetailsServiceImpl> is annotated with <org.springframework.stereotype.Service> in (FindStudentDetailsServiceImpl.java:0)
Class <com.academia.application.services.RegisterNewStudentServiceImpl> extends class <java.lang.Object> in (RegisterNewStudentServiceImpl.java:0)
Class <com.academia.application.services.RegisterNewStudentServiceImpl> is annotated with <org.springframework.stereotype.Service> in (RegisterNewStudentServiceImpl.java:0)
Class <com.academia.domain.model.aggregates.Course> extends class <java.lang.Object> in (Course.java:0)
Class <com.academia.domain.model.aggregates.Organization> extends class <java.lang.Object> in (Organization.java:0)
Class <com.academia.domain.model.aggregates.UserAccount> extends class <java.lang.Object> in (UserAccount.java:0)
Class <com.academia.domain.model.entities.AcademicTerm> extends class <java.lang.Object> in (AcademicTerm.java:0)
Class <com.academia.domain.model.entities.Enrollment> extends class <java.lang.Object> in (Enrollment.java:0)
Class <com.academia.domain.model.entities.Guardian> extends class <java.lang.Object> in (Guardian.java:0)
Class <com.academia.domain.model.entities.Role> extends class <java.lang.Object> in (Role.java:0)
Class <com.academia.domain.model.entities.Staff> extends class <java.lang.Object> in (Staff.java:0)
Class <com.academia.domain.model.entities.Student> extends class <java.lang.Object> in (Student.java:0)
Class <com.academia.domain.model.entities.Subject> extends class <java.lang.Object> in (Subject.java:0)
Class <com.academia.domain.model.entities.User> extends class <java.lang.Object> in (User.java:0)
Class <com.academia.domain.model.enums.AccountStatus> extends class <java.lang.Enum> in (AccountStatus.java:0)
Class <com.academia.domain.model.enums.AttendanceStatus> extends class <java.lang.Enum> in (AttendanceStatus.java:0)
Class <com.academia.domain.model.enums.EnrollmentStatus> extends class <java.lang.Enum> in (EnrollmentStatus.java:0)
Class <com.academia.domain.model.enums.RoleScope> extends class <java.lang.Enum> in (RoleScope.java:0)
Class <com.academia.domain.model.events.CourseEvents$StudentEnrolledInCourse> extends class <java.lang.Record> in (CourseEvents.java:0)
Class <com.academia.domain.model.events.CourseEvents$TeacherAssignedToCourse> extends class <java.lang.Record> in (CourseEvents.java:0)
Class <com.academia.domain.model.events.CourseEvents> extends class <java.lang.Object> in (CourseEvents.java:0)
Class <com.academia.domain.model.events.UserAccountEvents$AccountActivated> extends class <java.lang.Record> in (UserAccountEvents.java:0)
Class <com.academia.domain.model.events.UserAccountEvents$UserRegisteredEvent> extends class <java.lang.Record> in (UserAccountEvents.java:0)
Class <com.academia.domain.model.events.UserAccountEvents> extends class <java.lang.Object> in (UserAccountEvents.java:0)
Class <com.academia.domain.model.events.UserEvents$AccountActivated> extends class <java.lang.Record> in (UserEvents.java:0)
Class <com.academia.domain.model.events.UserEvents$UserRegisteredEvent> extends class <java.lang.Record> in (UserEvents.java:0)
Class <com.academia.domain.model.events.UserEvents> extends class <java.lang.Object> in (UserEvents.java:0)
Class <com.academia.domain.model.services.EnrollmentEligibilityChecker> extends class <java.lang.Object> in (EnrollmentEligibilityChecker.java:0)
Class <com.academia.domain.model.valueobjects.GuardianRelationship> extends class <java.lang.Object> in (GuardianRelationship.java:0)
Class <com.academia.domain.model.valueobjects.academic.CourseCode> extends class <java.lang.Object> in (CourseCode.java:0)
Class <com.academia.domain.model.valueobjects.academic.Grade> extends class <java.lang.Object> in (Grade.java:0)
Class <com.academia.domain.model.valueobjects.academic.TermDates> extends class <java.lang.Object> in (TermDates.java:0)
Class <com.academia.domain.model.valueobjects.ids.AccountId> extends class <java.lang.Object> in (AccountId.java:0)
Class <com.academia.domain.model.valueobjects.ids.CourseId> extends class <java.lang.Object> in (CourseId.java:0)
Class <com.academia.domain.model.valueobjects.ids.OrganizationId> extends class <java.lang.Object> in (OrganizationId.java:0)
Class <com.academia.domain.model.valueobjects.ids.SubjectId> extends class <java.lang.Object> in (SubjectId.java:0)
Class <com.academia.domain.model.valueobjects.user.DNI> extends class <java.lang.Object> in (DNI.java:0)
Class <com.academia.domain.model.valueobjects.user.Email> extends class <java.lang.Record> in (Email.java:0)
Class <com.academia.domain.model.valueobjects.user.HashedPassword> extends class <java.lang.Object> in (HashedPassword.java:0)
Class <com.academia.domain.model.valueobjects.user.Name> extends class <java.lang.Object> in (Name.java:0)
Class <com.academia.domain.ports.in.commands.EnrollStudentInCourseCommand> extends class <java.lang.Record> in (EnrollStudentInCourseCommand.java:0)
Class <com.academia.domain.ports.in.commands.RegisterNewStudentCommand> extends class <java.lang.Record> in (RegisterNewStudentCommand.java:0)
Class <com.academia.domain.ports.in.dtos.EnrollmentResultDTO> extends class <java.lang.Record> in (EnrollmentResultDTO.java:0)
Class <com.academia.domain.ports.in.dtos.StudentDetailsDTO$GuardianDTO> extends class <java.lang.Record> in (StudentDetailsDTO.java:0)
Class <com.academia.domain.ports.in.dtos.StudentDetailsDTO> extends class <java.lang.Record> in (StudentDetailsDTO.java:0)
Class <com.academia.domain.ports.in.queries.GetStudentDetailsQuery> extends class <java.lang.Record> in (GetStudentDetailsQuery.java:0)
Class <com.academia.infrastructure.config.DomainServiceConfig> extends class <java.lang.Object> in (DomainServiceConfig.java:0)
Class <com.academia.infrastructure.config.DomainServiceConfig> is annotated with <org.springframework.context.annotation.Configuration> in (DomainServiceConfig.java:0)
Class <com.academia.infrastructure.config.OpenApiConfig> extends class <java.lang.Object> in (OpenApiConfig.java:0)
Class <com.academia.infrastructure.config.OpenApiConfig> is annotated with <org.springframework.context.annotation.Configuration> in (OpenApiConfig.java:0)
Class <com.academia.infrastructure.events.SpringDomainEventPublisher> extends class <java.lang.Object> in (SpringDomainEventPublisher.java:0)
Class <com.academia.infrastructure.events.SpringDomainEventPublisher> is annotated with <org.springframework.stereotype.Component> in (SpringDomainEventPublisher.java:0)
Class <com.academia.infrastructure.persistence.adapters.JpaCourseRepositoryAdapter> extends class <java.lang.Object> in (JpaCourseRepositoryAdapter.java:0)
Class <com.academia.infrastructure.persistence.adapters.JpaCourseRepositoryAdapter> is annotated with <org.springframework.stereotype.Repository> in (JpaCourseRepositoryAdapter.java:0)
Class <com.academia.infrastructure.persistence.adapters.JpaOrganizationRepositoryAdapter> extends class <java.lang.Object> in (JpaOrganizationRepositoryAdapter.java:0)
Class <com.academia.infrastructure.persistence.adapters.JpaOrganizationRepositoryAdapter> is annotated with <org.springframework.stereotype.Repository> in (JpaOrganizationRepositoryAdapter.java:0)
Class <com.academia.infrastructure.persistence.adapters.JpaStudentRepositoryAdapter> extends class <java.lang.Object> in (JpaStudentRepositoryAdapter.java:0)
Class <com.academia.infrastructure.persistence.adapters.JpaStudentRepositoryAdapter> is annotated with <org.springframework.stereotype.Repository> in (JpaStudentRepositoryAdapter.java:0)
Class <com.academia.infrastructure.persistence.adapters.JpaUserAccountRepositoryAdapter> extends class <java.lang.Object> in (JpaUserAccountRepositoryAdapter.java:0)
Class <com.academia.infrastructure.persistence.adapters.JpaUserAccountRepositoryAdapter> is annotated with <org.springframework.stereotype.Repository> in (JpaUserAccountRepositoryAdapter.java:0)
Class <com.academia.infrastructure.persistence.jpa.entities.OrganizationJpaEntity> extends class <java.lang.Object> in (OrganizationJpaEntity.java:0)
Class <com.academia.infrastructure.persistence.jpa.entities.OrganizationJpaEntity> is annotated with <jakarta.persistence.Entity> in (OrganizationJpaEntity.java:0)
Class <com.academia.infrastructure.persistence.jpa.entities.OrganizationJpaEntity> is annotated with <jakarta.persistence.Table> in (OrganizationJpaEntity.java:0)
Class <com.academia.infrastructure.persistence.jpa.entities.StudentProfileJpaEntity> extends class <java.lang.Object> in (StudentProfileJpaEntity.java:0)
Class <com.academia.infrastructure.persistence.jpa.entities.StudentProfileJpaEntity> is annotated with <jakarta.persistence.Entity> in (StudentProfileJpaEntity.java:0)
Class <com.academia.infrastructure.persistence.jpa.entities.StudentProfileJpaEntity> is annotated with <jakarta.persistence.Table> in (StudentProfileJpaEntity.java:0)
Class <com.academia.infrastructure.persistence.jpa.entities.UserJpaEntity> extends class <java.lang.Object> in (UserJpaEntity.java:0)
Class <com.academia.infrastructure.persistence.jpa.entities.UserJpaEntity> is annotated with <jakarta.persistence.Entity> in (UserJpaEntity.java:0)
Class <com.academia.infrastructure.persistence.jpa.entities.UserJpaEntity> is annotated with <jakarta.persistence.Table> in (UserJpaEntity.java:0)
Class <com.academia.infrastructure.persistence.jpa.mappers.OrganizationMapper> has annotation member of type <java.lang.IllegalArgumentException> in (OrganizationMapper.java:0)
Class <com.academia.infrastructure.persistence.jpa.mappers.OrganizationMapper> has annotation member of type <org.mapstruct.Builder> in (OrganizationMapper.java:0)
Class <com.academia.infrastructure.persistence.jpa.mappers.OrganizationMapper> has annotation member of type <org.mapstruct.CollectionMappingStrategy> in (OrganizationMapper.java:0)
Class <com.academia.infrastructure.persistence.jpa.mappers.OrganizationMapper> has annotation member of type <org.mapstruct.InjectionStrategy> in (OrganizationMapper.java:0)
Class <com.academia.infrastructure.persistence.jpa.mappers.OrganizationMapper> has annotation member of type <org.mapstruct.MappingInheritanceStrategy> in (OrganizationMapper.java:0)
Class <com.academia.infrastructure.persistence.jpa.mappers.OrganizationMapper> has annotation member of type <org.mapstruct.NullValueCheckStrategy> in (OrganizationMapper.java:0)
Class <com.academia.infrastructure.persistence.jpa.mappers.OrganizationMapper> has annotation member of type <org.mapstruct.NullValueMappingStrategy> in (OrganizationMapper.java:0)
Class <com.academia.infrastructure.persistence.jpa.mappers.OrganizationMapper> has annotation member of type <org.mapstruct.NullValuePropertyMappingStrategy> in (OrganizationMapper.java:0)
Class <com.academia.infrastructure.persistence.jpa.mappers.OrganizationMapper> has annotation member of type <org.mapstruct.ReportingPolicy> in (OrganizationMapper.java:0)
Class <com.academia.infrastructure.persistence.jpa.mappers.OrganizationMapper> has annotation member of type <org.mapstruct.SubclassExhaustiveStrategy> in (OrganizationMapper.java:0)
Class <com.academia.infrastructure.persistence.jpa.mappers.OrganizationMapper> has annotation member of type <org.mapstruct.control.MappingControl> in (OrganizationMapper.java:0)
Class <com.academia.infrastructure.persistence.jpa.mappers.OrganizationMapper> is annotated with <org.mapstruct.Mapper> in (OrganizationMapper.java:0)
Class <com.academia.infrastructure.persistence.jpa.mappers.OrganizationMapperImpl> extends class <java.lang.Object> in (OrganizationMapperImpl.java:0)
Class <com.academia.infrastructure.persistence.jpa.mappers.OrganizationMapperImpl> is annotated with <org.springframework.stereotype.Component> in (OrganizationMapperImpl.java:0)
Class <com.academia.infrastructure.persistence.jpa.mappers.StudentMapper> has annotation member of type <java.lang.IllegalArgumentException> in (StudentMapper.java:0)
Class <com.academia.infrastructure.persistence.jpa.mappers.StudentMapper> has annotation member of type <org.mapstruct.Builder> in (StudentMapper.java:0)
Class <com.academia.infrastructure.persistence.jpa.mappers.StudentMapper> has annotation member of type <org.mapstruct.CollectionMappingStrategy> in (StudentMapper.java:0)
Class <com.academia.infrastructure.persistence.jpa.mappers.StudentMapper> has annotation member of type <org.mapstruct.InjectionStrategy> in (StudentMapper.java:0)
Class <com.academia.infrastructure.persistence.jpa.mappers.StudentMapper> has annotation member of type <org.mapstruct.MappingInheritanceStrategy> in (StudentMapper.java:0)
Class <com.academia.infrastructure.persistence.jpa.mappers.StudentMapper> has annotation member of type <org.mapstruct.NullValueCheckStrategy> in (StudentMapper.java:0)
Class <com.academia.infrastructure.persistence.jpa.mappers.StudentMapper> has annotation member of type <org.mapstruct.NullValueMappingStrategy> in (StudentMapper.java:0)
Class <com.academia.infrastructure.persistence.jpa.mappers.StudentMapper> has annotation member of type <org.mapstruct.NullValuePropertyMappingStrategy> in (StudentMapper.java:0)
Class <com.academia.infrastructure.persistence.jpa.mappers.StudentMapper> has annotation member of type <org.mapstruct.ReportingPolicy> in (StudentMapper.java:0)
Class <com.academia.infrastructure.persistence.jpa.mappers.StudentMapper> has annotation member of type <org.mapstruct.SubclassExhaustiveStrategy> in (StudentMapper.java:0)
Class <com.academia.infrastructure.persistence.jpa.mappers.StudentMapper> has annotation member of type <org.mapstruct.control.MappingControl> in (StudentMapper.java:0)
Class <com.academia.infrastructure.persistence.jpa.mappers.StudentMapper> is annotated with <org.mapstruct.Mapper> in (StudentMapper.java:0)
Class <com.academia.infrastructure.persistence.jpa.mappers.StudentMapperImpl> extends class <java.lang.Object> in (StudentMapperImpl.java:0)
Class <com.academia.infrastructure.persistence.jpa.mappers.StudentMapperImpl> is annotated with <org.springframework.stereotype.Component> in (StudentMapperImpl.java:0)
Class <com.academia.infrastructure.persistence.jpa.mappers.UserAccountMapper> has annotation member of type <java.lang.IllegalArgumentException> in (UserAccountMapper.java:0)
Class <com.academia.infrastructure.persistence.jpa.mappers.UserAccountMapper> has annotation member of type <org.mapstruct.Builder> in (UserAccountMapper.java:0)
Class <com.academia.infrastructure.persistence.jpa.mappers.UserAccountMapper> has annotation member of type <org.mapstruct.CollectionMappingStrategy> in (UserAccountMapper.java:0)
Class <com.academia.infrastructure.persistence.jpa.mappers.UserAccountMapper> has annotation member of type <org.mapstruct.InjectionStrategy> in (UserAccountMapper.java:0)
Class <com.academia.infrastructure.persistence.jpa.mappers.UserAccountMapper> has annotation member of type <org.mapstruct.MappingInheritanceStrategy> in (UserAccountMapper.java:0)
Class <com.academia.infrastructure.persistence.jpa.mappers.UserAccountMapper> has annotation member of type <org.mapstruct.NullValueCheckStrategy> in (UserAccountMapper.java:0)
Class <com.academia.infrastructure.persistence.jpa.mappers.UserAccountMapper> has annotation member of type <org.mapstruct.NullValueMappingStrategy> in (UserAccountMapper.java:0)
Class <com.academia.infrastructure.persistence.jpa.mappers.UserAccountMapper> has annotation member of type <org.mapstruct.NullValuePropertyMappingStrategy> in (UserAccountMapper.java:0)
Class <com.academia.infrastructure.persistence.jpa.mappers.UserAccountMapper> has annotation member of type <org.mapstruct.ReportingPolicy> in (UserAccountMapper.java:0)
Class <com.academia.infrastructure.persistence.jpa.mappers.UserAccountMapper> has annotation member of type <org.mapstruct.SubclassExhaustiveStrategy> in (UserAccountMapper.java:0)
Class <com.academia.infrastructure.persistence.jpa.mappers.UserAccountMapper> has annotation member of type <org.mapstruct.control.MappingControl> in (UserAccountMapper.java:0)
Class <com.academia.infrastructure.persistence.jpa.mappers.UserAccountMapper> is annotated with <org.mapstruct.Mapper> in (UserAccountMapper.java:0)
Class <com.academia.infrastructure.persistence.jpa.mappers.UserAccountMapperImpl> extends class <java.lang.Object> in (UserAccountMapperImpl.java:0)
Class <com.academia.infrastructure.persistence.jpa.mappers.UserAccountMapperImpl> is annotated with <org.springframework.stereotype.Component> in (UserAccountMapperImpl.java:0)
Class <com.academia.infrastructure.persistence.jpa.repositories.SpringOrganizationRepository> has generic interface <org.springframework.data.jpa.repository.JpaRepository<com.academia.infrastructure.persistence.jpa.entities.OrganizationJpaEntity, java.lang.Long>> with type argument depending on <java.lang.Long> in (SpringOrganizationRepository.java:0)
Class <com.academia.infrastructure.persistence.jpa.repositories.SpringStudentProfileRepository> has generic interface <org.springframework.data.jpa.repository.JpaRepository<com.academia.infrastructure.persistence.jpa.entities.StudentProfileJpaEntity, java.lang.Long>> with type argument depending on <java.lang.Long> in (SpringStudentProfileRepository.java:0)
Class <com.academia.infrastructure.persistence.jpa.repositories.SpringUserRepository> has generic interface <org.springframework.data.jpa.repository.JpaRepository<com.academia.infrastructure.persistence.jpa.entities.UserJpaEntity, java.lang.Long>> with type argument depending on <java.lang.Long> in (SpringUserRepository.java:0)
Class <com.academia.infrastructure.web.controllers.CourseController> extends class <java.lang.Object> in (CourseController.java:0)
Class <com.academia.infrastructure.web.controllers.CourseController> is annotated with <org.springframework.web.bind.annotation.RequestMapping> in (CourseController.java:0)
Class <com.academia.infrastructure.web.controllers.CourseController> is annotated with <org.springframework.web.bind.annotation.RestController> in (CourseController.java:0)
Class <com.academia.infrastructure.web.controllers.StudentController> extends class <java.lang.Object> in (StudentController.java:0)
Class <com.academia.infrastructure.web.controllers.StudentController> is annotated with <org.springframework.web.bind.annotation.RequestMapping> in (StudentController.java:0)
Class <com.academia.infrastructure.web.controllers.StudentController> is annotated with <org.springframework.web.bind.annotation.RestController> in (StudentController.java:0)
Class <com.academia.infrastructure.web.mappers.EnrollStudentRequestMapper> has annotation member of type <java.lang.IllegalArgumentException> in (EnrollStudentRequestMapper.java:0)
Class <com.academia.infrastructure.web.mappers.EnrollStudentRequestMapper> has annotation member of type <org.mapstruct.Builder> in (EnrollStudentRequestMapper.java:0)
Class <com.academia.infrastructure.web.mappers.EnrollStudentRequestMapper> has annotation member of type <org.mapstruct.CollectionMappingStrategy> in (EnrollStudentRequestMapper.java:0)
Class <com.academia.infrastructure.web.mappers.EnrollStudentRequestMapper> has annotation member of type <org.mapstruct.InjectionStrategy> in (EnrollStudentRequestMapper.java:0)
Class <com.academia.infrastructure.web.mappers.EnrollStudentRequestMapper> has annotation member of type <org.mapstruct.MappingInheritanceStrategy> in (EnrollStudentRequestMapper.java:0)
Class <com.academia.infrastructure.web.mappers.EnrollStudentRequestMapper> has annotation member of type <org.mapstruct.NullValueCheckStrategy> in (EnrollStudentRequestMapper.java:0)
Class <com.academia.infrastructure.web.mappers.EnrollStudentRequestMapper> has annotation member of type <org.mapstruct.NullValueMappingStrategy> in (EnrollStudentRequestMapper.java:0)
Class <com.academia.infrastructure.web.mappers.EnrollStudentRequestMapper> has annotation member of type <org.mapstruct.NullValuePropertyMappingStrategy> in (EnrollStudentRequestMapper.java:0)
Class <com.academia.infrastructure.web.mappers.EnrollStudentRequestMapper> has annotation member of type <org.mapstruct.ReportingPolicy> in (EnrollStudentRequestMapper.java:0)
Class <com.academia.infrastructure.web.mappers.EnrollStudentRequestMapper> has annotation member of type <org.mapstruct.SubclassExhaustiveStrategy> in (EnrollStudentRequestMapper.java:0)
Class <com.academia.infrastructure.web.mappers.EnrollStudentRequestMapper> has annotation member of type <org.mapstruct.control.MappingControl> in (EnrollStudentRequestMapper.java:0)
Class <com.academia.infrastructure.web.mappers.EnrollStudentRequestMapper> is annotated with <org.mapstruct.Mapper> in (EnrollStudentRequestMapper.java:0)
Class <com.academia.infrastructure.web.mappers.EnrollStudentRequestMapperImpl> extends class <java.lang.Object> in (EnrollStudentRequestMapperImpl.java:0)
Class <com.academia.infrastructure.web.mappers.EnrollStudentRequestMapperImpl> is annotated with <org.springframework.stereotype.Component> in (EnrollStudentRequestMapperImpl.java:0)
Class <com.academia.infrastructure.web.mappers.RegisterStudentRequestMapper> has annotation member of type <java.lang.IllegalArgumentException> in (RegisterStudentRequestMapper.java:0)
Class <com.academia.infrastructure.web.mappers.RegisterStudentRequestMapper> has annotation member of type <org.mapstruct.Builder> in (RegisterStudentRequestMapper.java:0)
Class <com.academia.infrastructure.web.mappers.RegisterStudentRequestMapper> has annotation member of type <org.mapstruct.CollectionMappingStrategy> in (RegisterStudentRequestMapper.java:0)
Class <com.academia.infrastructure.web.mappers.RegisterStudentRequestMapper> has annotation member of type <org.mapstruct.InjectionStrategy> in (RegisterStudentRequestMapper.java:0)
Class <com.academia.infrastructure.web.mappers.RegisterStudentRequestMapper> has annotation member of type <org.mapstruct.MappingInheritanceStrategy> in (RegisterStudentRequestMapper.java:0)
Class <com.academia.infrastructure.web.mappers.RegisterStudentRequestMapper> has annotation member of type <org.mapstruct.NullValueCheckStrategy> in (RegisterStudentRequestMapper.java:0)
Class <com.academia.infrastructure.web.mappers.RegisterStudentRequestMapper> has annotation member of type <org.mapstruct.NullValueMappingStrategy> in (RegisterStudentRequestMapper.java:0)
Class <com.academia.infrastructure.web.mappers.RegisterStudentRequestMapper> has annotation member of type <org.mapstruct.NullValuePropertyMappingStrategy> in (RegisterStudentRequestMapper.java:0)
Class <com.academia.infrastructure.web.mappers.RegisterStudentRequestMapper> has annotation member of type <org.mapstruct.ReportingPolicy> in (RegisterStudentRequestMapper.java:0)
Class <com.academia.infrastructure.web.mappers.RegisterStudentRequestMapper> has annotation member of type <org.mapstruct.SubclassExhaustiveStrategy> in (RegisterStudentRequestMapper.java:0)
Class <com.academia.infrastructure.web.mappers.RegisterStudentRequestMapper> has annotation member of type <org.mapstruct.control.MappingControl> in (RegisterStudentRequestMapper.java:0)
Class <com.academia.infrastructure.web.mappers.RegisterStudentRequestMapper> is annotated with <org.mapstruct.Mapper> in (RegisterStudentRequestMapper.java:0)
Class <com.academia.infrastructure.web.mappers.RegisterStudentRequestMapperImpl> extends class <java.lang.Object> in (RegisterStudentRequestMapperImpl.java:0)
Class <com.academia.infrastructure.web.mappers.RegisterStudentRequestMapperImpl> is annotated with <org.springframework.stereotype.Component> in (RegisterStudentRequestMapperImpl.java:0)
Class <com.academia.infrastructure.web.requests.EnrollStudentInCourseRequest> extends class <java.lang.Record> in (EnrollStudentInCourseRequest.java:0)
Class <com.academia.infrastructure.web.requests.RegisterStudentRequest> extends class <java.lang.Record> in (RegisterStudentRequest.java:0)
Constructor <com.academia.application.exceptions.ResourceNotFoundException.<init>(java.lang.String)> calls constructor <java.lang.RuntimeException.<init>(java.lang.String)> in (ResourceNotFoundException.java:9)
Constructor <com.academia.application.exceptions.ResourceNotFoundException.<init>(java.lang.String)> has parameter of type <java.lang.String> in (ResourceNotFoundException.java:0)
Constructor <com.academia.application.mappers.StudentDTOMapperImpl.<init>()> calls constructor <java.lang.Object.<init>()> in (StudentDTOMapperImpl.java:21)
Constructor <com.academia.application.services.EnrollStudentInCourseServiceImpl.<init>(com.academia.domain.ports.out.StudentRepository, com.academia.domain.ports.out.CourseRepository, com.academia.domain.ports.out.DomainEventPublisher, com.academia.domain.model.services.EnrollmentEligibilityChecker)> calls constructor <java.lang.Object.<init>()> in (EnrollStudentInCourseServiceImpl.java:21)
Constructor <com.academia.application.services.EnrollStudentInCourseServiceImpl.<init>(com.academia.domain.ports.out.StudentRepository, com.academia.domain.ports.out.CourseRepository, com.academia.domain.ports.out.DomainEventPublisher, com.academia.domain.model.services.EnrollmentEligibilityChecker)> is annotated with <lombok.Generated> in (EnrollStudentInCourseServiceImpl.java:0)
Constructor <com.academia.application.services.FindStudentDetailsServiceImpl.<init>(com.academia.domain.ports.out.UserAccountRepository, com.academia.domain.ports.out.StudentRepository, com.academia.application.mappers.StudentDTOMapper)> calls constructor <java.lang.Object.<init>()> in (FindStudentDetailsServiceImpl.java:18)
Constructor <com.academia.application.services.FindStudentDetailsServiceImpl.<init>(com.academia.domain.ports.out.UserAccountRepository, com.academia.domain.ports.out.StudentRepository, com.academia.application.mappers.StudentDTOMapper)> is annotated with <lombok.Generated> in (FindStudentDetailsServiceImpl.java:0)
Constructor <com.academia.application.services.RegisterNewStudentServiceImpl.<init>(com.academia.domain.ports.out.OrganizationRepository, com.academia.domain.ports.out.UserAccountRepository, com.academia.domain.ports.out.StudentRepository, com.academia.domain.ports.out.DomainEventPublisher, com.academia.application.mappers.StudentDTOMapper)> calls constructor <java.lang.Object.<init>()> in (RegisterNewStudentServiceImpl.java:25)
Constructor <com.academia.application.services.RegisterNewStudentServiceImpl.<init>(com.academia.domain.ports.out.OrganizationRepository, com.academia.domain.ports.out.UserAccountRepository, com.academia.domain.ports.out.StudentRepository, com.academia.domain.ports.out.DomainEventPublisher, com.academia.application.mappers.StudentDTOMapper)> is annotated with <lombok.Generated> in (RegisterNewStudentServiceImpl.java:0)
Constructor <com.academia.domain.model.aggregates.Course.<init>(com.academia.domain.model.valueobjects.ids.CourseId, com.academia.domain.model.entities.Subject, com.academia.domain.model.entities.AcademicTerm)> calls constructor <java.lang.Object.<init>()> in (Course.java:28)
Constructor <com.academia.domain.model.aggregates.Course.<init>(com.academia.domain.model.valueobjects.ids.CourseId, com.academia.domain.model.entities.Subject, com.academia.domain.model.entities.AcademicTerm)> calls constructor <java.util.ArrayList.<init>()> in (Course.java:26)
Constructor <com.academia.domain.model.aggregates.Course.<init>(com.academia.domain.model.valueobjects.ids.CourseId, com.academia.domain.model.entities.Subject, com.academia.domain.model.entities.AcademicTerm)> calls constructor <java.util.HashSet.<init>()> in (Course.java:32)
Constructor <com.academia.domain.model.aggregates.Organization.<init>(com.academia.domain.model.valueobjects.ids.OrganizationId, java.lang.String, int)> calls constructor <java.lang.Object.<init>()> in (Organization.java:18)
Constructor <com.academia.domain.model.aggregates.Organization.<init>(com.academia.domain.model.valueobjects.ids.OrganizationId, java.lang.String, int)> calls constructor <java.util.HashSet.<init>()> in (Organization.java:23)
Constructor <com.academia.domain.model.aggregates.Organization.<init>(com.academia.domain.model.valueobjects.ids.OrganizationId, java.lang.String, int)> has parameter of type <java.lang.String> in (Organization.java:0)
Constructor <com.academia.domain.model.aggregates.UserAccount.<init>(com.academia.domain.model.entities.User)> calls constructor <java.lang.Object.<init>()> in (UserAccount.java:17)
Constructor <com.academia.domain.model.aggregates.UserAccount.<init>(com.academia.domain.model.entities.User)> calls constructor <java.util.ArrayList.<init>()> in (UserAccount.java:15)
Constructor <com.academia.domain.model.entities.AcademicTerm.<init>(java.lang.Long, com.academia.domain.model.valueobjects.ids.OrganizationId, java.lang.String, java.time.LocalDate, java.time.LocalDate)> calls constructor <java.lang.Object.<init>()> in (AcademicTerm.java:12)
Constructor <com.academia.domain.model.entities.AcademicTerm.<init>(java.lang.Long, com.academia.domain.model.valueobjects.ids.OrganizationId, java.lang.String, java.time.LocalDate, java.time.LocalDate)> has parameter of type <java.lang.Long> in (AcademicTerm.java:0)
Constructor <com.academia.domain.model.entities.AcademicTerm.<init>(java.lang.Long, com.academia.domain.model.valueobjects.ids.OrganizationId, java.lang.String, java.time.LocalDate, java.time.LocalDate)> has parameter of type <java.lang.String> in (AcademicTerm.java:0)
Constructor <com.academia.domain.model.entities.AcademicTerm.<init>(java.lang.Long, com.academia.domain.model.valueobjects.ids.OrganizationId, java.lang.String, java.time.LocalDate, java.time.LocalDate)> has parameter of type <java.time.LocalDate> in (AcademicTerm.java:0)
Constructor <com.academia.domain.model.entities.Enrollment.<init>(java.lang.Long, com.academia.domain.model.valueobjects.ids.AccountId, com.academia.domain.model.valueobjects.ids.CourseId)> calls constructor <java.lang.Object.<init>()> in (Enrollment.java:18)
Constructor <com.academia.domain.model.entities.Enrollment.<init>(java.lang.Long, com.academia.domain.model.valueobjects.ids.AccountId, com.academia.domain.model.valueobjects.ids.CourseId)> calls method <java.time.LocalDateTime.now()> in (Enrollment.java:23)
Constructor <com.academia.domain.model.entities.Enrollment.<init>(java.lang.Long, com.academia.domain.model.valueobjects.ids.AccountId, com.academia.domain.model.valueobjects.ids.CourseId)> has parameter of type <java.lang.Long> in (Enrollment.java:0)
Constructor <com.academia.domain.model.entities.Guardian.<init>(com.academia.domain.model.valueobjects.ids.AccountId)> calls constructor <java.lang.Object.<init>()> in (Guardian.java:7)
Constructor <com.academia.domain.model.entities.Role.<init>(java.lang.Integer, java.lang.String, com.academia.domain.model.enums.RoleScope, java.util.Set)> calls constructor <java.lang.Object.<init>()> in (Role.java:17)
Constructor <com.academia.domain.model.entities.Role.<init>(java.lang.Integer, java.lang.String, com.academia.domain.model.enums.RoleScope, java.util.Set)> calls constructor <java.util.HashSet.<init>(java.util.Collection)> in (Role.java:21)
Constructor <com.academia.domain.model.entities.Role.<init>(java.lang.Integer, java.lang.String, com.academia.domain.model.enums.RoleScope, java.util.Set)> has generic parameter type <java.util.Set<java.lang.String>> with type argument depending on <java.lang.String> in (Role.java:0)
Constructor <com.academia.domain.model.entities.Role.<init>(java.lang.Integer, java.lang.String, com.academia.domain.model.enums.RoleScope, java.util.Set)> has generic parameter type <java.util.Set<java.lang.String>> with type argument depending on <java.util.Set> in (Role.java:0)
Constructor <com.academia.domain.model.entities.Role.<init>(java.lang.Integer, java.lang.String, com.academia.domain.model.enums.RoleScope, java.util.Set)> has parameter of type <java.lang.Integer> in (Role.java:0)
Constructor <com.academia.domain.model.entities.Role.<init>(java.lang.Integer, java.lang.String, com.academia.domain.model.enums.RoleScope, java.util.Set)> has parameter of type <java.lang.String> in (Role.java:0)
Constructor <com.academia.domain.model.entities.Role.<init>(java.lang.Integer, java.lang.String, com.academia.domain.model.enums.RoleScope, java.util.Set)> has parameter of type <java.util.Set> in (Role.java:0)
Constructor <com.academia.domain.model.entities.Staff.<init>(com.academia.domain.model.valueobjects.ids.AccountId, java.lang.String)> calls constructor <java.lang.Object.<init>()> in (Staff.java:8)
Constructor <com.academia.domain.model.entities.Staff.<init>(com.academia.domain.model.valueobjects.ids.AccountId, java.lang.String)> has parameter of type <java.lang.String> in (Staff.java:0)
Constructor <com.academia.domain.model.entities.Student.<init>(com.academia.domain.model.valueobjects.ids.AccountId, com.academia.domain.model.valueobjects.ids.OrganizationId, java.lang.String, java.time.LocalDate)> calls constructor <java.lang.Object.<init>()> in (Student.java:20)
Constructor <com.academia.domain.model.entities.Student.<init>(com.academia.domain.model.valueobjects.ids.AccountId, com.academia.domain.model.valueobjects.ids.OrganizationId, java.lang.String, java.time.LocalDate)> calls constructor <java.util.HashSet.<init>()> in (Student.java:25)
Constructor <com.academia.domain.model.entities.Student.<init>(com.academia.domain.model.valueobjects.ids.AccountId, com.academia.domain.model.valueobjects.ids.OrganizationId, java.lang.String, java.time.LocalDate)> has parameter of type <java.lang.String> in (Student.java:0)
Constructor <com.academia.domain.model.entities.Student.<init>(com.academia.domain.model.valueobjects.ids.AccountId, com.academia.domain.model.valueobjects.ids.OrganizationId, java.lang.String, java.time.LocalDate)> has parameter of type <java.time.LocalDate> in (Student.java:0)
Constructor <com.academia.domain.model.entities.Subject.<init>(java.lang.Long, com.academia.domain.model.valueobjects.ids.OrganizationId, java.lang.String, java.lang.String)> calls constructor <java.lang.Object.<init>()> in (Subject.java:10)
Constructor <com.academia.domain.model.entities.Subject.<init>(java.lang.Long, com.academia.domain.model.valueobjects.ids.OrganizationId, java.lang.String, java.lang.String)> has parameter of type <java.lang.Long> in (Subject.java:0)
Constructor <com.academia.domain.model.entities.Subject.<init>(java.lang.Long, com.academia.domain.model.valueobjects.ids.OrganizationId, java.lang.String, java.lang.String)> has parameter of type <java.lang.String> in (Subject.java:0)
Constructor <com.academia.domain.model.entities.User.<init>(com.academia.domain.model.valueobjects.ids.AccountId, com.academia.domain.model.valueobjects.ids.OrganizationId, com.academia.domain.model.valueobjects.user.Name, com.academia.domain.model.valueobjects.user.Email, java.time.LocalDate, java.lang.String, com.academia.domain.model.enums.AccountStatus)> calls constructor <java.lang.Object.<init>()> in (User.java:31)
Constructor <com.academia.domain.model.entities.User.<init>(com.academia.domain.model.valueobjects.ids.AccountId, com.academia.domain.model.valueobjects.ids.OrganizationId, com.academia.domain.model.valueobjects.user.Name, com.academia.domain.model.valueobjects.user.Email, java.time.LocalDate, java.lang.String, com.academia.domain.model.enums.AccountStatus)> calls constructor <java.util.HashSet.<init>()> in (User.java:39)
Constructor <com.academia.domain.model.entities.User.<init>(com.academia.domain.model.valueobjects.ids.AccountId, com.academia.domain.model.valueobjects.ids.OrganizationId, com.academia.domain.model.valueobjects.user.Name, com.academia.domain.model.valueobjects.user.Email, java.time.LocalDate, java.lang.String, com.academia.domain.model.enums.AccountStatus)> calls method <java.time.LocalDateTime.now()> in (User.java:40)
Constructor <com.academia.domain.model.entities.User.<init>(com.academia.domain.model.valueobjects.ids.AccountId, com.academia.domain.model.valueobjects.ids.OrganizationId, com.academia.domain.model.valueobjects.user.Name, com.academia.domain.model.valueobjects.user.Email, java.time.LocalDate, java.lang.String, com.academia.domain.model.enums.AccountStatus)> calls method <java.time.LocalDateTime.now()> in (User.java:41)
Constructor <com.academia.domain.model.entities.User.<init>(com.academia.domain.model.valueobjects.ids.AccountId, com.academia.domain.model.valueobjects.ids.OrganizationId, com.academia.domain.model.valueobjects.user.Name, com.academia.domain.model.valueobjects.user.Email, java.time.LocalDate, java.lang.String, com.academia.domain.model.enums.AccountStatus)> has parameter of type <java.lang.String> in (User.java:0)
Constructor <com.academia.domain.model.entities.User.<init>(com.academia.domain.model.valueobjects.ids.AccountId, com.academia.domain.model.valueobjects.ids.OrganizationId, com.academia.domain.model.valueobjects.user.Name, com.academia.domain.model.valueobjects.user.Email, java.time.LocalDate, java.lang.String, com.academia.domain.model.enums.AccountStatus)> has parameter of type <java.time.LocalDate> in (User.java:0)
Constructor <com.academia.domain.model.enums.AccountStatus.<init>(java.lang.String, int)> calls constructor <java.lang.Enum.<init>(java.lang.String, int)> in (AccountStatus.java:7)
Constructor <com.academia.domain.model.enums.AccountStatus.<init>(java.lang.String, int)> has parameter of type <java.lang.String> in (AccountStatus.java:0)
Constructor <com.academia.domain.model.enums.AttendanceStatus.<init>(java.lang.String, int)> calls constructor <java.lang.Enum.<init>(java.lang.String, int)> in (AttendanceStatus.java:3)
Constructor <com.academia.domain.model.enums.AttendanceStatus.<init>(java.lang.String, int)> has parameter of type <java.lang.String> in (AttendanceStatus.java:0)
Constructor <com.academia.domain.model.enums.EnrollmentStatus.<init>(java.lang.String, int)> calls constructor <java.lang.Enum.<init>(java.lang.String, int)> in (EnrollmentStatus.java:3)
Constructor <com.academia.domain.model.enums.EnrollmentStatus.<init>(java.lang.String, int)> has parameter of type <java.lang.String> in (EnrollmentStatus.java:0)
Constructor <com.academia.domain.model.enums.RoleScope.<init>(java.lang.String, int)> calls constructor <java.lang.Enum.<init>(java.lang.String, int)> in (RoleScope.java:6)
Constructor <com.academia.domain.model.enums.RoleScope.<init>(java.lang.String, int)> has parameter of type <java.lang.String> in (RoleScope.java:0)
Constructor <com.academia.domain.model.events.CourseEvents$StudentEnrolledInCourse.<init>(com.academia.domain.model.valueobjects.ids.AccountId, com.academia.domain.model.valueobjects.ids.CourseId)> calls method <java.time.Instant.now()> in (CourseEvents.java:25)
Constructor <com.academia.domain.model.events.CourseEvents$StudentEnrolledInCourse.<init>(com.academia.domain.model.valueobjects.ids.AccountId, com.academia.domain.model.valueobjects.ids.CourseId)> calls method <java.util.UUID.randomUUID()> in (CourseEvents.java:25)
Constructor <com.academia.domain.model.events.CourseEvents$StudentEnrolledInCourse.<init>(java.util.UUID, java.time.Instant, com.academia.domain.model.valueobjects.ids.AccountId, com.academia.domain.model.valueobjects.ids.CourseId)> calls constructor <java.lang.Record.<init>()> in (CourseEvents.java:23)
Constructor <com.academia.domain.model.events.CourseEvents$StudentEnrolledInCourse.<init>(java.util.UUID, java.time.Instant, com.academia.domain.model.valueobjects.ids.AccountId, com.academia.domain.model.valueobjects.ids.CourseId)> has parameter of type <java.time.Instant> in (CourseEvents.java:0)
Constructor <com.academia.domain.model.events.CourseEvents$StudentEnrolledInCourse.<init>(java.util.UUID, java.time.Instant, com.academia.domain.model.valueobjects.ids.AccountId, com.academia.domain.model.valueobjects.ids.CourseId)> has parameter of type <java.util.UUID> in (CourseEvents.java:0)
Constructor <com.academia.domain.model.events.CourseEvents$TeacherAssignedToCourse.<init>(com.academia.domain.model.valueobjects.ids.CourseId, com.academia.domain.model.valueobjects.ids.AccountId)> calls method <java.time.Instant.now()> in (CourseEvents.java:10)
Constructor <com.academia.domain.model.events.CourseEvents$TeacherAssignedToCourse.<init>(com.academia.domain.model.valueobjects.ids.CourseId, com.academia.domain.model.valueobjects.ids.AccountId)> calls method <java.util.UUID.randomUUID()> in (CourseEvents.java:10)
Constructor <com.academia.domain.model.events.CourseEvents$TeacherAssignedToCourse.<init>(java.util.UUID, java.time.Instant, com.academia.domain.model.valueobjects.ids.CourseId, com.academia.domain.model.valueobjects.ids.AccountId)> calls constructor <java.lang.Record.<init>()> in (CourseEvents.java:8)
Constructor <com.academia.domain.model.events.CourseEvents$TeacherAssignedToCourse.<init>(java.util.UUID, java.time.Instant, com.academia.domain.model.valueobjects.ids.CourseId, com.academia.domain.model.valueobjects.ids.AccountId)> has parameter of type <java.time.Instant> in (CourseEvents.java:0)
Constructor <com.academia.domain.model.events.CourseEvents$TeacherAssignedToCourse.<init>(java.util.UUID, java.time.Instant, com.academia.domain.model.valueobjects.ids.CourseId, com.academia.domain.model.valueobjects.ids.AccountId)> has parameter of type <java.util.UUID> in (CourseEvents.java:0)
Constructor <com.academia.domain.model.events.CourseEvents.<init>()> calls constructor <java.lang.Object.<init>()> in (CourseEvents.java:7)
Constructor <com.academia.domain.model.events.UserAccountEvents$AccountActivated.<init>(com.academia.domain.model.valueobjects.ids.AccountId)> calls method <java.time.Instant.now()> in (UserAccountEvents.java:25)
Constructor <com.academia.domain.model.events.UserAccountEvents$AccountActivated.<init>(com.academia.domain.model.valueobjects.ids.AccountId)> calls method <java.util.UUID.randomUUID()> in (UserAccountEvents.java:25)
Constructor <com.academia.domain.model.events.UserAccountEvents$AccountActivated.<init>(java.util.UUID, java.time.Instant, com.academia.domain.model.valueobjects.ids.AccountId)> calls constructor <java.lang.Record.<init>()> in (UserAccountEvents.java:23)
Constructor <com.academia.domain.model.events.UserAccountEvents$AccountActivated.<init>(java.util.UUID, java.time.Instant, com.academia.domain.model.valueobjects.ids.AccountId)> has parameter of type <java.time.Instant> in (UserAccountEvents.java:0)
Constructor <com.academia.domain.model.events.UserAccountEvents$AccountActivated.<init>(java.util.UUID, java.time.Instant, com.academia.domain.model.valueobjects.ids.AccountId)> has parameter of type <java.util.UUID> in (UserAccountEvents.java:0)
Constructor <com.academia.domain.model.events.UserAccountEvents$UserRegisteredEvent.<init>(com.academia.domain.model.valueobjects.ids.AccountId, com.academia.domain.model.valueobjects.user.Email)> calls method <java.time.Instant.now()> in (UserAccountEvents.java:10)
Constructor <com.academia.domain.model.events.UserAccountEvents$UserRegisteredEvent.<init>(com.academia.domain.model.valueobjects.ids.AccountId, com.academia.domain.model.valueobjects.user.Email)> calls method <java.util.UUID.randomUUID()> in (UserAccountEvents.java:10)
Constructor <com.academia.domain.model.events.UserAccountEvents$UserRegisteredEvent.<init>(java.util.UUID, java.time.Instant, com.academia.domain.model.valueobjects.ids.AccountId, com.academia.domain.model.valueobjects.user.Email)> calls constructor <java.lang.Record.<init>()> in (UserAccountEvents.java:8)
Constructor <com.academia.domain.model.events.UserAccountEvents$UserRegisteredEvent.<init>(java.util.UUID, java.time.Instant, com.academia.domain.model.valueobjects.ids.AccountId, com.academia.domain.model.valueobjects.user.Email)> has parameter of type <java.time.Instant> in (UserAccountEvents.java:0)
Constructor <com.academia.domain.model.events.UserAccountEvents$UserRegisteredEvent.<init>(java.util.UUID, java.time.Instant, com.academia.domain.model.valueobjects.ids.AccountId, com.academia.domain.model.valueobjects.user.Email)> has parameter of type <java.util.UUID> in (UserAccountEvents.java:0)
Constructor <com.academia.domain.model.events.UserAccountEvents.<init>()> calls constructor <java.lang.Object.<init>()> in (UserAccountEvents.java:7)
Constructor <com.academia.domain.model.events.UserEvents$AccountActivated.<init>(com.academia.domain.model.valueobjects.ids.AccountId)> calls method <java.time.Instant.now()> in (UserEvents.java:25)
Constructor <com.academia.domain.model.events.UserEvents$AccountActivated.<init>(com.academia.domain.model.valueobjects.ids.AccountId)> calls method <java.util.UUID.randomUUID()> in (UserEvents.java:25)
Constructor <com.academia.domain.model.events.UserEvents$AccountActivated.<init>(java.util.UUID, java.time.Instant, com.academia.domain.model.valueobjects.ids.AccountId)> calls constructor <java.lang.Record.<init>()> in (UserEvents.java:23)
Constructor <com.academia.domain.model.events.UserEvents$AccountActivated.<init>(java.util.UUID, java.time.Instant, com.academia.domain.model.valueobjects.ids.AccountId)> has parameter of type <java.time.Instant> in (UserEvents.java:0)
Constructor <com.academia.domain.model.events.UserEvents$AccountActivated.<init>(java.util.UUID, java.time.Instant, com.academia.domain.model.valueobjects.ids.AccountId)> has parameter of type <java.util.UUID> in (UserEvents.java:0)
Constructor <com.academia.domain.model.events.UserEvents$UserRegisteredEvent.<init>(com.academia.domain.model.valueobjects.ids.AccountId, com.academia.domain.model.valueobjects.user.Email)> calls method <java.time.Instant.now()> in (UserEvents.java:10)
Constructor <com.academia.domain.model.events.UserEvents$UserRegisteredEvent.<init>(com.academia.domain.model.valueobjects.ids.AccountId, com.academia.domain.model.valueobjects.user.Email)> calls method <java.util.UUID.randomUUID()> in (UserEvents.java:10)
Constructor <com.academia.domain.model.events.UserEvents$UserRegisteredEvent.<init>(java.util.UUID, java.time.Instant, com.academia.domain.model.valueobjects.ids.AccountId, com.academia.domain.model.valueobjects.user.Email)> calls constructor <java.lang.Record.<init>()> in (UserEvents.java:8)
Constructor <com.academia.domain.model.events.UserEvents$UserRegisteredEvent.<init>(java.util.UUID, java.time.Instant, com.academia.domain.model.valueobjects.ids.AccountId, com.academia.domain.model.valueobjects.user.Email)> has parameter of type <java.time.Instant> in (UserEvents.java:0)
Constructor <com.academia.domain.model.events.UserEvents$UserRegisteredEvent.<init>(java.util.UUID, java.time.Instant, com.academia.domain.model.valueobjects.ids.AccountId, com.academia.domain.model.valueobjects.user.Email)> has parameter of type <java.util.UUID> in (UserEvents.java:0)
Constructor <com.academia.domain.model.events.UserEvents.<init>()> calls constructor <java.lang.Object.<init>()> in (UserEvents.java:7)
Constructor <com.academia.domain.model.services.EnrollmentEligibilityChecker.<init>()> calls constructor <java.lang.Object.<init>()> in (EnrollmentEligibilityChecker.java:10)
Constructor <com.academia.domain.model.valueobjects.GuardianRelationship.<init>(com.academia.domain.model.valueobjects.ids.AccountId, java.lang.String, boolean)> calls constructor <java.lang.Object.<init>()> in (GuardianRelationship.java:13)
Constructor <com.academia.domain.model.valueobjects.GuardianRelationship.<init>(com.academia.domain.model.valueobjects.ids.AccountId, java.lang.String, boolean)> has parameter of type <java.lang.String> in (GuardianRelationship.java:0)
Constructor <com.academia.domain.model.valueobjects.GuardianRelationship.<init>(com.academia.domain.model.valueobjects.ids.AccountId, java.lang.String, boolean)> is annotated with <lombok.Generated> in (GuardianRelationship.java:0)
Constructor <com.academia.domain.model.valueobjects.academic.CourseCode.<init>(java.lang.String)> calls constructor <java.lang.Object.<init>()> in (CourseCode.java:3)
Constructor <com.academia.domain.model.valueobjects.academic.CourseCode.<init>(java.lang.String)> has parameter of type <java.lang.String> in (CourseCode.java:0)
Constructor <com.academia.domain.model.valueobjects.academic.CourseCode.<init>(java.lang.String)> is annotated with <lombok.Generated> in (CourseCode.java:0)
Constructor <com.academia.domain.model.valueobjects.academic.Grade.<init>(double)> calls constructor <java.lang.IllegalArgumentException.<init>(java.lang.String)> in (Grade.java:9)
Constructor <com.academia.domain.model.valueobjects.academic.Grade.<init>(double)> calls constructor <java.lang.Object.<init>()> in (Grade.java:7)
Constructor <com.academia.domain.model.valueobjects.academic.TermDates.<init>(java.time.LocalDate, java.time.LocalDate)> calls constructor <java.lang.IllegalArgumentException.<init>(java.lang.String)> in (TermDates.java:10)
Constructor <com.academia.domain.model.valueobjects.academic.TermDates.<init>(java.time.LocalDate, java.time.LocalDate)> calls constructor <java.lang.Object.<init>()> in (TermDates.java:8)
Constructor <com.academia.domain.model.valueobjects.academic.TermDates.<init>(java.time.LocalDate, java.time.LocalDate)> calls method <java.time.LocalDate.isAfter(java.time.chrono.ChronoLocalDate)> in (TermDates.java:9)
Constructor <com.academia.domain.model.valueobjects.academic.TermDates.<init>(java.time.LocalDate, java.time.LocalDate)> has parameter of type <java.time.LocalDate> in (TermDates.java:0)
Constructor <com.academia.domain.model.valueobjects.ids.AccountId.<init>(java.lang.Long)> calls constructor <java.lang.Object.<init>()> in (AccountId.java:5)
Constructor <com.academia.domain.model.valueobjects.ids.AccountId.<init>(java.lang.Long)> has parameter of type <java.lang.Long> in (AccountId.java:0)
Constructor <com.academia.domain.model.valueobjects.ids.AccountId.<init>(java.lang.Long)> is annotated with <lombok.Generated> in (AccountId.java:0)
Constructor <com.academia.domain.model.valueobjects.ids.CourseId.<init>(java.lang.Long)> calls constructor <java.lang.Object.<init>()> in (CourseId.java:3)
Constructor <com.academia.domain.model.valueobjects.ids.CourseId.<init>(java.lang.Long)> has parameter of type <java.lang.Long> in (CourseId.java:0)
Constructor <com.academia.domain.model.valueobjects.ids.CourseId.<init>(java.lang.Long)> is annotated with <lombok.Generated> in (CourseId.java:0)
Constructor <com.academia.domain.model.valueobjects.ids.OrganizationId.<init>(java.lang.Long)> calls constructor <java.lang.Object.<init>()> in (OrganizationId.java:5)
Constructor <com.academia.domain.model.valueobjects.ids.OrganizationId.<init>(java.lang.Long)> has parameter of type <java.lang.Long> in (OrganizationId.java:0)
Constructor <com.academia.domain.model.valueobjects.ids.OrganizationId.<init>(java.lang.Long)> is annotated with <lombok.Generated> in (OrganizationId.java:0)
Constructor <com.academia.domain.model.valueobjects.ids.SubjectId.<init>(java.lang.Long)> calls constructor <java.lang.Object.<init>()> in (SubjectId.java:3)
Constructor <com.academia.domain.model.valueobjects.ids.SubjectId.<init>(java.lang.Long)> has parameter of type <java.lang.Long> in (SubjectId.java:0)
Constructor <com.academia.domain.model.valueobjects.ids.SubjectId.<init>(java.lang.Long)> is annotated with <lombok.Generated> in (SubjectId.java:0)
Constructor <com.academia.domain.model.valueobjects.user.DNI.<init>(java.lang.String)> calls constructor <java.lang.IllegalArgumentException.<init>(java.lang.String)> in (DNI.java:11)
Constructor <com.academia.domain.model.valueobjects.user.DNI.<init>(java.lang.String)> calls constructor <java.lang.Object.<init>()> in (DNI.java:8)
Constructor <com.academia.domain.model.valueobjects.user.DNI.<init>(java.lang.String)> calls method <java.lang.String.isEmpty()> in (DNI.java:10)
Constructor <com.academia.domain.model.valueobjects.user.DNI.<init>(java.lang.String)> calls method <java.lang.String.trim()> in (DNI.java:10)
Constructor <com.academia.domain.model.valueobjects.user.DNI.<init>(java.lang.String)> has parameter of type <java.lang.String> in (DNI.java:0)
Constructor <com.academia.domain.model.valueobjects.user.Email.<init>(java.lang.String)> calls constructor <java.lang.IllegalArgumentException.<init>(java.lang.String)> in (Email.java:11)
Constructor <com.academia.domain.model.valueobjects.user.Email.<init>(java.lang.String)> calls constructor <java.lang.Record.<init>()> in (Email.java:9)
Constructor <com.academia.domain.model.valueobjects.user.Email.<init>(java.lang.String)> calls method <java.lang.String.toLowerCase()> in (Email.java:13)
Constructor <com.academia.domain.model.valueobjects.user.Email.<init>(java.lang.String)> calls method <java.util.regex.Matcher.matches()> in (Email.java:10)
Constructor <com.academia.domain.model.valueobjects.user.Email.<init>(java.lang.String)> calls method <java.util.regex.Pattern.matcher(java.lang.CharSequence)> in (Email.java:10)
Constructor <com.academia.domain.model.valueobjects.user.Email.<init>(java.lang.String)> has parameter of type <java.lang.String> in (Email.java:0)
Constructor <com.academia.domain.model.valueobjects.user.HashedPassword.<init>(java.lang.String)> calls constructor <java.lang.Object.<init>()> in (HashedPassword.java:3)
Constructor <com.academia.domain.model.valueobjects.user.HashedPassword.<init>(java.lang.String)> has parameter of type <java.lang.String> in (HashedPassword.java:0)
Constructor <com.academia.domain.model.valueobjects.user.HashedPassword.<init>(java.lang.String)> is annotated with <lombok.Generated> in (HashedPassword.java:0)
Constructor <com.academia.domain.model.valueobjects.user.Name.<init>(java.lang.String, java.lang.String)> calls constructor <java.lang.IllegalArgumentException.<init>(java.lang.String)> in (Name.java:17)
Constructor <com.academia.domain.model.valueobjects.user.Name.<init>(java.lang.String, java.lang.String)> calls constructor <java.lang.IllegalArgumentException.<init>(java.lang.String)> in (Name.java:20)
Constructor <com.academia.domain.model.valueobjects.user.Name.<init>(java.lang.String, java.lang.String)> calls constructor <java.lang.Object.<init>()> in (Name.java:15)
Constructor <com.academia.domain.model.valueobjects.user.Name.<init>(java.lang.String, java.lang.String)> calls method <java.lang.String.isBlank()> in (Name.java:16)
Constructor <com.academia.domain.model.valueobjects.user.Name.<init>(java.lang.String, java.lang.String)> calls method <java.lang.String.isBlank()> in (Name.java:19)
Constructor <com.academia.domain.model.valueobjects.user.Name.<init>(java.lang.String, java.lang.String)> calls method <java.lang.String.trim()> in (Name.java:22)
Constructor <com.academia.domain.model.valueobjects.user.Name.<init>(java.lang.String, java.lang.String)> calls method <java.lang.String.trim()> in (Name.java:23)
Constructor <com.academia.domain.model.valueobjects.user.Name.<init>(java.lang.String, java.lang.String)> has parameter of type <java.lang.String> in (Name.java:0)
Constructor <com.academia.domain.ports.in.commands.EnrollStudentInCourseCommand.<init>(java.lang.Long, java.lang.Long)> calls constructor <java.lang.Record.<init>()> in (EnrollStudentInCourseCommand.java:6)
Constructor <com.academia.domain.ports.in.commands.EnrollStudentInCourseCommand.<init>(java.lang.Long, java.lang.Long)> has parameter of type <java.lang.Long> in (EnrollStudentInCourseCommand.java:0)
Constructor <com.academia.domain.ports.in.commands.RegisterNewStudentCommand.<init>(java.lang.Long, java.lang.String, java.lang.String, java.lang.String, java.time.LocalDate, java.lang.String, java.time.LocalDate, java.lang.String)> calls constructor <java.lang.Record.<init>()> in (RegisterNewStudentCommand.java:9)
Constructor <com.academia.domain.ports.in.commands.RegisterNewStudentCommand.<init>(java.lang.Long, java.lang.String, java.lang.String, java.lang.String, java.time.LocalDate, java.lang.String, java.time.LocalDate, java.lang.String)> has parameter of type <java.lang.Long> in (RegisterNewStudentCommand.java:0)
Constructor <com.academia.domain.ports.in.commands.RegisterNewStudentCommand.<init>(java.lang.Long, java.lang.String, java.lang.String, java.lang.String, java.time.LocalDate, java.lang.String, java.time.LocalDate, java.lang.String)> has parameter of type <java.lang.String> in (RegisterNewStudentCommand.java:0)
Constructor <com.academia.domain.ports.in.commands.RegisterNewStudentCommand.<init>(java.lang.Long, java.lang.String, java.lang.String, java.lang.String, java.time.LocalDate, java.lang.String, java.time.LocalDate, java.lang.String)> has parameter of type <java.time.LocalDate> in (RegisterNewStudentCommand.java:0)
Constructor <com.academia.domain.ports.in.dtos.EnrollmentResultDTO.<init>(java.lang.Long, java.lang.Long, java.lang.Long, java.lang.String, java.time.LocalDateTime)> calls constructor <java.lang.Record.<init>()> in (EnrollmentResultDTO.java:8)
Constructor <com.academia.domain.ports.in.dtos.EnrollmentResultDTO.<init>(java.lang.Long, java.lang.Long, java.lang.Long, java.lang.String, java.time.LocalDateTime)> has parameter of type <java.lang.Long> in (EnrollmentResultDTO.java:0)
Constructor <com.academia.domain.ports.in.dtos.EnrollmentResultDTO.<init>(java.lang.Long, java.lang.Long, java.lang.Long, java.lang.String, java.time.LocalDateTime)> has parameter of type <java.lang.String> in (EnrollmentResultDTO.java:0)
Constructor <com.academia.domain.ports.in.dtos.EnrollmentResultDTO.<init>(java.lang.Long, java.lang.Long, java.lang.Long, java.lang.String, java.time.LocalDateTime)> has parameter of type <java.time.LocalDateTime> in (EnrollmentResultDTO.java:0)
Constructor <com.academia.domain.ports.in.dtos.StudentDetailsDTO$GuardianDTO.<init>(java.lang.Long, java.lang.String, java.lang.String, boolean)> calls constructor <java.lang.Record.<init>()> in (StudentDetailsDTO.java:21)
Constructor <com.academia.domain.ports.in.dtos.StudentDetailsDTO$GuardianDTO.<init>(java.lang.Long, java.lang.String, java.lang.String, boolean)> has parameter of type <java.lang.Long> in (StudentDetailsDTO.java:0)
Constructor <com.academia.domain.ports.in.dtos.StudentDetailsDTO$GuardianDTO.<init>(java.lang.Long, java.lang.String, java.lang.String, boolean)> has parameter of type <java.lang.String> in (StudentDetailsDTO.java:0)
Constructor <com.academia.domain.ports.in.dtos.StudentDetailsDTO.<init>(java.lang.Long, java.lang.String, java.lang.String, int, java.lang.String, java.lang.String, java.time.LocalDate, java.lang.String, java.util.List)> calls constructor <java.lang.Record.<init>()> in (StudentDetailsDTO.java:10)
Constructor <com.academia.domain.ports.in.dtos.StudentDetailsDTO.<init>(java.lang.Long, java.lang.String, java.lang.String, int, java.lang.String, java.lang.String, java.time.LocalDate, java.lang.String, java.util.List)> has generic parameter type <java.util.List<com.academia.domain.ports.in.dtos.StudentDetailsDTO$GuardianDTO>> with type argument depending on <java.util.List> in (StudentDetailsDTO.java:0)
Constructor <com.academia.domain.ports.in.dtos.StudentDetailsDTO.<init>(java.lang.Long, java.lang.String, java.lang.String, int, java.lang.String, java.lang.String, java.time.LocalDate, java.lang.String, java.util.List)> has parameter of type <java.lang.Long> in (StudentDetailsDTO.java:0)
Constructor <com.academia.domain.ports.in.dtos.StudentDetailsDTO.<init>(java.lang.Long, java.lang.String, java.lang.String, int, java.lang.String, java.lang.String, java.time.LocalDate, java.lang.String, java.util.List)> has parameter of type <java.lang.String> in (StudentDetailsDTO.java:0)
Constructor <com.academia.domain.ports.in.dtos.StudentDetailsDTO.<init>(java.lang.Long, java.lang.String, java.lang.String, int, java.lang.String, java.lang.String, java.time.LocalDate, java.lang.String, java.util.List)> has parameter of type <java.time.LocalDate> in (StudentDetailsDTO.java:0)
Constructor <com.academia.domain.ports.in.dtos.StudentDetailsDTO.<init>(java.lang.Long, java.lang.String, java.lang.String, int, java.lang.String, java.lang.String, java.time.LocalDate, java.lang.String, java.util.List)> has parameter of type <java.util.List> in (StudentDetailsDTO.java:0)
Constructor <com.academia.domain.ports.in.queries.GetStudentDetailsQuery.<init>(java.lang.Long)> calls constructor <java.lang.Record.<init>()> in (GetStudentDetailsQuery.java:6)
Constructor <com.academia.domain.ports.in.queries.GetStudentDetailsQuery.<init>(java.lang.Long)> has parameter of type <java.lang.Long> in (GetStudentDetailsQuery.java:0)
Constructor <com.academia.infrastructure.config.DomainServiceConfig.<init>()> calls constructor <java.lang.Object.<init>()> in (DomainServiceConfig.java:8)
Constructor <com.academia.infrastructure.config.OpenApiConfig.<init>()> calls constructor <java.lang.Object.<init>()> in (OpenApiConfig.java:18)
Constructor <com.academia.infrastructure.events.SpringDomainEventPublisher.<init>(org.springframework.context.ApplicationEventPublisher)> calls constructor <java.lang.Object.<init>()> in (SpringDomainEventPublisher.java:12)
Constructor <com.academia.infrastructure.events.SpringDomainEventPublisher.<init>(org.springframework.context.ApplicationEventPublisher)> has parameter of type <org.springframework.context.ApplicationEventPublisher> in (SpringDomainEventPublisher.java:0)
Constructor <com.academia.infrastructure.events.SpringDomainEventPublisher.<init>(org.springframework.context.ApplicationEventPublisher)> is annotated with <lombok.Generated> in (SpringDomainEventPublisher.java:0)
Constructor <com.academia.infrastructure.persistence.adapters.JpaCourseRepositoryAdapter.<init>()> calls constructor <java.lang.Object.<init>()> in (JpaCourseRepositoryAdapter.java:11)
Constructor <com.academia.infrastructure.persistence.adapters.JpaOrganizationRepositoryAdapter.<init>(com.academia.infrastructure.persistence.jpa.repositories.SpringOrganizationRepository, com.academia.infrastructure.persistence.jpa.mappers.OrganizationMapper)> calls constructor <java.lang.Object.<init>()> in (JpaOrganizationRepositoryAdapter.java:14)
Constructor <com.academia.infrastructure.persistence.adapters.JpaOrganizationRepositoryAdapter.<init>(com.academia.infrastructure.persistence.jpa.repositories.SpringOrganizationRepository, com.academia.infrastructure.persistence.jpa.mappers.OrganizationMapper)> is annotated with <lombok.Generated> in (JpaOrganizationRepositoryAdapter.java:0)
Constructor <com.academia.infrastructure.persistence.adapters.JpaStudentRepositoryAdapter.<init>(com.academia.infrastructure.persistence.jpa.repositories.SpringStudentProfileRepository, com.academia.infrastructure.persistence.jpa.mappers.StudentMapper)> calls constructor <java.lang.Object.<init>()> in (JpaStudentRepositoryAdapter.java:15)
Constructor <com.academia.infrastructure.persistence.adapters.JpaStudentRepositoryAdapter.<init>(com.academia.infrastructure.persistence.jpa.repositories.SpringStudentProfileRepository, com.academia.infrastructure.persistence.jpa.mappers.StudentMapper)> is annotated with <lombok.Generated> in (JpaStudentRepositoryAdapter.java:0)
Constructor <com.academia.infrastructure.persistence.adapters.JpaUserAccountRepositoryAdapter.<init>(com.academia.infrastructure.persistence.jpa.repositories.SpringUserRepository, com.academia.infrastructure.persistence.jpa.mappers.UserAccountMapper)> calls constructor <java.lang.Object.<init>()> in (JpaUserAccountRepositoryAdapter.java:17)
Constructor <com.academia.infrastructure.persistence.adapters.JpaUserAccountRepositoryAdapter.<init>(com.academia.infrastructure.persistence.jpa.repositories.SpringUserRepository, com.academia.infrastructure.persistence.jpa.mappers.UserAccountMapper)> is annotated with <lombok.Generated> in (JpaUserAccountRepositoryAdapter.java:0)
Constructor <com.academia.infrastructure.persistence.jpa.entities.OrganizationJpaEntity.<init>()> calls constructor <java.lang.Object.<init>()> in (OrganizationJpaEntity.java:11)
Constructor <com.academia.infrastructure.persistence.jpa.entities.StudentProfileJpaEntity.<init>()> calls constructor <java.lang.Object.<init>()> in (StudentProfileJpaEntity.java:16)
Constructor <com.academia.infrastructure.persistence.jpa.entities.UserJpaEntity.<init>()> calls constructor <java.lang.Object.<init>()> in (UserJpaEntity.java:13)
Constructor <com.academia.infrastructure.persistence.jpa.mappers.OrganizationMapperImpl.<init>()> calls constructor <java.lang.Object.<init>()> in (OrganizationMapperImpl.java:15)
Constructor <com.academia.infrastructure.persistence.jpa.mappers.StudentMapperImpl.<init>()> calls constructor <java.lang.Object.<init>()> in (StudentMapperImpl.java:17)
Constructor <com.academia.infrastructure.persistence.jpa.mappers.UserAccountMapperImpl.<init>()> calls constructor <java.lang.Object.<init>()> in (UserAccountMapperImpl.java:21)
Constructor <com.academia.infrastructure.web.controllers.CourseController.<init>(com.academia.domain.ports.in.course.EnrollStudentInCourseUseCase, com.academia.infrastructure.web.mappers.EnrollStudentRequestMapper)> calls constructor <java.lang.Object.<init>()> in (CourseController.java:18)
Constructor <com.academia.infrastructure.web.controllers.CourseController.<init>(com.academia.domain.ports.in.course.EnrollStudentInCourseUseCase, com.academia.infrastructure.web.mappers.EnrollStudentRequestMapper)> is annotated with <lombok.Generated> in (CourseController.java:0)
Constructor <com.academia.infrastructure.web.controllers.StudentController.<init>(com.academia.domain.ports.in.student.RegisterNewStudentUseCase, com.academia.infrastructure.web.mappers.RegisterStudentRequestMapper)> calls constructor <java.lang.Object.<init>()> in (StudentController.java:16)
Constructor <com.academia.infrastructure.web.controllers.StudentController.<init>(com.academia.domain.ports.in.student.RegisterNewStudentUseCase, com.academia.infrastructure.web.mappers.RegisterStudentRequestMapper)> is annotated with <lombok.Generated> in (StudentController.java:0)
Constructor <com.academia.infrastructure.web.mappers.EnrollStudentRequestMapperImpl.<init>()> calls constructor <java.lang.Object.<init>()> in (EnrollStudentRequestMapperImpl.java:14)
Constructor <com.academia.infrastructure.web.mappers.RegisterStudentRequestMapperImpl.<init>()> calls constructor <java.lang.Object.<init>()> in (RegisterStudentRequestMapperImpl.java:15)
Constructor <com.academia.infrastructure.web.requests.EnrollStudentInCourseRequest.<init>(java.lang.Long, java.lang.Long)> calls constructor <java.lang.Record.<init>()> in (EnrollStudentInCourseRequest.java:5)
Constructor <com.academia.infrastructure.web.requests.EnrollStudentInCourseRequest.<init>(java.lang.Long, java.lang.Long)> has parameter of type <java.lang.Long> in (EnrollStudentInCourseRequest.java:0)
Constructor <com.academia.infrastructure.web.requests.RegisterStudentRequest.<init>(java.lang.Long, java.lang.String, java.lang.String, java.lang.String, java.time.LocalDate, java.lang.String, java.time.LocalDate, java.lang.String)> calls constructor <java.lang.Record.<init>()> in (RegisterStudentRequest.java:14)
Constructor <com.academia.infrastructure.web.requests.RegisterStudentRequest.<init>(java.lang.Long, java.lang.String, java.lang.String, java.lang.String, java.time.LocalDate, java.lang.String, java.time.LocalDate, java.lang.String)> has parameter of type <java.lang.Long> in (RegisterStudentRequest.java:0)
Constructor <com.academia.infrastructure.web.requests.RegisterStudentRequest.<init>(java.lang.Long, java.lang.String, java.lang.String, java.lang.String, java.time.LocalDate, java.lang.String, java.time.LocalDate, java.lang.String)> has parameter of type <java.lang.String> in (RegisterStudentRequest.java:0)
Constructor <com.academia.infrastructure.web.requests.RegisterStudentRequest.<init>(java.lang.Long, java.lang.String, java.lang.String, java.lang.String, java.time.LocalDate, java.lang.String, java.time.LocalDate, java.lang.String)> has parameter of type <java.time.LocalDate> in (RegisterStudentRequest.java:0)
Field <com.academia.domain.model.aggregates.Course.domainEvents> has type <java.util.List> in (Course.java:0)
Field <com.academia.domain.model.aggregates.Course.enrollments> has type <java.util.Set> in (Course.java:0)
Field <com.academia.domain.model.aggregates.Organization.academicTerms> has type <java.util.Set> in (Organization.java:0)
Field <com.academia.domain.model.aggregates.Organization.name> has type <java.lang.String> in (Organization.java:0)
Field <com.academia.domain.model.aggregates.UserAccount.domainEvents> has type <java.util.List> in (UserAccount.java:0)
Field <com.academia.domain.model.entities.AcademicTerm.endDate> has type <java.time.LocalDate> in (AcademicTerm.java:0)
Field <com.academia.domain.model.entities.AcademicTerm.id> has type <java.lang.Long> in (AcademicTerm.java:0)
Field <com.academia.domain.model.entities.AcademicTerm.name> has type <java.lang.String> in (AcademicTerm.java:0)
Field <com.academia.domain.model.entities.AcademicTerm.startDate> has type <java.time.LocalDate> in (AcademicTerm.java:0)
Field <com.academia.domain.model.entities.Enrollment.enrollmentDate> has type <java.time.LocalDateTime> in (Enrollment.java:0)
Field <com.academia.domain.model.entities.Enrollment.id> has type <java.lang.Long> in (Enrollment.java:0)
Field <com.academia.domain.model.entities.Role.id> has type <java.lang.Integer> in (Role.java:0)
Field <com.academia.domain.model.entities.Role.name> has type <java.lang.String> in (Role.java:0)
Field <com.academia.domain.model.entities.Role.permissions> has generic type <java.util.Set<java.lang.String>> with type argument depending on <java.lang.String> in (Role.java:0)
Field <com.academia.domain.model.entities.Role.permissions> has type <java.util.Set> in (Role.java:0)
Field <com.academia.domain.model.entities.Staff.title> has type <java.lang.String> in (Staff.java:0)
Field <com.academia.domain.model.entities.Student.currentGradeLevel> has type <java.lang.String> in (Student.java:0)
Field <com.academia.domain.model.entities.Student.enrollmentDate> has type <java.time.LocalDate> in (Student.java:0)
Field <com.academia.domain.model.entities.Student.guardians> has type <java.util.Set> in (Student.java:0)
Field <com.academia.domain.model.entities.Student.studentIdNumber> has type <java.lang.String> in (Student.java:0)
Field <com.academia.domain.model.entities.Subject.id> has type <java.lang.Long> in (Subject.java:0)
Field <com.academia.domain.model.entities.Subject.name> has type <java.lang.String> in (Subject.java:0)
Field <com.academia.domain.model.entities.Subject.subjectCode> has type <java.lang.String> in (Subject.java:0)
Field <com.academia.domain.model.entities.User.birthDate> has type <java.time.LocalDate> in (User.java:0)
Field <com.academia.domain.model.entities.User.createdAt> has type <java.time.LocalDateTime> in (User.java:0)
Field <com.academia.domain.model.entities.User.passwordHash> has type <java.lang.String> in (User.java:0)
Field <com.academia.domain.model.entities.User.roles> has type <java.util.Set> in (User.java:0)
Field <com.academia.domain.model.entities.User.updatedAt> has type <java.time.LocalDateTime> in (User.java:0)
Field <com.academia.domain.model.events.CourseEvents$StudentEnrolledInCourse.eventId> has type <java.util.UUID> in (CourseEvents.java:0)
Field <com.academia.domain.model.events.CourseEvents$StudentEnrolledInCourse.occurredOn> has type <java.time.Instant> in (CourseEvents.java:0)
Field <com.academia.domain.model.events.CourseEvents$TeacherAssignedToCourse.eventId> has type <java.util.UUID> in (CourseEvents.java:0)
Field <com.academia.domain.model.events.CourseEvents$TeacherAssignedToCourse.occurredOn> has type <java.time.Instant> in (CourseEvents.java:0)
Field <com.academia.domain.model.events.UserAccountEvents$AccountActivated.eventId> has type <java.util.UUID> in (UserAccountEvents.java:0)
Field <com.academia.domain.model.events.UserAccountEvents$AccountActivated.occurredOn> has type <java.time.Instant> in (UserAccountEvents.java:0)
Field <com.academia.domain.model.events.UserAccountEvents$UserRegisteredEvent.eventId> has type <java.util.UUID> in (UserAccountEvents.java:0)
Field <com.academia.domain.model.events.UserAccountEvents$UserRegisteredEvent.occurredOn> has type <java.time.Instant> in (UserAccountEvents.java:0)
Field <com.academia.domain.model.events.UserEvents$AccountActivated.eventId> has type <java.util.UUID> in (UserEvents.java:0)
Field <com.academia.domain.model.events.UserEvents$AccountActivated.occurredOn> has type <java.time.Instant> in (UserEvents.java:0)
Field <com.academia.domain.model.events.UserEvents$UserRegisteredEvent.eventId> has type <java.util.UUID> in (UserEvents.java:0)
Field <com.academia.domain.model.events.UserEvents$UserRegisteredEvent.occurredOn> has type <java.time.Instant> in (UserEvents.java:0)
Field <com.academia.domain.model.valueobjects.GuardianRelationship.relationshipType> has type <java.lang.String> in (GuardianRelationship.java:0)
Field <com.academia.domain.model.valueobjects.academic.CourseCode.value> has type <java.lang.String> in (CourseCode.java:0)
Field <com.academia.domain.model.valueobjects.academic.TermDates.endDate> has type <java.time.LocalDate> in (TermDates.java:0)
Field <com.academia.domain.model.valueobjects.academic.TermDates.startDate> has type <java.time.LocalDate> in (TermDates.java:0)
Field <com.academia.domain.model.valueobjects.ids.AccountId.value> has type <java.lang.Long> in (AccountId.java:0)
Field <com.academia.domain.model.valueobjects.ids.CourseId.value> has type <java.lang.Long> in (CourseId.java:0)
Field <com.academia.domain.model.valueobjects.ids.OrganizationId.value> has type <java.lang.Long> in (OrganizationId.java:0)
Field <com.academia.domain.model.valueobjects.ids.SubjectId.value> has type <java.lang.Long> in (SubjectId.java:0)
Field <com.academia.domain.model.valueobjects.user.DNI.value> has type <java.lang.String> in (DNI.java:0)
Field <com.academia.domain.model.valueobjects.user.Email.EMAIL_PATTERN> has type <java.util.regex.Pattern> in (Email.java:0)
Field <com.academia.domain.model.valueobjects.user.Email.value> has type <java.lang.String> in (Email.java:0)
Field <com.academia.domain.model.valueobjects.user.HashedPassword.value> has type <java.lang.String> in (HashedPassword.java:0)
Field <com.academia.domain.model.valueobjects.user.Name.firstName> has type <java.lang.String> in (Name.java:0)
Field <com.academia.domain.model.valueobjects.user.Name.lastName> has type <java.lang.String> in (Name.java:0)
Field <com.academia.domain.ports.in.commands.EnrollStudentInCourseCommand.courseId> has type <java.lang.Long> in (EnrollStudentInCourseCommand.java:0)
Field <com.academia.domain.ports.in.commands.EnrollStudentInCourseCommand.studentAccountId> has type <java.lang.Long> in (EnrollStudentInCourseCommand.java:0)
Field <com.academia.domain.ports.in.commands.RegisterNewStudentCommand.birthDate> has type <java.time.LocalDate> in (RegisterNewStudentCommand.java:0)
Field <com.academia.domain.ports.in.commands.RegisterNewStudentCommand.email> has type <java.lang.String> in (RegisterNewStudentCommand.java:0)
Field <com.academia.domain.ports.in.commands.RegisterNewStudentCommand.enrollmentDate> has type <java.time.LocalDate> in (RegisterNewStudentCommand.java:0)
Field <com.academia.domain.ports.in.commands.RegisterNewStudentCommand.firstName> has type <java.lang.String> in (RegisterNewStudentCommand.java:0)
Field <com.academia.domain.ports.in.commands.RegisterNewStudentCommand.initialGradeLevel> has type <java.lang.String> in (RegisterNewStudentCommand.java:0)
Field <com.academia.domain.ports.in.commands.RegisterNewStudentCommand.lastName> has type <java.lang.String> in (RegisterNewStudentCommand.java:0)
Field <com.academia.domain.ports.in.commands.RegisterNewStudentCommand.organizationId> has type <java.lang.Long> in (RegisterNewStudentCommand.java:0)
Field <com.academia.domain.ports.in.commands.RegisterNewStudentCommand.studentIdNumber> has type <java.lang.String> in (RegisterNewStudentCommand.java:0)
Field <com.academia.domain.ports.in.dtos.EnrollmentResultDTO.courseId> has type <java.lang.Long> in (EnrollmentResultDTO.java:0)
Field <com.academia.domain.ports.in.dtos.EnrollmentResultDTO.enrollmentDate> has type <java.time.LocalDateTime> in (EnrollmentResultDTO.java:0)
Field <com.academia.domain.ports.in.dtos.EnrollmentResultDTO.enrollmentId> has type <java.lang.Long> in (EnrollmentResultDTO.java:0)
[...]
Method <com.academia.infrastructure.persistence.jpa.mappers.StudentMapper.toJpa(com.academia.domain.model.entities.Student)> is annotated with <org.mapstruct.Mappings> in (StudentMapper.java:0)
Method <com.academia.infrastructure.persistence.jpa.mappers.StudentMapperImpl.studentAccountIdValue(com.academia.domain.model.entities.Student)> has return type <java.lang.Long> in (StudentMapperImpl.java:0)
Method <com.academia.infrastructure.persistence.jpa.mappers.StudentMapperImpl.studentOrganizationIdValue(com.academia.domain.model.entities.Student)> has return type <java.lang.Long> in (StudentMapperImpl.java:0)
Method <com.academia.infrastructure.persistence.jpa.mappers.UserAccountMapper.toDomain(com.academia.infrastructure.persistence.jpa.entities.UserJpaEntity)> has annotation member of type <org.mapstruct.Mapping> in (UserAccountMapper.java:0)
Method <com.academia.infrastructure.persistence.jpa.mappers.UserAccountMapper.toDomain(com.academia.infrastructure.persistence.jpa.entities.UserJpaEntity)> has annotation member of type <org.mapstruct.NullValueCheckStrategy> in (UserAccountMapper.java:0)
Method <com.academia.infrastructure.persistence.jpa.mappers.UserAccountMapper.toDomain(com.academia.infrastructure.persistence.jpa.entities.UserJpaEntity)> has annotation member of type <org.mapstruct.NullValuePropertyMappingStrategy> in (UserAccountMapper.java:0)
Method <com.academia.infrastructure.persistence.jpa.mappers.UserAccountMapper.toDomain(com.academia.infrastructure.persistence.jpa.entities.UserJpaEntity)> has annotation member of type <org.mapstruct.control.MappingControl> in (UserAccountMapper.java:0)
Method <com.academia.infrastructure.persistence.jpa.mappers.UserAccountMapper.toDomain(com.academia.infrastructure.persistence.jpa.entities.UserJpaEntity)> is annotated with <org.mapstruct.Mappings> in (UserAccountMapper.java:0)
Method <com.academia.infrastructure.persistence.jpa.mappers.UserAccountMapper.toJpa(com.academia.domain.model.aggregates.UserAccount)> has annotation member of type <org.mapstruct.Mapping> in (UserAccountMapper.java:0)
Method <com.academia.infrastructure.persistence.jpa.mappers.UserAccountMapper.toJpa(com.academia.domain.model.aggregates.UserAccount)> has annotation member of type <org.mapstruct.NullValueCheckStrategy> in (UserAccountMapper.java:0)
Method <com.academia.infrastructure.persistence.jpa.mappers.UserAccountMapper.toJpa(com.academia.domain.model.aggregates.UserAccount)> has annotation member of type <org.mapstruct.NullValuePropertyMappingStrategy> in (UserAccountMapper.java:0)
Method <com.academia.infrastructure.persistence.jpa.mappers.UserAccountMapper.toJpa(com.academia.domain.model.aggregates.UserAccount)> has annotation member of type <org.mapstruct.control.MappingControl> in (UserAccountMapper.java:0)
Method <com.academia.infrastructure.persistence.jpa.mappers.UserAccountMapper.toJpa(com.academia.domain.model.aggregates.UserAccount)> is annotated with <org.mapstruct.Mappings> in (UserAccountMapper.java:0)
Method <com.academia.infrastructure.persistence.jpa.mappers.UserAccountMapperImpl.aggregateUserEmailValue(com.academia.domain.model.aggregates.UserAccount)> has return type <java.lang.String> in (UserAccountMapperImpl.java:0)
Method <com.academia.infrastructure.persistence.jpa.mappers.UserAccountMapperImpl.aggregateUserIdValue(com.academia.domain.model.aggregates.UserAccount)> has return type <java.lang.Long> in (UserAccountMapperImpl.java:0)
Method <com.academia.infrastructure.persistence.jpa.mappers.UserAccountMapperImpl.aggregateUserNameFirstName(com.academia.domain.model.aggregates.UserAccount)> has return type <java.lang.String> in (UserAccountMapperImpl.java:0)
Method <com.academia.infrastructure.persistence.jpa.mappers.UserAccountMapperImpl.aggregateUserNameLastName(com.academia.domain.model.aggregates.UserAccount)> has return type <java.lang.String> in (UserAccountMapperImpl.java:0)
Method <com.academia.infrastructure.persistence.jpa.mappers.UserAccountMapperImpl.aggregateUserOrganizationIdValue(com.academia.domain.model.aggregates.UserAccount)> has return type <java.lang.Long> in (UserAccountMapperImpl.java:0)
Method <com.academia.infrastructure.persistence.jpa.repositories.SpringStudentProfileRepository.existsByOrganizationIdAndStudentIdNumber(java.lang.Long, java.lang.String)> has parameter of type <java.lang.Long> in (SpringStudentProfileRepository.java:0)
Method <com.academia.infrastructure.persistence.jpa.repositories.SpringStudentProfileRepository.existsByOrganizationIdAndStudentIdNumber(java.lang.Long, java.lang.String)> has parameter of type <java.lang.String> in (SpringStudentProfileRepository.java:0)
Method <com.academia.infrastructure.persistence.jpa.repositories.SpringUserRepository.existsByOrganizationIdAndEmail(java.lang.Long, java.lang.String)> has parameter of type <java.lang.Long> in (SpringUserRepository.java:0)
Method <com.academia.infrastructure.persistence.jpa.repositories.SpringUserRepository.existsByOrganizationIdAndEmail(java.lang.Long, java.lang.String)> has parameter of type <java.lang.String> in (SpringUserRepository.java:0)
Method <com.academia.infrastructure.persistence.jpa.repositories.SpringUserRepository.findByOrganizationIdAndEmail(java.lang.Long, java.lang.String)> has parameter of type <java.lang.Long> in (SpringUserRepository.java:0)
Method <com.academia.infrastructure.persistence.jpa.repositories.SpringUserRepository.findByOrganizationIdAndEmail(java.lang.Long, java.lang.String)> has parameter of type <java.lang.String> in (SpringUserRepository.java:0)
Method <com.academia.infrastructure.persistence.jpa.repositories.SpringUserRepository.findByOrganizationIdAndEmail(java.lang.Long, java.lang.String)> has return type <java.util.Optional> in (SpringUserRepository.java:0)
Method <com.academia.infrastructure.web.controllers.CourseController.enrollStudent(com.academia.infrastructure.web.requests.EnrollStudentInCourseRequest)> calls method <org.springframework.http.ResponseEntity.ok(java.lang.Object)> in (CourseController.java:28)
Method <com.academia.infrastructure.web.controllers.CourseController.enrollStudent(com.academia.infrastructure.web.requests.EnrollStudentInCourseRequest)> has return type <org.springframework.http.ResponseEntity> in (CourseController.java:0)
Method <com.academia.infrastructure.web.controllers.CourseController.enrollStudent(com.academia.infrastructure.web.requests.EnrollStudentInCourseRequest)> is annotated with <org.springframework.web.bind.annotation.PostMapping> in (CourseController.java:0)
Method <com.academia.infrastructure.web.controllers.StudentController.registerStudent(com.academia.infrastructure.web.requests.RegisterStudentRequest)> calls method <org.springframework.http.ResponseEntity$BodyBuilder.body(java.lang.Object)> in (StudentController.java:31)
Method <com.academia.infrastructure.web.controllers.StudentController.registerStudent(com.academia.infrastructure.web.requests.RegisterStudentRequest)> calls method <org.springframework.http.ResponseEntity.status(org.springframework.http.HttpStatusCode)> in (StudentController.java:31)
Method <com.academia.infrastructure.web.controllers.StudentController.registerStudent(com.academia.infrastructure.web.requests.RegisterStudentRequest)> gets field <org.springframework.http.HttpStatus.CREATED> in (StudentController.java:31)
Method <com.academia.infrastructure.web.controllers.StudentController.registerStudent(com.academia.infrastructure.web.requests.RegisterStudentRequest)> has return type <org.springframework.http.ResponseEntity> in (StudentController.java:0)
Method <com.academia.infrastructure.web.controllers.StudentController.registerStudent(com.academia.infrastructure.web.requests.RegisterStudentRequest)> is annotated with <org.springframework.web.bind.annotation.PostMapping> in (StudentController.java:0)
Method <com.academia.infrastructure.web.requests.EnrollStudentInCourseRequest.courseId()> has return type <java.lang.Long> in (EnrollStudentInCourseRequest.java:0)
Method <com.academia.infrastructure.web.requests.EnrollStudentInCourseRequest.courseId()> is annotated with <jakarta.validation.constraints.NotNull> in (EnrollStudentInCourseRequest.java:0)
Method <com.academia.infrastructure.web.requests.EnrollStudentInCourseRequest.equals(java.lang.Object)> has parameter of type <java.lang.Object> in (EnrollStudentInCourseRequest.java:0)
Method <com.academia.infrastructure.web.requests.EnrollStudentInCourseRequest.studentAccountId()> has return type <java.lang.Long> in (EnrollStudentInCourseRequest.java:0)
Method <com.academia.infrastructure.web.requests.EnrollStudentInCourseRequest.studentAccountId()> is annotated with <jakarta.validation.constraints.NotNull> in (EnrollStudentInCourseRequest.java:0)
Method <com.academia.infrastructure.web.requests.EnrollStudentInCourseRequest.toString()> has return type <java.lang.String> in (EnrollStudentInCourseRequest.java:0)
Method <com.academia.infrastructure.web.requests.RegisterStudentRequest.birthDate()> has return type <java.time.LocalDate> in (RegisterStudentRequest.java:0)
Method <com.academia.infrastructure.web.requests.RegisterStudentRequest.birthDate()> is annotated with <jakarta.validation.constraints.NotNull> in (RegisterStudentRequest.java:0)
Method <com.academia.infrastructure.web.requests.RegisterStudentRequest.birthDate()> is annotated with <jakarta.validation.constraints.Past> in (RegisterStudentRequest.java:0)
Method <com.academia.infrastructure.web.requests.RegisterStudentRequest.email()> has return type <java.lang.String> in (RegisterStudentRequest.java:0)
Method <com.academia.infrastructure.web.requests.RegisterStudentRequest.email()> is annotated with <jakarta.validation.constraints.Email> in (RegisterStudentRequest.java:0)
Method <com.academia.infrastructure.web.requests.RegisterStudentRequest.email()> is annotated with <jakarta.validation.constraints.NotBlank> in (RegisterStudentRequest.java:0)
Method <com.academia.infrastructure.web.requests.RegisterStudentRequest.enrollmentDate()> has return type <java.time.LocalDate> in (RegisterStudentRequest.java:0)
Method <com.academia.infrastructure.web.requests.RegisterStudentRequest.enrollmentDate()> is annotated with <jakarta.validation.constraints.NotNull> in (RegisterStudentRequest.java:0)
Method <com.academia.infrastructure.web.requests.RegisterStudentRequest.equals(java.lang.Object)> has parameter of type <java.lang.Object> in (RegisterStudentRequest.java:0)
Method <com.academia.infrastructure.web.requests.RegisterStudentRequest.firstName()> has return type <java.lang.String> in (RegisterStudentRequest.java:0)
Method <com.academia.infrastructure.web.requests.RegisterStudentRequest.firstName()> is annotated with <jakarta.validation.constraints.NotBlank> in (RegisterStudentRequest.java:0)
Method <com.academia.infrastructure.web.requests.RegisterStudentRequest.firstName()> is annotated with <jakarta.validation.constraints.Size> in (RegisterStudentRequest.java:0)
Method <com.academia.infrastructure.web.requests.RegisterStudentRequest.initialGradeLevel()> has return type <java.lang.String> in (RegisterStudentRequest.java:0)
Method <com.academia.infrastructure.web.requests.RegisterStudentRequest.initialGradeLevel()> is annotated with <jakarta.validation.constraints.NotBlank> in (RegisterStudentRequest.java:0)
Method <com.academia.infrastructure.web.requests.RegisterStudentRequest.lastName()> has return type <java.lang.String> in (RegisterStudentRequest.java:0)
Method <com.academia.infrastructure.web.requests.RegisterStudentRequest.lastName()> is annotated with <jakarta.validation.constraints.NotBlank> in (RegisterStudentRequest.java:0)
Method <com.academia.infrastructure.web.requests.RegisterStudentRequest.lastName()> is annotated with <jakarta.validation.constraints.Size> in (RegisterStudentRequest.java:0)
Method <com.academia.infrastructure.web.requests.RegisterStudentRequest.organizationId()> has return type <java.lang.Long> in (RegisterStudentRequest.java:0)
Method <com.academia.infrastructure.web.requests.RegisterStudentRequest.organizationId()> is annotated with <jakarta.validation.constraints.NotNull> in (RegisterStudentRequest.java:0)
Method <com.academia.infrastructure.web.requests.RegisterStudentRequest.studentIdNumber()> has return type <java.lang.String> in (RegisterStudentRequest.java:0)
Method <com.academia.infrastructure.web.requests.RegisterStudentRequest.studentIdNumber()> is annotated with <jakarta.validation.constraints.NotBlank> in (RegisterStudentRequest.java:0)
Method <com.academia.infrastructure.web.requests.RegisterStudentRequest.studentIdNumber()> is annotated with <jakarta.validation.constraints.Size> in (RegisterStudentRequest.java:0)
Method <com.academia.infrastructure.web.requests.RegisterStudentRequest.toString()> has return type <java.lang.String> in (RegisterStudentRequest.java:0)
Parameter <com.academia.infrastructure.web.requests.EnrollStudentInCourseRequest> of method <com.academia.infrastructure.web.controllers.CourseController.enrollStudent(com.academia.infrastructure.web.requests.EnrollStudentInCourseRequest)> is annotated with <jakarta.validation.Valid> in (CourseController.java:0)
Parameter <com.academia.infrastructure.web.requests.EnrollStudentInCourseRequest> of method <com.academia.infrastructure.web.controllers.CourseController.enrollStudent(com.academia.infrastructure.web.requests.EnrollStudentInCourseRequest)> is annotated with <org.springframework.web.bind.annotation.RequestBody> in (CourseController.java:0)
Parameter <com.academia.infrastructure.web.requests.RegisterStudentRequest> of method <com.academia.infrastructure.web.controllers.StudentController.registerStudent(com.academia.infrastructure.web.requests.RegisterStudentRequest)> is annotated with <jakarta.validation.Valid> in (StudentController.java:0)
Parameter <com.academia.infrastructure.web.requests.RegisterStudentRequest> of method <com.academia.infrastructure.web.controllers.StudentController.registerStudent(com.academia.infrastructure.web.requests.RegisterStudentRequest)> is annotated with <org.springframework.web.bind.annotation.RequestBody> in (StudentController.java:0)
Parameter <java.lang.Long> of constructor <com.academia.infrastructure.web.requests.EnrollStudentInCourseRequest.<init>(java.lang.Long, java.lang.Long)> is annotated with <jakarta.validation.constraints.NotNull> in (EnrollStudentInCourseRequest.java:0)
Parameter <java.lang.Long> of constructor <com.academia.infrastructure.web.requests.RegisterStudentRequest.<init>(java.lang.Long, java.lang.String, java.lang.String, java.lang.String, java.time.LocalDate, java.lang.String, java.time.LocalDate, java.lang.String)> is annotated with <jakarta.validation.constraints.NotNull> in (RegisterStudentRequest.java:0)
Parameter <java.lang.String> of constructor <com.academia.infrastructure.web.requests.RegisterStudentRequest.<init>(java.lang.Long, java.lang.String, java.lang.String, java.lang.String, java.time.LocalDate, java.lang.String, java.time.LocalDate, java.lang.String)> is annotated with <jakarta.validation.constraints.Email> in (RegisterStudentRequest.java:0)
Parameter <java.lang.String> of constructor <com.academia.infrastructure.web.requests.RegisterStudentRequest.<init>(java.lang.Long, java.lang.String, java.lang.String, java.lang.String, java.time.LocalDate, java.lang.String, java.time.LocalDate, java.lang.String)> is annotated with <jakarta.validation.constraints.NotBlank> in (RegisterStudentRequest.java:0)
Parameter <java.lang.String> of constructor <com.academia.infrastructure.web.requests.RegisterStudentRequest.<init>(java.lang.Long, java.lang.String, java.lang.String, java.lang.String, java.time.LocalDate, java.lang.String, java.time.LocalDate, java.lang.String)> is annotated with <jakarta.validation.constraints.Size> in (RegisterStudentRequest.java:0)
Parameter <java.time.LocalDate> of constructor <com.academia.infrastructure.web.requests.RegisterStudentRequest.<init>(java.lang.Long, java.lang.String, java.lang.String, java.lang.String, java.time.LocalDate, java.lang.String, java.time.LocalDate, java.lang.String)> is annotated with <jakarta.validation.constraints.NotNull> in (RegisterStudentRequest.java:0)
Parameter <java.time.LocalDate> of constructor <com.academia.infrastructure.web.requests.RegisterStudentRequest.<init>(java.lang.Long, java.lang.String, java.lang.String, java.lang.String, java.time.LocalDate, java.lang.String, java.time.LocalDate, java.lang.String)> is annotated with <jakarta.validation.constraints.Past> in (RegisterStudentRequest.java:0)
Static Initializer <com.academia.application.mappers.StudentDTOMapper.<clinit>()> calls method <org.mapstruct.factory.Mappers.getMapper(java.lang.Class)> in (StudentDTOMapper.java:13)
Static Initializer <com.academia.domain.model.valueobjects.user.Email.<clinit>()> calls method <java.util.regex.Pattern.compile(java.lang.String)> in (Email.java:7)
Static Initializer <com.academia.infrastructure.events.SpringDomainEventPublisher.<clinit>()> calls method <org.slf4j.LoggerFactory.getLogger(java.lang.Class)> in (SpringDomainEventPublisher.java:13)
Static Initializer <com.academia.infrastructure.persistence.jpa.mappers.UserAccountMapper.<clinit>()> calls method <org.mapstruct.factory.Mappers.getMapper(java.lang.Class)> in (UserAccountMapper.java:12)
Static Initializer <com.academia.infrastructure.web.mappers.RegisterStudentRequestMapper.<clinit>()> calls method <org.mapstruct.factory.Mappers.getMapper(java.lang.Class)> in (RegisterStudentRequestMapper.java:12)
	at com.tngtech.archunit.lang.ArchRule$Assertions.assertNoViolation(ArchRule.java:94)
	at com.tngtech.archunit.lang.ArchRule$Assertions.check(ArchRule.java:86)
	at com.tngtech.archunit.library.Architectures$LayeredArchitecture.check(Architectures.java:347)
	at com.tngtech.archunit.junit.internal.ArchUnitTestDescriptor$ArchUnitRuleDescriptor.execute(ArchUnitTestDescriptor.java:167)
	at com.tngtech.archunit.junit.internal.ArchUnitTestDescriptor$ArchUnitRuleDescriptor.execute(ArchUnitTestDescriptor.java:150)
	at java.base/java.util.ArrayList.forEach(ArrayList.java:1596)
	at java.base/java.util.ArrayList.forEach(ArrayList.java:1596)

HexagonalArchitectureTest.input_ports_should_be_interfaces -- Time elapsed: 0.002 s <<< FAILURE!
java.lang.AssertionError: 
Architecture Violation [Priority: MEDIUM] - Rule 'classes that reside in a package 'com.academia.domain.ports.in..*' should be interfaces' was violated (6 times):
Class <com.academia.domain.ports.in.commands.EnrollStudentInCourseCommand> is no interface in (EnrollStudentInCourseCommand.java:0)
Class <com.academia.domain.ports.in.commands.RegisterNewStudentCommand> is no interface in (RegisterNewStudentCommand.java:0)
Class <com.academia.domain.ports.in.dtos.EnrollmentResultDTO> is no interface in (EnrollmentResultDTO.java:0)
Class <com.academia.domain.ports.in.dtos.StudentDetailsDTO$GuardianDTO> is no interface in (StudentDetailsDTO.java:0)
Class <com.academia.domain.ports.in.dtos.StudentDetailsDTO> is no interface in (StudentDetailsDTO.java:0)
Class <com.academia.domain.ports.in.queries.GetStudentDetailsQuery> is no interface in (GetStudentDetailsQuery.java:0)
	at com.tngtech.archunit.lang.ArchRule$Assertions.assertNoViolation(ArchRule.java:94)
	at com.tngtech.archunit.lang.ArchRule$Assertions.check(ArchRule.java:86)
	at com.tngtech.archunit.lang.ArchRule$Factory$SimpleArchRule.check(ArchRule.java:165)
	at com.tngtech.archunit.lang.syntax.ObjectsShouldInternal.check(ObjectsShouldInternal.java:81)
	at com.tngtech.archunit.junit.internal.ArchUnitTestDescriptor$ArchUnitRuleDescriptor.execute(ArchUnitTestDescriptor.java:167)
	at com.tngtech.archunit.junit.internal.ArchUnitTestDescriptor$ArchUnitRuleDescriptor.execute(ArchUnitTestDescriptor.java:150)
	at java.base/java.util.ArrayList.forEach(ArrayList.java:1596)
	at java.base/java.util.ArrayList.forEach(ArrayList.java:1596)

