<?xml version="1.0" encoding="UTF-8"?>
<testsuite xmlns:xsi="http://www.w3.org/2001/XMLSchema-instance" xsi:noNamespaceSchemaLocation="https://maven.apache.org/surefire/maven-surefire-plugin/xsd/surefire-test-report.xsd" version="3.0.1" name="com.academia.architecture.HexagonalArchitectureTest" time="2.035" tests="3" errors="0" skipped="0" failures="2">
  <properties>
[...]
</properties>
  <testcase name="layer_dependencies_are_respected" classname="HexagonalArchitectureTest" time="2.005">
    <failure message="Architecture Violation [Priority: MEDIUM] - Rule &apos;Layered architecture considering all dependencies, consisting of&#10;layer &apos;Domain&apos; (&apos;com.academia.domain..&apos;)&#10;layer &apos;Application&apos; (&apos;com.academia.application..&apos;)&#10;layer &apos;Infrastructure&apos; (&apos;com.academia.infrastructure..&apos;)&#10;where layer &apos;Application&apos; may only access layers [&apos;Domain&apos;]&#10;where layer &apos;Domain&apos; may not access any layer&#10;where layer &apos;Infrastructure&apos; may only access layers [&apos;Application&apos;, &apos;Domain&apos;]&apos; was violated (1085 times):&#10;Class &lt;com.academia.application.exceptions.ResourceNotFoundException&gt; extends class &lt;java.lang.RuntimeException&gt; in (ResourceNotFoundException.java:0)&#10;Class &lt;com.academia.application.mappers.StudentDTOMapper&gt; has annotation member of type &lt;java.lang.IllegalArgumentException&gt; in (StudentDTOMapper.java:0)&#10;Class &lt;com.academia.application.mappers.StudentDTOMapper&gt; has annotation member of type &lt;org.mapstruct.Builder&gt; in (StudentDTOMapper.java:0)&#10;Class &lt;com.academia.application.mappers.StudentDTOMapper&gt; has annotation member of type &lt;org.mapstruct.CollectionMappingStrategy&gt; in (StudentDTOMapper.java:0)&#10;Class &lt;com.academia.application.mappers.StudentDTOMapper&gt; has annotation member of type &lt;org.mapstruct.InjectionStrategy&gt; in (StudentDTOMapper.java:0)&#10;Class &lt;com.academia.application.mappers.StudentDTOMapper&gt; has annotation member of type &lt;org.mapstruct.MappingInheritanceStrategy&gt; in (StudentDTOMapper.java:0)&#10;Class &lt;com.academia.application.mappers.StudentDTOMapper&gt; has annotation member of type &lt;org.mapstruct.NullValueCheckStrategy&gt; in (StudentDTOMapper.java:0)&#10;Class &lt;com.academia.application.mappers.StudentDTOMapper&gt; has annotation member of type &lt;org.mapstruct.NullValueMappingStrategy&gt; in (StudentDTOMapper.java:0)&#10;Class &lt;com.academia.application.mappers.StudentDTOMapper&gt; has annotation member of type &lt;org.mapstruct.NullValuePropertyMappingStrategy&gt; in (StudentDTOMapper.java:0)&#10;Class &lt;com.academia.application.mappers.StudentDTOMapper&gt; has annotation member of type &lt;org.mapstruct.ReportingPolicy&gt; in (StudentDTOMapper.java:0)&#10;Class &lt;com.academia.application.mappers.StudentDTOMapper&gt; has annotation member of type &lt;org.mapstruct.SubclassExhaustiveStrategy&gt; in (StudentDTOMapper.java:0)&#10;Class &lt;com.academia.application.mappers.StudentDTOMapper&gt; has annotation member of type &lt;org.mapstruct.control.MappingControl&gt; in (StudentDTOMapper.java:0)&#10;Class &lt;com.academia.application.mappers.StudentDTOMapper&gt; is annotated with &lt;org.mapstruct.Mapper&gt; in (StudentDTOMapper.java:0)&#10;Class &lt;com.academia.application.mappers.StudentDTOMapperImpl&gt; extends class &lt;java.lang.Object&gt; in (StudentDTOMapperImpl.java:0)&#10;Class &lt;com.academia.application.mappers.StudentDTOMapperImpl&gt; is annotated with &lt;org.springframework.stereotype.Component&gt; in (StudentDTOMapperImpl.java:0)&#10;Class &lt;com.academia.application.services.EnrollStudentInCourseServiceImpl&gt; extends class &lt;java.lang.Object&gt; in (EnrollStudentInCourseServiceImpl.java:0)&#10;Class &lt;com.academia.application.services.EnrollStudentInCourseServiceImpl&gt; is annotated with &lt;org.springframework.stereotype.Service&gt; in (EnrollStudentInCourseServiceImpl.java:0)&#10;Class &lt;com.academia.application.services.FindStudentDetailsServiceImpl&gt; extends class &lt;java.lang.Object&gt; in (FindStudentDetailsServiceImpl.java:0)&#10;Class &lt;com.academia.application.services.FindStudentDetailsServiceImpl&gt; is annotated with &lt;org.springframework.stereotype.Service&gt; in (FindStudentDetailsServiceImpl.java:0)&#10;Class &lt;com.academia.application.services.RegisterNewStudentServiceImpl&gt; extends class &lt;java.lang.Object&gt; in (RegisterNewStudentServiceImpl.java:0)&#10;Class &lt;com.academia.application.services.RegisterNewStudentServiceImpl&gt; is annotated with &lt;org.springframework.stereotype.Service&gt; in (RegisterNewStudentServiceImpl.java:0)&#10;Class &lt;com.academia.domain.model.aggregates.Course&gt; extends class &lt;java.lang.Object&gt; in (Course.java:0)&#10;Class &lt;com.academia.domain.model.aggregates.Organization&gt; extends class &lt;java.lang.Object&gt; in (Organization.java:0)&#10;Class &lt;com.academia.domain.model.aggregates.UserAccount&gt; extends class &lt;java.lang.Object&gt; in (UserAccount.java:0)&#10;Class &lt;com.academia.domain.model.entities.AcademicTerm&gt; extends class &lt;java.lang.Object&gt; in (AcademicTerm.java:0)&#10;Class &lt;com.academia.domain.model.entities.Enrollment&gt; extends class &lt;java.lang.Object&gt; in (Enrollment.java:0)&#10;Class &lt;com.academia.domain.model.entities.Guardian&gt; extends class &lt;java.lang.Object&gt; in (Guardian.java:0)&#10;Class &lt;com.academia.domain.model.entities.Role&gt; extends class &lt;java.lang.Object&gt; in (Role.java:0)&#10;Class &lt;com.academia.domain.model.entities.Staff&gt; extends class &lt;java.lang.Object&gt; in (Staff.java:0)&#10;Class &lt;com.academia.domain.model.entities.Student&gt; extends class &lt;java.lang.Object&gt; in (Student.java:0)&#10;Class &lt;com.academia.domain.model.entities.Subject&gt; extends class &lt;java.lang.Object&gt; in (Subject.java:0)&#10;Class &lt;com.academia.domain.model.entities.User&gt; extends class &lt;java.lang.Object&gt; in (User.java:0)&#10;Class &lt;com.academia.domain.model.enums.AccountStatus&gt; extends class &lt;java.lang.Enum&gt; in (AccountStatus.java:0)&#10;Class &lt;com.academia.domain.model.enums.AttendanceStatus&gt; extends class &lt;java.lang.Enum&gt; in (AttendanceStatus.java:0)&#10;Class &lt;com.academia.domain.model.enums.EnrollmentStatus&gt; extends class &lt;java.lang.Enum&gt; in (EnrollmentStatus.java:0)&#10;Class &lt;com.academia.domain.model.enums.RoleScope&gt; extends class &lt;java.lang.Enum&gt; in (RoleScope.java:0)&#10;Class &lt;com.academia.domain.model.events.CourseEvents$StudentEnrolledInCourse&gt; extends class &lt;java.lang.Record&gt; in (CourseEvents.java:0)&#10;Class &lt;com.academia.domain.model.events.CourseEvents$TeacherAssignedToCourse&gt; extends class &lt;java.lang.Record&gt; in (CourseEvents.java:0)&#10;Class &lt;com.academia.domain.model.events.CourseEvents&gt; extends class &lt;java.lang.Object&gt; in (CourseEvents.java:0)&#10;Class &lt;com.academia.domain.model.events.UserAccountEvents$AccountActivated&gt; extends class &lt;java.lang.Record&gt; in (UserAccountEvents.java:0)&#10;Class &lt;com.academia.domain.model.events.UserAccountEvents$UserRegisteredEvent&gt; extends class &lt;java.lang.Record&gt; in (UserAccountEvents.java:0)&#10;Class &lt;com.academia.domain.model.events.UserAccountEvents&gt; extends class &lt;java.lang.Object&gt; in (UserAccountEvents.java:0)&#10;Class &lt;com.academia.domain.model.events.UserEvents$AccountActivated&gt; extends class &lt;java.lang.Record&gt; in (UserEvents.java:0)&#10;Class &lt;com.academia.domain.model.events.UserEvents$UserRegisteredEvent&gt; extends class &lt;java.lang.Record&gt; in (UserEvents.java:0)&#10;Class &lt;com.academia.domain.model.events.UserEvents&gt; extends class &lt;java.lang.Object&gt; in (UserEvents.java:0)&#10;Class &lt;com.academia.domain.model.services.EnrollmentEligibilityChecker&gt; extends class &lt;java.lang.Object&gt; in (EnrollmentEligibilityChecker.java:0)&#10;Class &lt;com.academia.domain.model.valueobjects.GuardianRelationship&gt; extends class &lt;java.lang.Object&gt; in (GuardianRelationship.java:0)&#10;Class &lt;com.academia.domain.model.valueobjects.academic.CourseCode&gt; extends class &lt;java.lang.Object&gt; in (CourseCode.java:0)&#10;Class &lt;com.academia.domain.model.valueobjects.academic.Grade&gt; extends class &lt;java.lang.Object&gt; in (Grade.java:0)&#10;Class &lt;com.academia.domain.model.valueobjects.academic.TermDates&gt; extends class &lt;java.lang.Object&gt; in (TermDates.java:0)&#10;Class &lt;com.academia.domain.model.valueobjects.ids.AccountId&gt; extends class &lt;java.lang.Object&gt; in (AccountId.java:0)&#10;Class &lt;com.academia.domain.model.valueobjects.ids.CourseId&gt; extends class &lt;java.lang.Object&gt; in (CourseId.java:0)&#10;Class &lt;com.academia.domain.model.valueobjects.ids.OrganizationId&gt; extends class &lt;java.lang.Object&gt; in (OrganizationId.java:0)&#10;Class &lt;com.academia.domain.model.valueobjects.ids.SubjectId&gt; extends class &lt;java.lang.Object&gt; in (SubjectId.java:0)&#10;Class &lt;com.academia.domain.model.valueobjects.user.DNI&gt; extends class &lt;java.lang.Object&gt; in (DNI.java:0)&#10;Class &lt;com.academia.domain.model.valueobjects.user.Email&gt; extends class &lt;java.lang.Record&gt; in (Email.java:0)&#10;Class &lt;com.academia.domain.model.valueobjects.user.HashedPassword&gt; extends class &lt;java.lang.Object&gt; in (HashedPassword.java:0)&#10;Class &lt;com.academia.domain.model.valueobjects.user.Name&gt; extends class &lt;java.lang.Object&gt; in (Name.java:0)&#10;Class &lt;com.academia.domain.ports.in.commands.EnrollStudentInCourseCommand&gt; extends class &lt;java.lang.Record&gt; in (EnrollStudentInCourseCommand.java:0)&#10;Class &lt;com.academia.domain.ports.in.commands.RegisterNewStudentCommand&gt; extends class &lt;java.lang.Record&gt; in (RegisterNewStudentCommand.java:0)&#10;Class &lt;com.academia.domain.ports.in.dtos.EnrollmentResultDTO&gt; extends class &lt;java.lang.Record&gt; in (EnrollmentResultDTO.java:0)&#10;Class &lt;com.academia.domain.ports.in.dtos.StudentDetailsDTO$GuardianDTO&gt; extends class &lt;java.lang.Record&gt; in (StudentDetailsDTO.java:0)&#10;Class &lt;com.academia.domain.ports.in.dtos.StudentDetailsDTO&gt; extends class &lt;java.lang.Record&gt; in (StudentDetailsDTO.java:0)&#10;Class &lt;com.academia.domain.ports.in.queries.GetStudentDetailsQuery&gt; extends class &lt;java.lang.Record&gt; in (GetStudentDetailsQuery.java:0)&#10;Class &lt;com.academia.infrastructure.config.DomainServiceConfig&gt; extends class &lt;java.lang.Object&gt; in (DomainServiceConfig.java:0)&#10;Class &lt;com.academia.infrastructure.config.DomainServiceConfig&gt; is annotated with &lt;org.springframework.context.annotation.Configuration&gt; in (DomainServiceConfig.java:0)&#10;Class &lt;com.academia.infrastructure.config.OpenApiConfig&gt; extends class &lt;java.lang.Object&gt; in (OpenApiConfig.java:0)&#10;Class &lt;com.academia.infrastructure.config.OpenApiConfig&gt; is annotated with &lt;org.springframework.context.annotation.Configuration&gt; in (OpenApiConfig.java:0)&#10;Class &lt;com.academia.infrastructure.events.SpringDomainEventPublisher&gt; extends class &lt;java.lang.Object&gt; in (SpringDomainEventPublisher.java:0)&#10;Class &lt;com.academia.infrastructure.events.SpringDomainEventPublisher&gt; is annotated with &lt;org.springframework.stereotype.Component&gt; in (SpringDomainEventPublisher.java:0)&#10;Class &lt;com.academia.infrastructure.persistence.adapters.JpaCourseRepositoryAdapter&gt; extends class &lt;java.lang.Object&gt; in (JpaCourseRepositoryAdapter.java:0)&#10;Class &lt;com.academia.infrastructure.persistence.adapters.JpaCourseRepositoryAdapter&gt; is annotated with &lt;org.springframework.stereotype.Repository&gt; in (JpaCourseRepositoryAdapter.java:0)&#10;Class &lt;com.academia.infrastructure.persistence.adapters.JpaOrganizationRepositoryAdapter&gt; extends class &lt;java.lang.Object&gt; in (JpaOrganizationRepositoryAdapter.java:0)&#10;Class &lt;com.academia.infrastructure.persistence.adapters.JpaOrganizationRepositoryAdapter&gt; is annotated with &lt;org.springframework.stereotype.Repository&gt; in (JpaOrganizationRepositoryAdapter.java:0)&#10;Class &lt;com.academia.infrastructure.persistence.adapters.JpaStudentRepositoryAdapter&gt; extends class &lt;java.lang.Object&gt; in (JpaStudentRepositoryAdapter.java:0)&#10;Class &lt;com.academia.infrastructure.persistence.adapters.JpaStudentRepositoryAdapter&gt; is annotated with &lt;org.springframework.stereotype.Repository&gt; in (JpaStudentRepositoryAdapter.java:0)&#10;Class &lt;com.academia.infrastructure.persistence.adapters.JpaUserAccountRepositoryAdapter&gt; extends class &lt;java.lang.Object&gt; in (JpaUserAccountRepositoryAdapter.java:0)&#10;Class &lt;com.academia.infrastructure.persistence.adapters.JpaUserAccountRepositoryAdapter&gt; is annotated with &lt;org.springframework.stereotype.Repository&gt; in (JpaUserAccountRepositoryAdapter.java:0)&#10;Class &lt;com.academia.infrastructure.persistence.jpa.entities.OrganizationJpaEntity&gt; extends class &lt;java.lang.Object&gt; in (OrganizationJpaEntity.java:0)&#10;Class &lt;com.academia.infrastructure.persistence.jpa.entities.OrganizationJpaEntity&gt; is annotated with &lt;jakarta.persistence.Entity&gt; in (OrganizationJpaEntity.java:0)&#10;Class &lt;com.academia.infrastructure.persistence.jpa.entities.OrganizationJpaEntity&gt; is annotated with &lt;jakarta.persistence.Table&gt; in (OrganizationJpaEntity.java:0)&#10;Class &lt;com.academia.infrastructure.persistence.jpa.entities.StudentProfileJpaEntity&gt; extends class &lt;java.lang.Object&gt; in (StudentProfileJpaEntity.java:0)&#10;Class &lt;com.academia.infrastructure.persistence.jpa.entities.StudentProfileJpaEntity&gt; is annotated with &lt;jakarta.persistence.Entity&gt; in (StudentProfileJpaEntity.java:0)&#10;Class &lt;com.academia.infrastructure.persistence.jpa.entities.StudentProfileJpaEntity&gt; is annotated with &lt;jakarta.persistence.Table&gt; in (StudentProfileJpaEntity.java:0)&#10;Class &lt;com.academia.infrastructure.persistence.jpa.entities.UserJpaEntity&gt; extends class &lt;java.lang.Object&gt; in (UserJpaEntity.java:0)&#10;Class &lt;com.academia.infrastructure.persistence.jpa.entities.UserJpaEntity&gt; is annotated with &lt;jakarta.persistence.Entity&gt; in (UserJpaEntity.java:0)&#10;Class &lt;com.academia.infrastructure.persistence.jpa.entities.UserJpaEntity&gt; is annotated with &lt;jakarta.persistence.Table&gt; in (UserJpaEntity.java:0)&#10;Class &lt;com.academia.infrastructure.persistence.jpa.mappers.OrganizationMapper&gt; has annotation member of type &lt;java.lang.IllegalArgumentException&gt; in (OrganizationMapper.java:0)&#10;Class &lt;com.academia.infrastructure.persistence.jpa.mappers.OrganizationMapper&gt; has annotation member of type &lt;org.mapstruct.Builder&gt; in (OrganizationMapper.java:0)&#10;Class &lt;com.academia.infrastructure.persistence.jpa.mappers.OrganizationMapper&gt; has annotation member of type &lt;org.mapstruct.CollectionMappingStrategy&gt; in (OrganizationMapper.java:0)&#10;Class &lt;com.academia.infrastructure.persistence.jpa.mappers.OrganizationMapper&gt; has annotation member of type &lt;org.mapstruct.InjectionStrategy&gt; in (OrganizationMapper.java:0)&#10;Class &lt;com.academia.infrastructure.persistence.jpa.mappers.OrganizationMapper&gt; has annotation member of type &lt;org.mapstruct.MappingInheritanceStrategy&gt; in (OrganizationMapper.java:0)&#10;Class &lt;com.academia.infrastructure.persistence.jpa.mappers.OrganizationMapper&gt; has annotation member of type &lt;org.mapstruct.NullValueCheckStrategy&gt; in (OrganizationMapper.java:0)&#10;Class &lt;com.academia.infrastructure.persistence.jpa.mappers.OrganizationMapper&gt; has annotation member of type &lt;org.mapstruct.NullValueMappingStrategy&gt; in (OrganizationMapper.java:0)&#10;Class &lt;com.academia.infrastructure.persistence.jpa.mappers.OrganizationMapper&gt; has annotation member of type &lt;org.mapstruct.NullValuePropertyMappingStrategy&gt; in (OrganizationMapper.java:0)&#10;Class &lt;com.academia.infrastructure.persistence.jpa.mappers.OrganizationMapper&gt; has annotation member of type &lt;org.mapstruct.ReportingPolicy&gt; in (OrganizationMapper.java:0)&#10;Class &lt;com.academia.infrastructure.persistence.jpa.mappers.OrganizationMapper&gt; has annotation member of type &lt;org.mapstruct.SubclassExhaustiveStrategy&gt; in (OrganizationMapper.java:0)&#10;Class &lt;com.academia.infrastructure.persistence.jpa.mappers.OrganizationMapper&gt; has annotation member of type &lt;org.mapstruct.control.MappingControl&gt; in (OrganizationMapper.java:0)&#10;Class &lt;com.academia.infrastructure.persistence.jpa.mappers.OrganizationMapper&gt; is annotated with &lt;org.mapstruct.Mapper&gt; in (OrganizationMapper.java:0)&#10;Class &lt;com.academia.infrastructure.persistence.jpa.mappers.OrganizationMapperImpl&gt; extends class &lt;java.lang.Object&gt; in (OrganizationMapperImpl.java:0)&#10;Class &lt;com.academia.infrastructure.persistence.jpa.mappers.OrganizationMapperImpl&gt; is annotated with &lt;org.springframework.stereotype.Component&gt; in (OrganizationMapperImpl.java:0)&#10;Class &lt;com.academia.infrastructure.persistence.jpa.mappers.StudentMapper&gt; has annotation member of type &lt;java.lang.IllegalArgumentException&gt; in (StudentMapper.java:0)&#10;Class &lt;com.academia.infrastructure.persistence.jpa.mappers.StudentMapper&gt; has annotation member of type &lt;org.mapstruct.Builder&gt; in (StudentMapper.java:0)&#10;Class &lt;com.academia.infrastructure.persistence.jpa.mappers.StudentMapper&gt; has annotation member of type &lt;org.mapstruct.CollectionMappingStrategy&gt; in (StudentMapper.java:0)&#10;Class &lt;com.academia.infrastructure.persistence.jpa.mappers.StudentMapper&gt; has annotation member of type &lt;org.mapstruct.InjectionStrategy&gt; in (StudentMapper.java:0)&#10;Class &lt;com.academia.infrastructure.persistence.jpa.mappers.StudentMapper&gt; has annotation member of type &lt;org.mapstruct.MappingInheritanceStrategy&gt; in (StudentMapper.java:0)&#10;Class &lt;com.academia.infrastructure.persistence.jpa.mappers.StudentMapper&gt; has annotation member of type &lt;org.mapstruct.NullValueCheckStrategy&gt; in (StudentMapper.java:0)&#10;Class &lt;com.academia.infrastructure.persistence.jpa.mappers.StudentMapper&gt; has annotation member of type &lt;org.mapstruct.NullValueMappingStrategy&gt; in (StudentMapper.java:0)&#10;Class &lt;com.academia.infrastructure.persistence.jpa.mappers.StudentMapper&gt; has annotation member of type &lt;org.mapstruct.NullValuePropertyMappingStrategy&gt; in (StudentMapper.java:0)&#10;Class &lt;com.academia.infrastructure.persistence.jpa.mappers.StudentMapper&gt; has annotation member of type &lt;org.mapstruct.ReportingPolicy&gt; in (StudentMapper.java:0)&#10;Class &lt;com.academia.infrastructure.persistence.jpa.mappers.StudentMapper&gt; has annotation member of type &lt;org.mapstruct.SubclassExhaustiveStrategy&gt; in (StudentMapper.java:0)&#10;Class &lt;com.academia.infrastructure.persistence.jpa.mappers.StudentMapper&gt; has annotation member of type &lt;org.mapstruct.control.MappingControl&gt; in (StudentMapper.java:0)&#10;Class &lt;com.academia.infrastructure.persistence.jpa.mappers.StudentMapper&gt; is annotated with &lt;org.mapstruct.Mapper&gt; in (StudentMapper.java:0)&#10;Class &lt;com.academia.infrastructure.persistence.jpa.mappers.StudentMapperImpl&gt; extends class &lt;java.lang.Object&gt; in (StudentMapperImpl.java:0)&#10;Class &lt;com.academia.infrastructure.persistence.jpa.mappers.StudentMapperImpl&gt; is annotated with &lt;org.springframework.stereotype.Component&gt; in (StudentMapperImpl.java:0)&#10;Class &lt;com.academia.infrastructure.persistence.jpa.mappers.UserAccountMapper&gt; has annotation member of type &lt;java.lang.IllegalArgumentException&gt; in (UserAccountMapper.java:0)&#10;Class &lt;com.academia.infrastructure.persistence.jpa.mappers.UserAccountMapper&gt; has annotation member of type &lt;org.mapstruct.Builder&gt; in (UserAccountMapper.java:0)&#10;Class &lt;com.academia.infrastructure.persistence.jpa.mappers.UserAccountMapper&gt; has annotation member of type &lt;org.mapstruct.CollectionMappingStrategy&gt; in (UserAccountMapper.java:0)&#10;Class &lt;com.academia.infrastructure.persistence.jpa.mappers.UserAccountMapper&gt; has annotation member of type &lt;org.mapstruct.InjectionStrategy&gt; in (UserAccountMapper.java:0)&#10;Class &lt;com.academia.infrastructure.persistence.jpa.mappers.UserAccountMapper&gt; has annotation member of type &lt;org.mapstruct.MappingInheritanceStrategy&gt; in (UserAccountMapper.java:0)&#10;Class &lt;com.academia.infrastructure.persistence.jpa.mappers.UserAccountMapper&gt; has annotation member of type &lt;org.mapstruct.NullValueCheckStrategy&gt; in (UserAccountMapper.java:0)&#10;Class &lt;com.academia.infrastructure.persistence.jpa.mappers.UserAccountMapper&gt; has annotation member of type &lt;org.mapstruct.NullValueMappingStrategy&gt; in (UserAccountMapper.java:0)&#10;Class &lt;com.academia.infrastructure.persistence.jpa.mappers.UserAccountMapper&gt; has annotation member of type &lt;org.mapstruct.NullValuePropertyMappingStrategy&gt; in (UserAccountMapper.java:0)&#10;Class &lt;com.academia.infrastructure.persistence.jpa.mappers.UserAccountMapper&gt; has annotation member of type &lt;org.mapstruct.ReportingPolicy&gt; in (UserAccountMapper.java:0)&#10;Class &lt;com.academia.infrastructure.persistence.jpa.mappers.UserAccountMapper&gt; has annotation member of type &lt;org.mapstruct.SubclassExhaustiveStrategy&gt; in (UserAccountMapper.java:0)&#10;Class &lt;com.academia.infrastructure.persistence.jpa.mappers.UserAccountMapper&gt; has annotation member of type &lt;org.mapstruct.control.MappingControl&gt; in (UserAccountMapper.java:0)&#10;Class &lt;com.academia.infrastructure.persistence.jpa.mappers.UserAccountMapper&gt; is annotated with &lt;org.mapstruct.Mapper&gt; in (UserAccountMapper.java:0)&#10;Class &lt;com.academia.infrastructure.persistence.jpa.mappers.UserAccountMapperImpl&gt; extends class &lt;java.lang.Object&gt; in (UserAccountMapperImpl.java:0)&#10;Class &lt;com.academia.infrastructure.persistence.jpa.mappers.UserAccountMapperImpl&gt; is annotated with &lt;org.springframework.stereotype.Component&gt; in (UserAccountMapperImpl.java:0)&#10;Class &lt;com.academia.infrastructure.persistence.jpa.repositories.SpringOrganizationRepository&gt; has generic interface &lt;org.springframework.data.jpa.repository.JpaRepository&lt;com.academia.infrastructure.persistence.jpa.entities.OrganizationJpaEntity, java.lang.Long&gt;&gt; with type argument depending on &lt;java.lang.Long&gt; in (SpringOrganizationRepository.java:0)&#10;Class &lt;com.academia.infrastructure.persistence.jpa.repositories.SpringStudentProfileRepository&gt; has generic interface &lt;org.springframework.data.jpa.repository.JpaRepository&lt;com.academia.infrastructure.persistence.jpa.entities.StudentProfileJpaEntity, java.lang.Long&gt;&gt; with type argument depending on &lt;java.lang.Long&gt; in (SpringStudentProfileRepository.java:0)&#10;Class &lt;com.academia.infrastructure.persistence.jpa.repositories.SpringUserRepository&gt; has generic interface &lt;org.springframework.data.jpa.repository.JpaRepository&lt;com.academia.infrastructure.persistence.jpa.entities.UserJpaEntity, java.lang.Long&gt;&gt; with type argument depending on &lt;java.lang.Long&gt; in (SpringUserRepository.java:0)&#10;Class &lt;com.academia.infrastructure.web.controllers.CourseController&gt; extends class &lt;java.lang.Object&gt; in (CourseController.java:0)&#10;Class &lt;com.academia.infrastructure.web.controllers.CourseController&gt; is annotated with &lt;org.springframework.web.bind.annotation.RequestMapping&gt; in (CourseController.java:0)&#10;Class &lt;com.academia.infrastructure.web.controllers.CourseController&gt; is annotated with &lt;org.springframework.web.bind.annotation.RestController&gt; in (CourseController.java:0)&#10;Class &lt;com.academia.infrastructure.web.controllers.StudentController&gt; extends class &lt;java.lang.Object&gt; in (StudentController.java:0)&#10;Class &lt;com.academia.infrastructure.web.controllers.StudentController&gt; is annotated with &lt;org.springframework.web.bind.annotation.RequestMapping&gt; in (StudentController.java:0)&#10;Class &lt;com.academia.infrastructure.web.controllers.StudentController&gt; is annotated with &lt;org.springframework.web.bind.annotation.RestController&gt; in (StudentController.java:0)&#10;Class &lt;com.academia.infrastructure.web.mappers.EnrollStudentRequestMapper&gt; has annotation member of type &lt;java.lang.IllegalArgumentException&gt; in (EnrollStudentRequestMapper.java:0)&#10;Class &lt;com.academia.infrastructure.web.mappers.EnrollStudentRequestMapper&gt; has annotation member of type &lt;org.mapstruct.Builder&gt; in (EnrollStudentRequestMapper.java:0)&#10;Class &lt;com.academia.infrastructure.web.mappers.EnrollStudentRequestMapper&gt; has annotation member of type &lt;org.mapstruct.CollectionMappingStrategy&gt; in (EnrollStudentRequestMapper.java:0)&#10;Class &lt;com.academia.infrastructure.web.mappers.EnrollStudentRequestMapper&gt; has annotation member of type &lt;org.mapstruct.InjectionStrategy&gt; in (EnrollStudentRequestMapper.java:0)&#10;Class &lt;com.academia.infrastructure.web.mappers.EnrollStudentRequestMapper&gt; has annotation member of type &lt;org.mapstruct.MappingInheritanceStrategy&gt; in (EnrollStudentRequestMapper.java:0)&#10;Class &lt;com.academia.infrastructure.web.mappers.EnrollStudentRequestMapper&gt; has annotation member of type &lt;org.mapstruct.NullValueCheckStrategy&gt; in (EnrollStudentRequestMapper.java:0)&#10;Class &lt;com.academia.infrastructure.web.mappers.EnrollStudentRequestMapper&gt; has annotation member of type &lt;org.mapstruct.NullValueMappingStrategy&gt; in (EnrollStudentRequestMapper.java:0)&#10;Class &lt;com.academia.infrastructure.web.mappers.EnrollStudentRequestMapper&gt; has annotation member of type &lt;org.mapstruct.NullValuePropertyMappingStrategy&gt; in (EnrollStudentRequestMapper.java:0)&#10;Class &lt;com.academia.infrastructure.web.mappers.EnrollStudentRequestMapper&gt; has annotation member of type &lt;org.mapstruct.ReportingPolicy&gt; in (EnrollStudentRequestMapper.java:0)&#10;Class &lt;com.academia.infrastructure.web.mappers.EnrollStudentRequestMapper&gt; has annotation member of type &lt;org.mapstruct.SubclassExhaustiveStrategy&gt; in (EnrollStudentRequestMapper.java:0)&#10;Class &lt;com.academia.infrastructure.web.mappers.EnrollStudentRequestMapper&gt; has annotation member of type &lt;org.mapstruct.control.MappingControl&gt; in (EnrollStudentRequestMapper.java:0)&#10;Class &lt;com.academia.infrastructure.web.mappers.EnrollStudentRequestMapper&gt; is annotated with &lt;org.mapstruct.Mapper&gt; in (EnrollStudentRequestMapper.java:0)&#10;Class &lt;com.academia.infrastructure.web.mappers.EnrollStudentRequestMapperImpl&gt; extends class &lt;java.lang.Object&gt; in (EnrollStudentRequestMapperImpl.java:0)&#10;Class &lt;com.academia.infrastructure.web.mappers.EnrollStudentRequestMapperImpl&gt; is annotated with &lt;org.springframework.stereotype.Component&gt; in (EnrollStudentRequestMapperImpl.java:0)&#10;Class &lt;com.academia.infrastructure.web.mappers.RegisterStudentRequestMapper&gt; has annotation member of type &lt;java.lang.IllegalArgumentException&gt; in (RegisterStudentRequestMapper.java:0)&#10;Class &lt;com.academia.infrastructure.web.mappers.RegisterStudentRequestMapper&gt; has annotation member of type &lt;org.mapstruct.Builder&gt; in (RegisterStudentRequestMapper.java:0)&#10;Class &lt;com.academia.infrastructure.web.mappers.RegisterStudentRequestMapper&gt; has annotation member of type &lt;org.mapstruct.CollectionMappingStrategy&gt; in (RegisterStudentRequestMapper.java:0)&#10;Class &lt;com.academia.infrastructure.web.mappers.RegisterStudentRequestMapper&gt; has annotation member of type &lt;org.mapstruct.InjectionStrategy&gt; in (RegisterStudentRequestMapper.java:0)&#10;Class &lt;com.academia.infrastructure.web.mappers.RegisterStudentRequestMapper&gt; has annotation member of type &lt;org.mapstruct.MappingInheritanceStrategy&gt; in (RegisterStudentRequestMapper.java:0)&#10;Class &lt;com.academia.infrastructure.web.mappers.RegisterStudentRequestMapper&gt; has annotation member of type &lt;org.mapstruct.NullValueCheckStrategy&gt; in (RegisterStudentRequestMapper.java:0)&#10;Class &lt;com.academia.infrastructure.web.mappers.RegisterStudentRequestMapper&gt; has annotation member of type &lt;org.mapstruct.NullValueMappingStrategy&gt; in (RegisterStudentRequestMapper.java:0)&#10;Class &lt;com.academia.infrastructure.web.mappers.RegisterStudentRequestMapper&gt; has annotation member of type &lt;org.mapstruct.NullValuePropertyMappingStrategy&gt; in (RegisterStudentRequestMapper.java:0)&#10;Class &lt;com.academia.infrastructure.web.mappers.RegisterStudentRequestMapper&gt; has annotation member of type &lt;org.mapstruct.ReportingPolicy&gt; in (RegisterStudentRequestMapper.java:0)&#10;Class &lt;com.academia.infrastructure.web.mappers.RegisterStudentRequestMapper&gt; has annotation member of type &lt;org.mapstruct.SubclassExhaustiveStrategy&gt; in (RegisterStudentRequestMapper.java:0)&#10;Class &lt;com.academia.infrastructure.web.mappers.RegisterStudentRequestMapper&gt; has annotation member of type &lt;org.mapstruct.control.MappingControl&gt; in (RegisterStudentRequestMapper.java:0)&#10;Class &lt;com.academia.infrastructure.web.mappers.RegisterStudentRequestMapper&gt; is annotated with &lt;org.mapstruct.Mapper&gt; in (RegisterStudentRequestMapper.java:0)&#10;Class &lt;com.academia.infrastructure.web.mappers.RegisterStudentRequestMapperImpl&gt; extends class &lt;java.lang.Object&gt; in (RegisterStudentRequestMapperImpl.java:0)&#10;Class &lt;com.academia.infrastructure.web.mappers.RegisterStudentRequestMapperImpl&gt; is annotated with &lt;org.springframework.stereotype.Component&gt; in (RegisterStudentRequestMapperImpl.java:0)&#10;Class &lt;com.academia.infrastructure.web.requests.EnrollStudentInCourseRequest&gt; extends class &lt;java.lang.Record&gt; in (EnrollStudentInCourseRequest.java:0)&#10;Class &lt;com.academia.infrastructure.web.requests.RegisterStudentRequest&gt; extends class &lt;java.lang.Record&gt; in (RegisterStudentRequest.java:0)&#10;Constructor &lt;com.academia.application.exceptions.ResourceNotFoundException.&lt;init&gt;(java.lang.String)&gt; calls constructor &lt;java.lang.RuntimeException.&lt;init&gt;(java.lang.String)&gt; in (ResourceNotFoundException.java:9)&#10;Constructor &lt;com.academia.application.exceptions.ResourceNotFoundException.&lt;init&gt;(java.lang.String)&gt; has parameter of type &lt;java.lang.String&gt; in (ResourceNotFoundException.java:0)&#10;Constructor &lt;com.academia.application.mappers.StudentDTOMapperImpl.&lt;init&gt;()&gt; calls constructor &lt;java.lang.Object.&lt;init&gt;()&gt; in (StudentDTOMapperImpl.java:21)&#10;Constructor &lt;com.academia.application.services.EnrollStudentInCourseServiceImpl.&lt;init&gt;(com.academia.domain.ports.out.StudentRepository, com.academia.domain.ports.out.CourseRepository, com.academia.domain.ports.out.DomainEventPublisher, com.academia.domain.model.services.EnrollmentEligibilityChecker)&gt; calls constructor &lt;java.lang.Object.&lt;init&gt;()&gt; in (EnrollStudentInCourseServiceImpl.java:21)&#10;Constructor &lt;com.academia.application.services.EnrollStudentInCourseServiceImpl.&lt;init&gt;(com.academia.domain.ports.out.StudentRepository, com.academia.domain.ports.out.CourseRepository, com.academia.domain.ports.out.DomainEventPublisher, com.academia.domain.model.services.EnrollmentEligibilityChecker)&gt; is annotated with &lt;lombok.Generated&gt; in (EnrollStudentInCourseServiceImpl.java:0)&#10;Constructor &lt;com.academia.application.services.FindStudentDetailsServiceImpl.&lt;init&gt;(com.academia.domain.ports.out.UserAccountRepository, com.academia.domain.ports.out.StudentRepository, com.academia.application.mappers.StudentDTOMapper)&gt; calls constructor &lt;java.lang.Object.&lt;init&gt;()&gt; in (FindStudentDetailsServiceImpl.java:18)&#10;Constructor &lt;com.academia.application.services.FindStudentDetailsServiceImpl.&lt;init&gt;(com.academia.domain.ports.out.UserAccountRepository, com.academia.domain.ports.out.StudentRepository, com.academia.application.mappers.StudentDTOMapper)&gt; is annotated with &lt;lombok.Generated&gt; in (FindStudentDetailsServiceImpl.java:0)&#10;Constructor &lt;com.academia.application.services.RegisterNewStudentServiceImpl.&lt;init&gt;(com.academia.domain.ports.out.OrganizationRepository, com.academia.domain.ports.out.UserAccountRepository, com.academia.domain.ports.out.StudentRepository, com.academia.domain.ports.out.DomainEventPublisher, com.academia.application.mappers.StudentDTOMapper)&gt; calls constructor &lt;java.lang.Object.&lt;init&gt;()&gt; in (RegisterNewStudentServiceImpl.java:25)&#10;Constructor &lt;com.academia.application.services.RegisterNewStudentServiceImpl.&lt;init&gt;(com.academia.domain.ports.out.OrganizationRepository, com.academia.domain.ports.out.UserAccountRepository, com.academia.domain.ports.out.StudentRepository, com.academia.domain.ports.out.DomainEventPublisher, com.academia.application.mappers.StudentDTOMapper)&gt; is annotated with &lt;lombok.Generated&gt; in (RegisterNewStudentServiceImpl.java:0)&#10;Constructor &lt;com.academia.domain.model.aggregates.Course.&lt;init&gt;(com.academia.domain.model.valueobjects.ids.CourseId, com.academia.domain.model.entities.Subject, com.academia.domain.model.entities.AcademicTerm)&gt; calls constructor &lt;java.lang.Object.&lt;init&gt;()&gt; in (Course.java:28)&#10;Constructor &lt;com.academia.domain.model.aggregates.Course.&lt;init&gt;(com.academia.domain.model.valueobjects.ids.CourseId, com.academia.domain.model.entities.Subject, com.academia.domain.model.entities.AcademicTerm)&gt; calls constructor &lt;java.util.ArrayList.&lt;init&gt;()&gt; in (Course.java:26)&#10;Constructor &lt;com.academia.domain.model.aggregates.Course.&lt;init&gt;(com.academia.domain.model.valueobjects.ids.CourseId, com.academia.domain.model.entities.Subject, com.academia.domain.model.entities.AcademicTerm)&gt; calls constructor &lt;java.util.HashSet.&lt;init&gt;()&gt; in (Course.java:32)&#10;Constructor &lt;com.academia.domain.model.aggregates.Organization.&lt;init&gt;(com.academia.domain.model.valueobjects.ids.OrganizationId, java.lang.String, int)&gt; calls constructor &lt;java.lang.Object.&lt;init&gt;()&gt; in (Organization.java:18)&#10;Constructor &lt;com.academia.domain.model.aggregates.Organization.&lt;init&gt;(com.academia.domain.model.valueobjects.ids.OrganizationId, java.lang.String, int)&gt; calls constructor &lt;java.util.HashSet.&lt;init&gt;()&gt; in (Organization.java:23)&#10;Constructor &lt;com.academia.domain.model.aggregates.Organization.&lt;init&gt;(com.academia.domain.model.valueobjects.ids.OrganizationId, java.lang.String, int)&gt; has parameter of type &lt;java.lang.String&gt; in (Organization.java:0)&#10;Constructor &lt;com.academia.domain.model.aggregates.UserAccount.&lt;init&gt;(com.academia.domain.model.entities.User)&gt; calls constructor &lt;java.lang.Object.&lt;init&gt;()&gt; in (UserAccount.java:17)&#10;Constructor &lt;com.academia.domain.model.aggregates.UserAccount.&lt;init&gt;(com.academia.domain.model.entities.User)&gt; calls constructor &lt;java.util.ArrayList.&lt;init&gt;()&gt; in (UserAccount.java:15)&#10;Constructor &lt;com.academia.domain.model.entities.AcademicTerm.&lt;init&gt;(java.lang.Long, com.academia.domain.model.valueobjects.ids.OrganizationId, java.lang.String, java.time.LocalDate, java.time.LocalDate)&gt; calls constructor &lt;java.lang.Object.&lt;init&gt;()&gt; in (AcademicTerm.java:12)&#10;Constructor &lt;com.academia.domain.model.entities.AcademicTerm.&lt;init&gt;(java.lang.Long, com.academia.domain.model.valueobjects.ids.OrganizationId, java.lang.String, java.time.LocalDate, java.time.LocalDate)&gt; has parameter of type &lt;java.lang.Long&gt; in (AcademicTerm.java:0)&#10;Constructor &lt;com.academia.domain.model.entities.AcademicTerm.&lt;init&gt;(java.lang.Long, com.academia.domain.model.valueobjects.ids.OrganizationId, java.lang.String, java.time.LocalDate, java.time.LocalDate)&gt; has parameter of type &lt;java.lang.String&gt; in (AcademicTerm.java:0)&#10;Constructor &lt;com.academia.domain.model.entities.AcademicTerm.&lt;init&gt;(java.lang.Long, com.academia.domain.model.valueobjects.ids.OrganizationId, java.lang.String, java.time.LocalDate, java.time.LocalDate)&gt; has parameter of type &lt;java.time.LocalDate&gt; in (AcademicTerm.java:0)&#10;Constructor &lt;com.academia.domain.model.entities.Enrollment.&lt;init&gt;(java.lang.Long, com.academia.domain.model.valueobjects.ids.AccountId, com.academia.domain.model.valueobjects.ids.CourseId)&gt; calls constructor &lt;java.lang.Object.&lt;init&gt;()&gt; in (Enrollment.java:18)&#10;Constructor &lt;com.academia.domain.model.entities.Enrollment.&lt;init&gt;(java.lang.Long, com.academia.domain.model.valueobjects.ids.AccountId, com.academia.domain.model.valueobjects.ids.CourseId)&gt; calls method &lt;java.time.LocalDateTime.now()&gt; in (Enrollment.java:23)&#10;Constructor &lt;com.academia.domain.model.entities.Enrollment.&lt;init&gt;(java.lang.Long, com.academia.domain.model.valueobjects.ids.AccountId, com.academia.domain.model.valueobjects.ids.CourseId)&gt; has parameter of type &lt;java.lang.Long&gt; in (Enrollment.java:0)&#10;Constructor &lt;com.academia.domain.model.entities.Guardian.&lt;init&gt;(com.academia.domain.model.valueobjects.ids.AccountId)&gt; calls constructor &lt;java.lang.Object.&lt;init&gt;()&gt; in (Guardian.java:7)&#10;Constructor &lt;com.academia.domain.model.entities.Role.&lt;init&gt;(java.lang.Integer, java.lang.String, com.academia.domain.model.enums.RoleScope, java.util.Set)&gt; calls constructor &lt;java.lang.Object.&lt;init&gt;()&gt; in (Role.java:17)&#10;Constructor &lt;com.academia.domain.model.entities.Role.&lt;init&gt;(java.lang.Integer, java.lang.String, com.academia.domain.model.enums.RoleScope, java.util.Set)&gt; calls constructor &lt;java.util.HashSet.&lt;init&gt;(java.util.Collection)&gt; in (Role.java:21)&#10;Constructor &lt;com.academia.domain.model.entities.Role.&lt;init&gt;(java.lang.Integer, java.lang.String, com.academia.domain.model.enums.RoleScope, java.util.Set)&gt; has generic parameter type &lt;java.util.Set&lt;java.lang.String&gt;&gt; with type argument depending on &lt;java.lang.String&gt; in (Role.java:0)&#10;Constructor &lt;com.academia.domain.model.entities.Role.&lt;init&gt;(java.lang.Integer, java.lang.String, com.academia.domain.model.enums.RoleScope, java.util.Set)&gt; has generic parameter type &lt;java.util.Set&lt;java.lang.String&gt;&gt; with type argument depending on &lt;java.util.Set&gt; in (Role.java:0)&#10;Constructor &lt;com.academia.domain.model.entities.Role.&lt;init&gt;(java.lang.Integer, java.lang.String, com.academia.domain.model.enums.RoleScope, java.util.Set)&gt; has parameter of type &lt;java.lang.Integer&gt; in (Role.java:0)&#10;Constructor &lt;com.academia.domain.model.entities.Role.&lt;init&gt;(java.lang.Integer, java.lang.String, com.academia.domain.model.enums.RoleScope, java.util.Set)&gt; has parameter of type &lt;java.lang.String&gt; in (Role.java:0)&#10;Constructor &lt;com.academia.domain.model.entities.Role.&lt;init&gt;(java.lang.Integer, java.lang.String, com.academia.domain.model.enums.RoleScope, java.util.Set)&gt; has parameter of type &lt;java.util.Set&gt; in (Role.java:0)&#10;Constructor &lt;com.academia.domain.model.entities.Staff.&lt;init&gt;(com.academia.domain.model.valueobjects.ids.AccountId, java.lang.String)&gt; calls constructor &lt;java.lang.Object.&lt;init&gt;()&gt; in (Staff.java:8)&#10;Constructor &lt;com.academia.domain.model.entities.Staff.&lt;init&gt;(com.academia.domain.model.valueobjects.ids.AccountId, java.lang.String)&gt; has parameter of type &lt;java.lang.String&gt; in (Staff.java:0)&#10;Constructor &lt;com.academia.domain.model.entities.Student.&lt;init&gt;(com.academia.domain.model.valueobjects.ids.AccountId, com.academia.domain.model.valueobjects.ids.OrganizationId, java.lang.String, java.time.LocalDate)&gt; calls constructor &lt;java.lang.Object.&lt;init&gt;()&gt; in (Student.java:20)&#10;Constructor &lt;com.academia.domain.model.entities.Student.&lt;init&gt;(com.academia.domain.model.valueobjects.ids.AccountId, com.academia.domain.model.valueobjects.ids.OrganizationId, java.lang.String, java.time.LocalDate)&gt; calls constructor &lt;java.util.HashSet.&lt;init&gt;()&gt; in (Student.java:25)&#10;Constructor &lt;com.academia.domain.model.entities.Student.&lt;init&gt;(com.academia.domain.model.valueobjects.ids.AccountId, com.academia.domain.model.valueobjects.ids.OrganizationId, java.lang.String, java.time.LocalDate)&gt; has parameter of type &lt;java.lang.String&gt; in (Student.java:0)&#10;Constructor &lt;com.academia.domain.model.entities.Student.&lt;init&gt;(com.academia.domain.model.valueobjects.ids.AccountId, com.academia.domain.model.valueobjects.ids.OrganizationId, java.lang.String, java.time.LocalDate)&gt; has parameter of type &lt;java.time.LocalDate&gt; in (Student.java:0)&#10;Constructor &lt;com.academia.domain.model.entities.Subject.&lt;init&gt;(java.lang.Long, com.academia.domain.model.valueobjects.ids.OrganizationId, java.lang.String, java.lang.String)&gt; calls constructor &lt;java.lang.Object.&lt;init&gt;()&gt; in (Subject.java:10)&#10;Constructor &lt;com.academia.domain.model.entities.Subject.&lt;init&gt;(java.lang.Long, com.academia.domain.model.valueobjects.ids.OrganizationId, java.lang.String, java.lang.String)&gt; has parameter of type &lt;java.lang.Long&gt; in (Subject.java:0)&#10;Constructor &lt;com.academia.domain.model.entities.Subject.&lt;init&gt;(java.lang.Long, com.academia.domain.model.valueobjects.ids.OrganizationId, java.lang.String, java.lang.String)&gt; has parameter of type &lt;java.lang.String&gt; in (Subject.java:0)&#10;Constructor &lt;com.academia.domain.model.entities.User.&lt;init&gt;(com.academia.domain.model.valueobjects.ids.AccountId, com.academia.domain.model.valueobjects.ids.OrganizationId, com.academia.domain.model.valueobjects.user.Name, com.academia.domain.model.valueobjects.user.Email, java.time.LocalDate, java.lang.String, com.academia.domain.model.enums.AccountStatus)&gt; calls constructor &lt;java.lang.Object.&lt;init&gt;()&gt; in (User.java:31)&#10;Constructor &lt;com.academia.domain.model.entities.User.&lt;init&gt;(com.academia.domain.model.valueobjects.ids.AccountId, com.academia.domain.model.valueobjects.ids.OrganizationId, com.academia.domain.model.valueobjects.user.Name, com.academia.domain.model.valueobjects.user.Email, java.time.LocalDate, java.lang.String, com.academia.domain.model.enums.AccountStatus)&gt; calls constructor &lt;java.util.HashSet.&lt;init&gt;()&gt; in (User.java:39)&#10;Constructor &lt;com.academia.domain.model.entities.User.&lt;init&gt;(com.academia.domain.model.valueobjects.ids.AccountId, com.academia.domain.model.valueobjects.ids.OrganizationId, com.academia.domain.model.valueobjects.user.Name, com.academia.domain.model.valueobjects.user.Email, java.time.LocalDate, java.lang.String, com.academia.domain.model.enums.AccountStatus)&gt; calls method &lt;java.time.LocalDateTime.now()&gt; in (User.java:40)&#10;Constructor &lt;com.academia.domain.model.entities.User.&lt;init&gt;(com.academia.domain.model.valueobjects.ids.AccountId, com.academia.domain.model.valueobjects.ids.OrganizationId, com.academia.domain.model.valueobjects.user.Name, com.academia.domain.model.valueobjects.user.Email, java.time.LocalDate, java.lang.String, com.academia.domain.model.enums.AccountStatus)&gt; calls method &lt;java.time.LocalDateTime.now()&gt; in (User.java:41)&#10;Constructor &lt;com.academia.domain.model.entities.User.&lt;init&gt;(com.academia.domain.model.valueobjects.ids.AccountId, com.academia.domain.model.valueobjects.ids.OrganizationId, com.academia.domain.model.valueobjects.user.Name, com.academia.domain.model.valueobjects.user.Email, java.time.LocalDate, java.lang.String, com.academia.domain.model.enums.AccountStatus)&gt; has parameter of type &lt;java.lang.String&gt; in (User.java:0)&#10;Constructor &lt;com.academia.domain.model.entities.User.&lt;init&gt;(com.academia.domain.model.valueobjects.ids.AccountId, com.academia.domain.model.valueobjects.ids.OrganizationId, com.academia.domain.model.valueobjects.user.Name, com.academia.domain.model.valueobjects.user.Email, java.time.LocalDate, java.lang.String, com.academia.domain.model.enums.AccountStatus)&gt; has parameter of type &lt;java.time.LocalDate&gt; in (User.java:0)&#10;Constructor &lt;com.academia.domain.model.enums.AccountStatus.&lt;init&gt;(java.lang.String, int)&gt; calls constructor &lt;java.lang.Enum.&lt;init&gt;(java.lang.String, int)&gt; in (AccountStatus.java:7)&#10;Constructor &lt;com.academia.domain.model.enums.AccountStatus.&lt;init&gt;(java.lang.String, int)&gt; has parameter of type &lt;java.lang.String&gt; in (AccountStatus.java:0)&#10;Constructor &lt;com.academia.domain.model.enums.AttendanceStatus.&lt;init&gt;(java.lang.String, int)&gt; calls constructor &lt;java.lang.Enum.&lt;init&gt;(java.lang.String, int)&gt; in (AttendanceStatus.java:3)&#10;Constructor &lt;com.academia.domain.model.enums.AttendanceStatus.&lt;init&gt;(java.lang.String, int)&gt; has parameter of type &lt;java.lang.String&gt; in (AttendanceStatus.java:0)&#10;Constructor &lt;com.academia.domain.model.enums.EnrollmentStatus.&lt;init&gt;(java.lang.String, int)&gt; calls constructor &lt;java.lang.Enum.&lt;init&gt;(java.lang.String, int)&gt; in (EnrollmentStatus.java:3)&#10;Constructor &lt;com.academia.domain.model.enums.EnrollmentStatus.&lt;init&gt;(java.lang.String, int)&gt; has parameter of type &lt;java.lang.String&gt; in (EnrollmentStatus.java:0)&#10;Constructor &lt;com.academia.domain.model.enums.RoleScope.&lt;init&gt;(java.lang.String, int)&gt; calls constructor &lt;java.lang.Enum.&lt;init&gt;(java.lang.String, int)&gt; in (RoleScope.java:6)&#10;Constructor &lt;com.academia.domain.model.enums.RoleScope.&lt;init&gt;(java.lang.String, int)&gt; has parameter of type &lt;java.lang.String&gt; in (RoleScope.java:0)&#10;Constructor &lt;com.academia.domain.model.events.CourseEvents$StudentEnrolledInCourse.&lt;init&gt;(com.academia.domain.model.valueobjects.ids.AccountId, com.academia.domain.model.valueobjects.ids.CourseId)&gt; calls method &lt;java.time.Instant.now()&gt; in (CourseEvents.java:25)&#10;Constructor &lt;com.academia.domain.model.events.CourseEvents$StudentEnrolledInCourse.&lt;init&gt;(com.academia.domain.model.valueobjects.ids.AccountId, com.academia.domain.model.valueobjects.ids.CourseId)&gt; calls method &lt;java.util.UUID.randomUUID()&gt; in (CourseEvents.java:25)&#10;Constructor &lt;com.academia.domain.model.events.CourseEvents$StudentEnrolledInCourse.&lt;init&gt;(java.util.UUID, java.time.Instant, com.academia.domain.model.valueobjects.ids.AccountId, com.academia.domain.model.valueobjects.ids.CourseId)&gt; calls constructor &lt;java.lang.Record.&lt;init&gt;()&gt; in (CourseEvents.java:23)&#10;Constructor &lt;com.academia.domain.model.events.CourseEvents$StudentEnrolledInCourse.&lt;init&gt;(java.util.UUID, java.time.Instant, com.academia.domain.model.valueobjects.ids.AccountId, com.academia.domain.model.valueobjects.ids.CourseId)&gt; has parameter of type &lt;java.time.Instant&gt; in (CourseEvents.java:0)&#10;Constructor &lt;com.academia.domain.model.events.CourseEvents$StudentEnrolledInCourse.&lt;init&gt;(java.util.UUID, java.time.Instant, com.academia.domain.model.valueobjects.ids.AccountId, com.academia.domain.model.valueobjects.ids.CourseId)&gt; has parameter of type &lt;java.util.UUID&gt; in (CourseEvents.java:0)&#10;Constructor &lt;com.academia.domain.model.events.CourseEvents$TeacherAssignedToCourse.&lt;init&gt;(com.academia.domain.model.valueobjects.ids.CourseId, com.academia.domain.model.valueobjects.ids.AccountId)&gt; calls method &lt;java.time.Instant.now()&gt; in (CourseEvents.java:10)&#10;Constructor &lt;com.academia.domain.model.events.CourseEvents$TeacherAssignedToCourse.&lt;init&gt;(com.academia.domain.model.valueobjects.ids.CourseId, com.academia.domain.model.valueobjects.ids.AccountId)&gt; calls method &lt;java.util.UUID.randomUUID()&gt; in (CourseEvents.java:10)&#10;Constructor &lt;com.academia.domain.model.events.CourseEvents$TeacherAssignedToCourse.&lt;init&gt;(java.util.UUID, java.time.Instant, com.academia.domain.model.valueobjects.ids.CourseId, com.academia.domain.model.valueobjects.ids.AccountId)&gt; calls constructor &lt;java.lang.Record.&lt;init&gt;()&gt; in (CourseEvents.java:8)&#10;Constructor &lt;com.academia.domain.model.events.CourseEvents$TeacherAssignedToCourse.&lt;init&gt;(java.util.UUID, java.time.Instant, com.academia.domain.model.valueobjects.ids.CourseId, com.academia.domain.model.valueobjects.ids.AccountId)&gt; has parameter of type &lt;java.time.Instant&gt; in (CourseEvents.java:0)&#10;Constructor &lt;com.academia.domain.model.events.CourseEvents$TeacherAssignedToCourse.&lt;init&gt;(java.util.UUID, java.time.Instant, com.academia.domain.model.valueobjects.ids.CourseId, com.academia.domain.model.valueobjects.ids.AccountId)&gt; has parameter of type &lt;java.util.UUID&gt; in (CourseEvents.java:0)&#10;Constructor &lt;com.academia.domain.model.events.CourseEvents.&lt;init&gt;()&gt; calls constructor &lt;java.lang.Object.&lt;init&gt;()&gt; in (CourseEvents.java:7)&#10;Constructor &lt;com.academia.domain.model.events.UserAccountEvents$AccountActivated.&lt;init&gt;(com.academia.domain.model.valueobjects.ids.AccountId)&gt; calls method &lt;java.time.Instant.now()&gt; in (UserAccountEvents.java:25)&#10;Constructor &lt;com.academia.domain.model.events.UserAccountEvents$AccountActivated.&lt;init&gt;(com.academia.domain.model.valueobjects.ids.AccountId)&gt; calls method &lt;java.util.UUID.randomUUID()&gt; in (UserAccountEvents.java:25)&#10;Constructor &lt;com.academia.domain.model.events.UserAccountEvents$AccountActivated.&lt;init&gt;(java.util.UUID, java.time.Instant, com.academia.domain.model.valueobjects.ids.AccountId)&gt; calls constructor &lt;java.lang.Record.&lt;init&gt;()&gt; in (UserAccountEvents.java:23)&#10;Constructor &lt;com.academia.domain.model.events.UserAccountEvents$AccountActivated.&lt;init&gt;(java.util.UUID, java.time.Instant, com.academia.domain.model.valueobjects.ids.AccountId)&gt; has parameter of type &lt;java.time.Instant&gt; in (UserAccountEvents.java:0)&#10;Constructor &lt;com.academia.domain.model.events.UserAccountEvents$AccountActivated.&lt;init&gt;(java.util.UUID, java.time.Instant, com.academia.domain.model.valueobjects.ids.AccountId)&gt; has parameter of type &lt;java.util.UUID&gt; in (UserAccountEvents.java:0)&#10;Constructor &lt;com.academia.domain.model.events.UserAccountEvents$UserRegisteredEvent.&lt;init&gt;(com.academia.domain.model.valueobjects.ids.AccountId, com.academia.domain.model.valueobjects.user.Email)&gt; calls method &lt;java.time.Instant.now()&gt; in (UserAccountEvents.java:10)&#10;Constructor &lt;com.academia.domain.model.events.UserAccountEvents$UserRegisteredEvent.&lt;init&gt;(com.academia.domain.model.valueobjects.ids.AccountId, com.academia.domain.model.valueobjects.user.Email)&gt; calls method &lt;java.util.UUID.randomUUID()&gt; in (UserAccountEvents.java:10)&#10;Constructor &lt;com.academia.domain.model.events.UserAccountEvents$UserRegisteredEvent.&lt;init&gt;(java.util.UUID, java.time.Instant, com.academia.domain.model.valueobjects.ids.AccountId, com.academia.domain.model.valueobjects.user.Email)&gt; calls constructor &lt;java.lang.Record.&lt;init&gt;()&gt; in (UserAccountEvents.java:8)&#10;Constructor &lt;com.academia.domain.model.events.UserAccountEvents$UserRegisteredEvent.&lt;init&gt;(java.util.UUID, java.time.Instant, com.academia.domain.model.valueobjects.ids.AccountId, com.academia.domain.model.valueobjects.user.Email)&gt; has parameter of type &lt;java.time.Instant&gt; in (UserAccountEvents.java:0)&#10;Constructor &lt;com.academia.domain.model.events.UserAccountEvents$UserRegisteredEvent.&lt;init&gt;(java.util.UUID, java.time.Instant, com.academia.domain.model.valueobjects.ids.AccountId, com.academia.domain.model.valueobjects.user.Email)&gt; has parameter of type &lt;java.util.UUID&gt; in (UserAccountEvents.java:0)&#10;Constructor &lt;com.academia.domain.model.events.UserAccountEvents.&lt;init&gt;()&gt; calls constructor &lt;java.lang.Object.&lt;init&gt;()&gt; in (UserAccountEvents.java:7)&#10;Constructor &lt;com.academia.domain.model.events.UserEvents$AccountActivated.&lt;init&gt;(com.academia.domain.model.valueobjects.ids.AccountId)&gt; calls method &lt;java.time.Instant.now()&gt; in (UserEvents.java:25)&#10;Constructor &lt;com.academia.domain.model.events.UserEvents$AccountActivated.&lt;init&gt;(com.academia.domain.model.valueobjects.ids.AccountId)&gt; calls method &lt;java.util.UUID.randomUUID()&gt; in (UserEvents.java:25)&#10;Constructor &lt;com.academia.domain.model.events.UserEvents$AccountActivated.&lt;init&gt;(java.util.UUID, java.time.Instant, com.academia.domain.model.valueobjects.ids.AccountId)&gt; calls constructor &lt;java.lang.Record.&lt;init&gt;()&gt; in (UserEvents.java:23)&#10;Constructor &lt;com.academia.domain.model.events.UserEvents$AccountActivated.&lt;init&gt;(java.util.UUID, java.time.Instant, com.academia.domain.model.valueobjects.ids.AccountId)&gt; has parameter of type &lt;java.time.Instant&gt; in (UserEvents.java:0)&#10;Constructor &lt;com.academia.domain.model.events.UserEvents$AccountActivated.&lt;init&gt;(java.util.UUID, java.time.Instant, com.academia.domain.model.valueobjects.ids.AccountId)&gt; has parameter of type &lt;java.util.UUID&gt; in (UserEvents.java:0)&#10;Constructor &lt;com.academia.domain.model.events.UserEvents$UserRegisteredEvent.&lt;init&gt;(com.academia.domain.model.valueobjects.ids.AccountId, com.academia.domain.model.valueobjects.user.Email)&gt; calls method &lt;java.time.Instant.now()&gt; in (UserEvents.java:10)&#10;Constructor &lt;com.academia.domain.model.events.UserEvents$UserRegisteredEvent.&lt;init&gt;(com.academia.domain.model.valueobjects.ids.AccountId, com.academia.domain.model.valueobjects.user.Email)&gt; calls method &lt;java.util.UUID.randomUUID()&gt; in (UserEvents.java:10)&#10;Constructor &lt;com.academia.domain.model.events.UserEvents$UserRegisteredEvent.&lt;init&gt;(java.util.UUID, java.time.Instant, com.academia.domain.model.valueobjects.ids.AccountId, com.academia.domain.model.valueobjects.user.Email)&gt; calls constructor &lt;java.lang.Record.&lt;init&gt;()&gt; in (UserEvents.java:8)&#10;Constructor &lt;com.academia.domain.model.events.UserEvents$UserRegisteredEvent.&lt;init&gt;(java.util.UUID, java.time.Instant, com.academia.domain.model.valueobjects.ids.AccountId, com.academia.domain.model.valueobjects.user.Email)&gt; has parameter of type &lt;java.time.Instant&gt; in (UserEvents.java:0)&#10;Constructor &lt;com.academia.domain.model.events.UserEvents$UserRegisteredEvent.&lt;init&gt;(java.util.UUID, java.time.Instant, com.academia.domain.model.valueobjects.ids.AccountId, com.academia.domain.model.valueobjects.user.Email)&gt; has parameter of type &lt;java.util.UUID&gt; in (UserEvents.java:0)&#10;Constructor &lt;com.academia.domain.model.events.UserEvents.&lt;init&gt;()&gt; calls constructor &lt;java.lang.Object.&lt;init&gt;()&gt; in (UserEvents.java:7)&#10;Constructor &lt;com.academia.domain.model.services.EnrollmentEligibilityChecker.&lt;init&gt;()&gt; calls constructor &lt;java.lang.Object.&lt;init&gt;()&gt; in (EnrollmentEligibilityChecker.java:10)&#10;Constructor &lt;com.academia.domain.model.valueobjects.GuardianRelationship.&lt;init&gt;(com.academia.domain.model.valueobjects.ids.AccountId, java.lang.String, boolean)&gt; calls constructor &lt;java.lang.Object.&lt;init&gt;()&gt; in (GuardianRelationship.java:13)&#10;Constructor &lt;com.academia.domain.model.valueobjects.GuardianRelationship.&lt;init&gt;(com.academia.domain.model.valueobjects.ids.AccountId, java.lang.String, boolean)&gt; has parameter of type &lt;java.lang.String&gt; in (GuardianRelationship.java:0)&#10;Constructor &lt;com.academia.domain.model.valueobjects.GuardianRelationship.&lt;init&gt;(com.academia.domain.model.valueobjects.ids.AccountId, java.lang.String, boolean)&gt; is annotated with &lt;lombok.Generated&gt; in (GuardianRelationship.java:0)&#10;Constructor &lt;com.academia.domain.model.valueobjects.academic.CourseCode.&lt;init&gt;(java.lang.String)&gt; calls constructor &lt;java.lang.Object.&lt;init&gt;()&gt; in (CourseCode.java:3)&#10;Constructor &lt;com.academia.domain.model.valueobjects.academic.CourseCode.&lt;init&gt;(java.lang.String)&gt; has parameter of type &lt;java.lang.String&gt; in (CourseCode.java:0)&#10;Constructor &lt;com.academia.domain.model.valueobjects.academic.CourseCode.&lt;init&gt;(java.lang.String)&gt; is annotated with &lt;lombok.Generated&gt; in (CourseCode.java:0)&#10;Constructor &lt;com.academia.domain.model.valueobjects.academic.Grade.&lt;init&gt;(double)&gt; calls constructor &lt;java.lang.IllegalArgumentException.&lt;init&gt;(java.lang.String)&gt; in (Grade.java:9)&#10;Constructor &lt;com.academia.domain.model.valueobjects.academic.Grade.&lt;init&gt;(double)&gt; calls constructor &lt;java.lang.Object.&lt;init&gt;()&gt; in (Grade.java:7)&#10;Constructor &lt;com.academia.domain.model.valueobjects.academic.TermDates.&lt;init&gt;(java.time.LocalDate, java.time.LocalDate)&gt; calls constructor &lt;java.lang.IllegalArgumentException.&lt;init&gt;(java.lang.String)&gt; in (TermDates.java:10)&#10;Constructor &lt;com.academia.domain.model.valueobjects.academic.TermDates.&lt;init&gt;(java.time.LocalDate, java.time.LocalDate)&gt; calls constructor &lt;java.lang.Object.&lt;init&gt;()&gt; in (TermDates.java:8)&#10;Constructor &lt;com.academia.domain.model.valueobjects.academic.TermDates.&lt;init&gt;(java.time.LocalDate, java.time.LocalDate)&gt; calls method &lt;java.time.LocalDate.isAfter(java.time.chrono.ChronoLocalDate)&gt; in (TermDates.java:9)&#10;Constructor &lt;com.academia.domain.model.valueobjects.academic.TermDates.&lt;init&gt;(java.time.LocalDate, java.time.LocalDate)&gt; has parameter of type &lt;java.time.LocalDate&gt; in (TermDates.java:0)&#10;Constructor &lt;com.academia.domain.model.valueobjects.ids.AccountId.&lt;init&gt;(java.lang.Long)&gt; calls constructor &lt;java.lang.Object.&lt;init&gt;()&gt; in (AccountId.java:5)&#10;Constructor &lt;com.academia.domain.model.valueobjects.ids.AccountId.&lt;init&gt;(java.lang.Long)&gt; has parameter of type &lt;java.lang.Long&gt; in (AccountId.java:0)&#10;Constructor &lt;com.academia.domain.model.valueobjects.ids.AccountId.&lt;init&gt;(java.lang.Long)&gt; is annotated with &lt;lombok.Generated&gt; in (AccountId.java:0)&#10;Constructor &lt;com.academia.domain.model.valueobjects.ids.CourseId.&lt;init&gt;(java.lang.Long)&gt; calls constructor &lt;java.lang.Object.&lt;init&gt;()&gt; in (CourseId.java:3)&#10;Constructor &lt;com.academia.domain.model.valueobjects.ids.CourseId.&lt;init&gt;(java.lang.Long)&gt; has parameter of type &lt;java.lang.Long&gt; in (CourseId.java:0)&#10;Constructor &lt;com.academia.domain.model.valueobjects.ids.CourseId.&lt;init&gt;(java.lang.Long)&gt; is annotated with &lt;lombok.Generated&gt; in (CourseId.java:0)&#10;Constructor &lt;com.academia.domain.model.valueobjects.ids.OrganizationId.&lt;init&gt;(java.lang.Long)&gt; calls constructor &lt;java.lang.Object.&lt;init&gt;()&gt; in (OrganizationId.java:5)&#10;Constructor &lt;com.academia.domain.model.valueobjects.ids.OrganizationId.&lt;init&gt;(java.lang.Long)&gt; has parameter of type &lt;java.lang.Long&gt; in (OrganizationId.java:0)&#10;Constructor &lt;com.academia.domain.model.valueobjects.ids.OrganizationId.&lt;init&gt;(java.lang.Long)&gt; is annotated with &lt;lombok.Generated&gt; in (OrganizationId.java:0)&#10;Constructor &lt;com.academia.domain.model.valueobjects.ids.SubjectId.&lt;init&gt;(java.lang.Long)&gt; calls constructor &lt;java.lang.Object.&lt;init&gt;()&gt; in (SubjectId.java:3)&#10;Constructor &lt;com.academia.domain.model.valueobjects.ids.SubjectId.&lt;init&gt;(java.lang.Long)&gt; has parameter of type &lt;java.lang.Long&gt; in (SubjectId.java:0)&#10;Constructor &lt;com.academia.domain.model.valueobjects.ids.SubjectId.&lt;init&gt;(java.lang.Long)&gt; is annotated with &lt;lombok.Generated&gt; in (SubjectId.java:0)&#10;Constructor &lt;com.academia.domain.model.valueobjects.user.DNI.&lt;init&gt;(java.lang.String)&gt; calls constructor &lt;java.lang.IllegalArgumentException.&lt;init&gt;(java.lang.String)&gt; in (DNI.java:11)&#10;Constructor &lt;com.academia.domain.model.valueobjects.user.DNI.&lt;init&gt;(java.lang.String)&gt; calls constructor &lt;java.lang.Object.&lt;init&gt;()&gt; in (DNI.java:8)&#10;Constructor &lt;com.academia.domain.model.valueobjects.user.DNI.&lt;init&gt;(java.lang.String)&gt; calls method &lt;java.lang.String.isEmpty()&gt; in (DNI.java:10)&#10;Constructor &lt;com.academia.domain.model.valueobjects.user.DNI.&lt;init&gt;(java.lang.String)&gt; calls method &lt;java.lang.String.trim()&gt; in (DNI.java:10)&#10;Constructor &lt;com.academia.domain.model.valueobjects.user.DNI.&lt;init&gt;(java.lang.String)&gt; has parameter of type &lt;java.lang.String&gt; in (DNI.java:0)&#10;Constructor &lt;com.academia.domain.model.valueobjects.user.Email.&lt;init&gt;(java.lang.String)&gt; calls constructor &lt;java.lang.IllegalArgumentException.&lt;init&gt;(java.lang.String)&gt; in (Email.java:11)&#10;Constructor &lt;com.academia.domain.model.valueobjects.user.Email.&lt;init&gt;(java.lang.String)&gt; calls constructor &lt;java.lang.Record.&lt;init&gt;()&gt; in (Email.java:9)&#10;Constructor &lt;com.academia.domain.model.valueobjects.user.Email.&lt;init&gt;(java.lang.String)&gt; calls method &lt;java.lang.String.toLowerCase()&gt; in (Email.java:13)&#10;Constructor &lt;com.academia.domain.model.valueobjects.user.Email.&lt;init&gt;(java.lang.String)&gt; calls method &lt;java.util.regex.Matcher.matches()&gt; in (Email.java:10)&#10;Constructor &lt;com.academia.domain.model.valueobjects.user.Email.&lt;init&gt;(java.lang.String)&gt; calls method &lt;java.util.regex.Pattern.matcher(java.lang.CharSequence)&gt; in (Email.java:10)&#10;Constructor &lt;com.academia.domain.model.valueobjects.user.Email.&lt;init&gt;(java.lang.String)&gt; has parameter of type &lt;java.lang.String&gt; in (Email.java:0)&#10;Constructor &lt;com.academia.domain.model.valueobjects.user.HashedPassword.&lt;init&gt;(java.lang.String)&gt; calls constructor &lt;java.lang.Object.&lt;init&gt;()&gt; in (HashedPassword.java:3)&#10;Constructor &lt;com.academia.domain.model.valueobjects.user.HashedPassword.&lt;init&gt;(java.lang.String)&gt; has parameter of type &lt;java.lang.String&gt; in (HashedPassword.java:0)&#10;Constructor &lt;com.academia.domain.model.valueobjects.user.HashedPassword.&lt;init&gt;(java.lang.String)&gt; is annotated with &lt;lombok.Generated&gt; in (HashedPassword.java:0)&#10;Constructor &lt;com.academia.domain.model.valueobjects.user.Name.&lt;init&gt;(java.lang.String, java.lang.String)&gt; calls constructor &lt;java.lang.IllegalArgumentException.&lt;init&gt;(java.lang.String)&gt; in (Name.java:17)&#10;Constructor &lt;com.academia.domain.model.valueobjects.user.Name.&lt;init&gt;(java.lang.String, java.lang.String)&gt; calls constructor &lt;java.lang.IllegalArgumentException.&lt;init&gt;(java.lang.String)&gt; in (Name.java:20)&#10;Constructor &lt;com.academia.domain.model.valueobjects.user.Name.&lt;init&gt;(java.lang.String, java.lang.String)&gt; calls constructor &lt;java.lang.Object.&lt;init&gt;()&gt; in (Name.java:15)&#10;Constructor &lt;com.academia.domain.model.valueobjects.user.Name.&lt;init&gt;(java.lang.String, java.lang.String)&gt; calls method &lt;java.lang.String.isBlank()&gt; in (Name.java:16)&#10;Constructor &lt;com.academia.domain.model.valueobjects.user.Name.&lt;init&gt;(java.lang.String, java.lang.String)&gt; calls method &lt;java.lang.String.isBlank()&gt; in (Name.java:19)&#10;Constructor &lt;com.academia.domain.model.valueobjects.user.Name.&lt;init&gt;(java.lang.String, java.lang.String)&gt; calls method &lt;java.lang.String.trim()&gt; in (Name.java:22)&#10;Constructor &lt;com.academia.domain.model.valueobjects.user.Name.&lt;init&gt;(java.lang.String, java.lang.String)&gt; calls method &lt;java.lang.String.trim()&gt; in (Name.java:23)&#10;Constructor &lt;com.academia.domain.model.valueobjects.user.Name.&lt;init&gt;(java.lang.String, java.lang.String)&gt; has parameter of type &lt;java.lang.String&gt; in (Name.java:0)&#10;Constructor &lt;com.academia.domain.ports.in.commands.EnrollStudentInCourseCommand.&lt;init&gt;(java.lang.Long, java.lang.Long)&gt; calls constructor &lt;java.lang.Record.&lt;init&gt;()&gt; in (EnrollStudentInCourseCommand.java:6)&#10;Constructor &lt;com.academia.domain.ports.in.commands.EnrollStudentInCourseCommand.&lt;init&gt;(java.lang.Long, java.lang.Long)&gt; has parameter of type &lt;java.lang.Long&gt; in (EnrollStudentInCourseCommand.java:0)&#10;Constructor &lt;com.academia.domain.ports.in.commands.RegisterNewStudentCommand.&lt;init&gt;(java.lang.Long, java.lang.String, java.lang.String, java.lang.String, java.time.LocalDate, java.lang.String, java.time.LocalDate, java.lang.String)&gt; calls constructor &lt;java.lang.Record.&lt;init&gt;()&gt; in (RegisterNewStudentCommand.java:9)&#10;Constructor &lt;com.academia.domain.ports.in.commands.RegisterNewStudentCommand.&lt;init&gt;(java.lang.Long, java.lang.String, java.lang.String, java.lang.String, java.time.LocalDate, java.lang.String, java.time.LocalDate, java.lang.String)&gt; has parameter of type &lt;java.lang.Long&gt; in (RegisterNewStudentCommand.java:0)&#10;Constructor &lt;com.academia.domain.ports.in.commands.RegisterNewStudentCommand.&lt;init&gt;(java.lang.Long, java.lang.String, java.lang.String, java.lang.String, java.time.LocalDate, java.lang.String, java.time.LocalDate, java.lang.String)&gt; has parameter of type &lt;java.lang.String&gt; in (RegisterNewStudentCommand.java:0)&#10;Constructor &lt;com.academia.domain.ports.in.commands.RegisterNewStudentCommand.&lt;init&gt;(java.lang.Long, java.lang.String, java.lang.String, java.lang.String, java.time.LocalDate, java.lang.String, java.time.LocalDate, java.lang.String)&gt; has parameter of type &lt;java.time.LocalDate&gt; in (RegisterNewStudentCommand.java:0)&#10;Constructor &lt;com.academia.domain.ports.in.dtos.EnrollmentResultDTO.&lt;init&gt;(java.lang.Long, java.lang.Long, java.lang.Long, java.lang.String, java.time.LocalDateTime)&gt; calls constructor &lt;java.lang.Record.&lt;init&gt;()&gt; in (EnrollmentResultDTO.java:8)&#10;Constructor &lt;com.academia.domain.ports.in.dtos.EnrollmentResultDTO.&lt;init&gt;(java.lang.Long, java.lang.Long, java.lang.Long, java.lang.String, java.time.LocalDateTime)&gt; has parameter of type &lt;java.lang.Long&gt; in (EnrollmentResultDTO.java:0)&#10;Constructor &lt;com.academia.domain.ports.in.dtos.EnrollmentResultDTO.&lt;init&gt;(java.lang.Long, java.lang.Long, java.lang.Long, java.lang.String, java.time.LocalDateTime)&gt; has parameter of type &lt;java.lang.String&gt; in (EnrollmentResultDTO.java:0)&#10;Constructor &lt;com.academia.domain.ports.in.dtos.EnrollmentResultDTO.&lt;init&gt;(java.lang.Long, java.lang.Long, java.lang.Long, java.lang.String, java.time.LocalDateTime)&gt; has parameter of type &lt;java.time.LocalDateTime&gt; in (EnrollmentResultDTO.java:0)&#10;Constructor &lt;com.academia.domain.ports.in.dtos.StudentDetailsDTO$GuardianDTO.&lt;init&gt;(java.lang.Long, java.lang.String, java.lang.String, boolean)&gt; calls constructor &lt;java.lang.Record.&lt;init&gt;()&gt; in (StudentDetailsDTO.java:21)&#10;Constructor &lt;com.academia.domain.ports.in.dtos.StudentDetailsDTO$GuardianDTO.&lt;init&gt;(java.lang.Long, java.lang.String, java.lang.String, boolean)&gt; has parameter of type &lt;java.lang.Long&gt; in (StudentDetailsDTO.java:0)&#10;Constructor &lt;com.academia.domain.ports.in.dtos.StudentDetailsDTO$GuardianDTO.&lt;init&gt;(java.lang.Long, java.lang.String, java.lang.String, boolean)&gt; has parameter of type &lt;java.lang.String&gt; in (StudentDetailsDTO.java:0)&#10;Constructor &lt;com.academia.domain.ports.in.dtos.StudentDetailsDTO.&lt;init&gt;(java.lang.Long, java.lang.String, java.lang.String, int, java.lang.String, java.lang.String, java.time.LocalDate, java.lang.String, java.util.List)&gt; calls constructor &lt;java.lang.Record.&lt;init&gt;()&gt; in (StudentDetailsDTO.java:10)&#10;Constructor &lt;com.academia.domain.ports.in.dtos.StudentDetailsDTO.&lt;init&gt;(java.lang.Long, java.lang.String, java.lang.String, int, java.lang.String, java.lang.String, java.time.LocalDate, java.lang.String, java.util.List)&gt; has generic parameter type &lt;java.util.List&lt;com.academia.domain.ports.in.dtos.StudentDetailsDTO$GuardianDTO&gt;&gt; with type argument depending on &lt;java.util.List&gt; in (StudentDetailsDTO.java:0)&#10;Constructor &lt;com.academia.domain.ports.in.dtos.StudentDetailsDTO.&lt;init&gt;(java.lang.Long, java.lang.String, java.lang.String, int, java.lang.String, java.lang.String, java.time.LocalDate, java.lang.String, java.util.List)&gt; has parameter of type &lt;java.lang.Long&gt; in (StudentDetailsDTO.java:0)&#10;Constructor &lt;com.academia.domain.ports.in.dtos.StudentDetailsDTO.&lt;init&gt;(java.lang.Long, java.lang.String, java.lang.String, int, java.lang.String, java.lang.String, java.time.LocalDate, java.lang.String, java.util.List)&gt; has parameter of type &lt;java.lang.String&gt; in (StudentDetailsDTO.java:0)&#10;Constructor &lt;com.academia.domain.ports.in.dtos.StudentDetailsDTO.&lt;init&gt;(java.lang.Long, java.lang.String, java.lang.String, int, java.lang.String, java.lang.String, java.time.LocalDate, java.lang.String, java.util.List)&gt; has parameter of type &lt;java.time.LocalDate&gt; in (StudentDetailsDTO.java:0)&#10;Constructor &lt;com.academia.domain.ports.in.dtos.StudentDetailsDTO.&lt;init&gt;(java.lang.Long, java.lang.String, java.lang.String, int, java.lang.String, java.lang.String, java.time.LocalDate, java.lang.String, java.util.List)&gt; has parameter of type &lt;java.util.List&gt; in (StudentDetailsDTO.java:0)&#10;Constructor &lt;com.academia.domain.ports.in.queries.GetStudentDetailsQuery.&lt;init&gt;(java.lang.Long)&gt; calls constructor &lt;java.lang.Record.&lt;init&gt;()&gt; in (GetStudentDetailsQuery.java:6)&#10;Constructor &lt;com.academia.domain.ports.in.queries.GetStudentDetailsQuery.&lt;init&gt;(java.lang.Long)&gt; has parameter of type &lt;java.lang.Long&gt; in (GetStudentDetailsQuery.java:0)&#10;Constructor &lt;com.academia.infrastructure.config.DomainServiceConfig.&lt;init&gt;()&gt; calls constructor &lt;java.lang.Object.&lt;init&gt;()&gt; in (DomainServiceConfig.java:8)&#10;Constructor &lt;com.academia.infrastructure.config.OpenApiConfig.&lt;init&gt;()&gt; calls constructor &lt;java.lang.Object.&lt;init&gt;()&gt; in (OpenApiConfig.java:18)&#10;Constructor &lt;com.academia.infrastructure.events.SpringDomainEventPublisher.&lt;init&gt;(org.springframework.context.ApplicationEventPublisher)&gt; calls constructor &lt;java.lang.Object.&lt;init&gt;()&gt; in (SpringDomainEventPublisher.java:12)&#10;Constructor &lt;com.academia.infrastructure.events.SpringDomainEventPublisher.&lt;init&gt;(org.springframework.context.ApplicationEventPublisher)&gt; has parameter of type &lt;org.springframework.context.ApplicationEventPublisher&gt; in (SpringDomainEventPublisher.java:0)&#10;Constructor &lt;com.academia.infrastructure.events.SpringDomainEventPublisher.&lt;init&gt;(org.springframework.context.ApplicationEventPublisher)&gt; is annotated with &lt;lombok.Generated&gt; in (SpringDomainEventPublisher.java:0)&#10;Constructor &lt;com.academia.infrastructure.persistence.adapters.JpaCourseRepositoryAdapter.&lt;init&gt;()&gt; calls constructor &lt;java.lang.Object.&lt;init&gt;()&gt; in (JpaCourseRepositoryAdapter.java:11)&#10;Constructor &lt;com.academia.infrastructure.persistence.adapters.JpaOrganizationRepositoryAdapter.&lt;init&gt;(com.academia.infrastructure.persistence.jpa.repositories.SpringOrganizationRepository, com.academia.infrastructure.persistence.jpa.mappers.OrganizationMapper)&gt; calls constructor &lt;java.lang.Object.&lt;init&gt;()&gt; in (JpaOrganizationRepositoryAdapter.java:14)&#10;Constructor &lt;com.academia.infrastructure.persistence.adapters.JpaOrganizationRepositoryAdapter.&lt;init&gt;(com.academia.infrastructure.persistence.jpa.repositories.SpringOrganizationRepository, com.academia.infrastructure.persistence.jpa.mappers.OrganizationMapper)&gt; is annotated with &lt;lombok.Generated&gt; in (JpaOrganizationRepositoryAdapter.java:0)&#10;Constructor &lt;com.academia.infrastructure.persistence.adapters.JpaStudentRepositoryAdapter.&lt;init&gt;(com.academia.infrastructure.persistence.jpa.repositories.SpringStudentProfileRepository, com.academia.infrastructure.persistence.jpa.mappers.StudentMapper)&gt; calls constructor &lt;java.lang.Object.&lt;init&gt;()&gt; in (JpaStudentRepositoryAdapter.java:15)&#10;Constructor &lt;com.academia.infrastructure.persistence.adapters.JpaStudentRepositoryAdapter.&lt;init&gt;(com.academia.infrastructure.persistence.jpa.repositories.SpringStudentProfileRepository, com.academia.infrastructure.persistence.jpa.mappers.StudentMapper)&gt; is annotated with &lt;lombok.Generated&gt; in (JpaStudentRepositoryAdapter.java:0)&#10;Constructor &lt;com.academia.infrastructure.persistence.adapters.JpaUserAccountRepositoryAdapter.&lt;init&gt;(com.academia.infrastructure.persistence.jpa.repositories.SpringUserRepository, com.academia.infrastructure.persistence.jpa.mappers.UserAccountMapper)&gt; calls constructor &lt;java.lang.Object.&lt;init&gt;()&gt; in (JpaUserAccountRepositoryAdapter.java:17)&#10;Constructor &lt;com.academia.infrastructure.persistence.adapters.JpaUserAccountRepositoryAdapter.&lt;init&gt;(com.academia.infrastructure.persistence.jpa.repositories.SpringUserRepository, com.academia.infrastructure.persistence.jpa.mappers.UserAccountMapper)&gt; is annotated with &lt;lombok.Generated&gt; in (JpaUserAccountRepositoryAdapter.java:0)&#10;Constructor &lt;com.academia.infrastructure.persistence.jpa.entities.OrganizationJpaEntity.&lt;init&gt;()&gt; calls constructor &lt;java.lang.Object.&lt;init&gt;()&gt; in (OrganizationJpaEntity.java:11)&#10;Constructor &lt;com.academia.infrastructure.persistence.jpa.entities.StudentProfileJpaEntity.&lt;init&gt;()&gt; calls constructor &lt;java.lang.Object.&lt;init&gt;()&gt; in (StudentProfileJpaEntity.java:16)&#10;Constructor &lt;com.academia.infrastructure.persistence.jpa.entities.UserJpaEntity.&lt;init&gt;()&gt; calls constructor &lt;java.lang.Object.&lt;init&gt;()&gt; in (UserJpaEntity.java:13)&#10;Constructor &lt;com.academia.infrastructure.persistence.jpa.mappers.OrganizationMapperImpl.&lt;init&gt;()&gt; calls constructor &lt;java.lang.Object.&lt;init&gt;()&gt; in (OrganizationMapperImpl.java:15)&#10;Constructor &lt;com.academia.infrastructure.persistence.jpa.mappers.StudentMapperImpl.&lt;init&gt;()&gt; calls constructor &lt;java.lang.Object.&lt;init&gt;()&gt; in (StudentMapperImpl.java:17)&#10;Constructor &lt;com.academia.infrastructure.persistence.jpa.mappers.UserAccountMapperImpl.&lt;init&gt;()&gt; calls constructor &lt;java.lang.Object.&lt;init&gt;()&gt; in (UserAccountMapperImpl.java:21)&#10;Constructor &lt;com.academia.infrastructure.web.controllers.CourseController.&lt;init&gt;(com.academia.domain.ports.in.course.EnrollStudentInCourseUseCase, com.academia.infrastructure.web.mappers.EnrollStudentRequestMapper)&gt; calls constructor &lt;java.lang.Object.&lt;init&gt;()&gt; in (CourseController.java:18)&#10;Constructor &lt;com.academia.infrastructure.web.controllers.CourseController.&lt;init&gt;(com.academia.domain.ports.in.course.EnrollStudentInCourseUseCase, com.academia.infrastructure.web.mappers.EnrollStudentRequestMapper)&gt; is annotated with &lt;lombok.Generated&gt; in (CourseController.java:0)&#10;Constructor &lt;com.academia.infrastructure.web.controllers.StudentController.&lt;init&gt;(com.academia.domain.ports.in.student.RegisterNewStudentUseCase, com.academia.infrastructure.web.mappers.RegisterStudentRequestMapper)&gt; calls constructor &lt;java.lang.Object.&lt;init&gt;()&gt; in (StudentController.java:16)&#10;Constructor &lt;com.academia.infrastructure.web.controllers.StudentController.&lt;init&gt;(com.academia.domain.ports.in.student.RegisterNewStudentUseCase, com.academia.infrastructure.web.mappers.RegisterStudentRequestMapper)&gt; is annotated with &lt;lombok.Generated&gt; in (StudentController.java:0)&#10;Constructor &lt;com.academia.infrastructure.web.mappers.EnrollStudentRequestMapperImpl.&lt;init&gt;()&gt; calls constructor &lt;java.lang.Object.&lt;init&gt;()&gt; in (EnrollStudentRequestMapperImpl.java:14)&#10;Constructor &lt;com.academia.infrastructure.web.mappers.RegisterStudentRequestMapperImpl.&lt;init&gt;()&gt; calls constructor &lt;java.lang.Object.&lt;init&gt;()&gt; in (RegisterStudentRequestMapperImpl.java:15)&#10;Constructor &lt;com.academia.infrastructure.web.requests.EnrollStudentInCourseRequest.&lt;init&gt;(java.lang.Long, java.lang.Long)&gt; calls constructor &lt;java.lang.Record.&lt;init&gt;()&gt; in (EnrollStudentInCourseRequest.java:5)&#10;Constructor &lt;com.academia.infrastructure.web.requests.EnrollStudentInCourseRequest.&lt;init&gt;(java.lang.Long, java.lang.Long)&gt; has parameter of type &lt;java.lang.Long&gt; in (EnrollStudentInCourseRequest.java:0)&#10;Constructor &lt;com.academia.infrastructure.web.requests.RegisterStudentRequest.&lt;init&gt;(java.lang.Long, java.lang.String, java.lang.String, java.lang.String, java.time.LocalDate, java.lang.String, java.time.LocalDate, java.lang.String)&gt; calls constructor &lt;java.lang.Record.&lt;init&gt;()&gt; in (RegisterStudentRequest.java:14)&#10;Constructor &lt;com.academia.infrastructure.web.requests.RegisterStudentRequest.&lt;init&gt;(java.lang.Long, java.lang.String, java.lang.String, java.lang.String, java.time.LocalDate, java.lang.String, java.time.LocalDate, java.lang.String)&gt; has parameter of type &lt;java.lang.Long&gt; in (RegisterStudentRequest.java:0)&#10;Constructor &lt;com.academia.infrastructure.web.requests.RegisterStudentRequest.&lt;init&gt;(java.lang.Long, java.lang.String, java.lang.String, java.lang.String, java.time.LocalDate, java.lang.String, java.time.LocalDate, java.lang.String)&gt; has parameter of type &lt;java.lang.String&gt; in (RegisterStudentRequest.java:0)&#10;Constructor &lt;com.academia.infrastructure.web.requests.RegisterStudentRequest.&lt;init&gt;(java.lang.Long, java.lang.String, java.lang.String, java.lang.String, java.time.LocalDate, java.lang.String, java.time.LocalDate, java.lang.String)&gt; has parameter of type &lt;java.time.LocalDate&gt; in (RegisterStudentRequest.java:0)&#10;Field &lt;com.academia.domain.model.aggregates.Course.domainEvents&gt; has type &lt;java.util.List&gt; in (Course.java:0)&#10;Field &lt;com.academia.domain.model.aggregates.Course.enrollments&gt; has type &lt;java.util.Set&gt; in (Course.java:0)&#10;Field &lt;com.academia.domain.model.aggregates.Organization.academicTerms&gt; has type &lt;java.util.Set&gt; in (Organization.java:0)&#10;Field &lt;com.academia.domain.model.aggregates.Organization.name&gt; has type &lt;java.lang.String&gt; in (Organization.java:0)&#10;Field &lt;com.academia.domain.model.aggregates.UserAccount.domainEvents&gt; has type &lt;java.util.List&gt; in (UserAccount.java:0)&#10;Field &lt;com.academia.domain.model.entities.AcademicTerm.endDate&gt; has type &lt;java.time.LocalDate&gt; in (AcademicTerm.java:0)&#10;Field &lt;com.academia.domain.model.entities.AcademicTerm.id&gt; has type &lt;java.lang.Long&gt; in (AcademicTerm.java:0)&#10;Field &lt;com.academia.domain.model.entities.AcademicTerm.name&gt; has type &lt;ja
[...]
Method <com.academia.infrastructure.persistence.jpa.mappers.UserAccountMapper.toDomain(com.academia.infrastructure.persistence.jpa.entities.UserJpaEntity)> has annotation member of type <org.mapstruct.NullValuePropertyMappingStrategy> in (UserAccountMapper.java:0)
Method <com.academia.infrastructure.persistence.jpa.mappers.UserAccountMapper.toDomain(com.academia.infrastructure.persistence.jpa.entities.UserJpaEntity)> has annotation member of type <org.mapstruct.control.MappingControl> in (UserAccountMapper.java:0)
Method <com.academia.infrastructure.persistence.jpa.mappers.UserAccountMapper.toDomain(com.academia.infrastructure.persistence.jpa.entities.UserJpaEntity)> is annotated with <org.mapstruct.Mappings> in (UserAccountMapper.java:0)
Method <com.academia.infrastructure.persistence.jpa.mappers.UserAccountMapper.toJpa(com.academia.domain.model.aggregates.UserAccount)> has annotation member of type <org.mapstruct.Mapping> in (UserAccountMapper.java:0)
Method <com.academia.infrastructure.persistence.jpa.mappers.UserAccountMapper.toJpa(com.academia.domain.model.aggregates.UserAccount)> has annotation member of type <org.mapstruct.NullValueCheckStrategy> in (UserAccountMapper.java:0)
Method <com.academia.infrastructure.persistence.jpa.mappers.UserAccountMapper.toJpa(com.academia.domain.model.aggregates.UserAccount)> has annotation member of type <org.mapstruct.NullValuePropertyMappingStrategy> in (UserAccountMapper.java:0)
Method <com.academia.infrastructure.persistence.jpa.mappers.UserAccountMapper.toJpa(com.academia.domain.model.aggregates.UserAccount)> has annotation member of type <org.mapstruct.control.MappingControl> in (UserAccountMapper.java:0)
Method <com.academia.infrastructure.persistence.jpa.mappers.UserAccountMapper.toJpa(com.academia.domain.model.aggregates.UserAccount)> is annotated with <org.mapstruct.Mappings> in (UserAccountMapper.java:0)
Method <com.academia.infrastructure.persistence.jpa.mappers.UserAccountMapperImpl.aggregateUserEmailValue(com.academia.domain.model.aggregates.UserAccount)> has return type <java.lang.String> in (UserAccountMapperImpl.java:0)
Method <com.academia.infrastructure.persistence.jpa.mappers.UserAccountMapperImpl.aggregateUserIdValue(com.academia.domain.model.aggregates.UserAccount)> has return type <java.lang.Long> in (UserAccountMapperImpl.java:0)
Method <com.academia.infrastructure.persistence.jpa.mappers.UserAccountMapperImpl.aggregateUserNameFirstName(com.academia.domain.model.aggregates.UserAccount)> has return type <java.lang.String> in (UserAccountMapperImpl.java:0)
Method <com.academia.infrastructure.persistence.jpa.mappers.UserAccountMapperImpl.aggregateUserNameLastName(com.academia.domain.model.aggregates.UserAccount)> has return type <java.lang.String> in (UserAccountMapperImpl.java:0)
Method <com.academia.infrastructure.persistence.jpa.mappers.UserAccountMapperImpl.aggregateUserOrganizationIdValue(com.academia.domain.model.aggregates.UserAccount)> has return type <java.lang.Long> in (UserAccountMapperImpl.java:0)
Method <com.academia.infrastructure.persistence.jpa.repositories.SpringStudentProfileRepository.existsByOrganizationIdAndStudentIdNumber(java.lang.Long, java.lang.String)> has parameter of type <java.lang.Long> in (SpringStudentProfileRepository.java:0)
Method <com.academia.infrastructure.persistence.jpa.repositories.SpringStudentProfileRepository.existsByOrganizationIdAndStudentIdNumber(java.lang.Long, java.lang.String)> has parameter of type <java.lang.String> in (SpringStudentProfileRepository.java:0)
Method <com.academia.infrastructure.persistence.jpa.repositories.SpringUserRepository.existsByOrganizationIdAndEmail(java.lang.Long, java.lang.String)> has parameter of type <java.lang.Long> in (SpringUserRepository.java:0)
Method <com.academia.infrastructure.persistence.jpa.repositories.SpringUserRepository.existsByOrganizationIdAndEmail(java.lang.Long, java.lang.String)> has parameter of type <java.lang.String> in (SpringUserRepository.java:0)
Method <com.academia.infrastructure.persistence.jpa.repositories.SpringUserRepository.findByOrganizationIdAndEmail(java.lang.Long, java.lang.String)> has parameter of type <java.lang.Long> in (SpringUserRepository.java:0)
Method <com.academia.infrastructure.persistence.jpa.repositories.SpringUserRepository.findByOrganizationIdAndEmail(java.lang.Long, java.lang.String)> has parameter of type <java.lang.String> in (SpringUserRepository.java:0)
Method <com.academia.infrastructure.persistence.jpa.repositories.SpringUserRepository.findByOrganizationIdAndEmail(java.lang.Long, java.lang.String)> has return type <java.util.Optional> in (SpringUserRepository.java:0)
Method <com.academia.infrastructure.web.controllers.CourseController.enrollStudent(com.academia.infrastructure.web.requests.EnrollStudentInCourseRequest)> calls method <org.springframework.http.ResponseEntity.ok(java.lang.Object)> in (CourseController.java:28)
Method <com.academia.infrastructure.web.controllers.CourseController.enrollStudent(com.academia.infrastructure.web.requests.EnrollStudentInCourseRequest)> has return type <org.springframework.http.ResponseEntity> in (CourseController.java:0)
Method <com.academia.infrastructure.web.controllers.CourseController.enrollStudent(com.academia.infrastructure.web.requests.EnrollStudentInCourseRequest)> is annotated with <org.springframework.web.bind.annotation.PostMapping> in (CourseController.java:0)
Method <com.academia.infrastructure.web.controllers.StudentController.registerStudent(com.academia.infrastructure.web.requests.RegisterStudentRequest)> calls method <org.springframework.http.ResponseEntity$BodyBuilder.body(java.lang.Object)> in (StudentController.java:31)
Method <com.academia.infrastructure.web.controllers.StudentController.registerStudent(com.academia.infrastructure.web.requests.RegisterStudentRequest)> calls method <org.springframework.http.ResponseEntity.status(org.springframework.http.HttpStatusCode)> in (StudentController.java:31)
Method <com.academia.infrastructure.web.controllers.StudentController.registerStudent(com.academia.infrastructure.web.requests.RegisterStudentRequest)> gets field <org.springframework.http.HttpStatus.CREATED> in (StudentController.java:31)
Method <com.academia.infrastructure.web.controllers.StudentController.registerStudent(com.academia.infrastructure.web.requests.RegisterStudentRequest)> has return type <org.springframework.http.ResponseEntity> in (StudentController.java:0)
Method <com.academia.infrastructure.web.controllers.StudentController.registerStudent(com.academia.infrastructure.web.requests.RegisterStudentRequest)> is annotated with <org.springframework.web.bind.annotation.PostMapping> in (StudentController.java:0)
Method <com.academia.infrastructure.web.requests.EnrollStudentInCourseRequest.courseId()> has return type <java.lang.Long> in (EnrollStudentInCourseRequest.java:0)
Method <com.academia.infrastructure.web.requests.EnrollStudentInCourseRequest.courseId()> is annotated with <jakarta.validation.constraints.NotNull> in (EnrollStudentInCourseRequest.java:0)
Method <com.academia.infrastructure.web.requests.EnrollStudentInCourseRequest.equals(java.lang.Object)> has parameter of type <java.lang.Object> in (EnrollStudentInCourseRequest.java:0)
Method <com.academia.infrastructure.web.requests.EnrollStudentInCourseRequest.studentAccountId()> has return type <java.lang.Long> in (EnrollStudentInCourseRequest.java:0)
Method <com.academia.infrastructure.web.requests.EnrollStudentInCourseRequest.studentAccountId()> is annotated with <jakarta.validation.constraints.NotNull> in (EnrollStudentInCourseRequest.java:0)
Method <com.academia.infrastructure.web.requests.EnrollStudentInCourseRequest.toString()> has return type <java.lang.String> in (EnrollStudentInCourseRequest.java:0)
Method <com.academia.infrastructure.web.requests.RegisterStudentRequest.birthDate()> has return type <java.time.LocalDate> in (RegisterStudentRequest.java:0)
Method <com.academia.infrastructure.web.requests.RegisterStudentRequest.birthDate()> is annotated with <jakarta.validation.constraints.NotNull> in (RegisterStudentRequest.java:0)
Method <com.academia.infrastructure.web.requests.RegisterStudentRequest.birthDate()> is annotated with <jakarta.validation.constraints.Past> in (RegisterStudentRequest.java:0)
Method <com.academia.infrastructure.web.requests.RegisterStudentRequest.email()> has return type <java.lang.String> in (RegisterStudentRequest.java:0)
Method <com.academia.infrastructure.web.requests.RegisterStudentRequest.email()> is annotated with <jakarta.validation.constraints.Email> in (RegisterStudentRequest.java:0)
Method <com.academia.infrastructure.web.requests.RegisterStudentRequest.email()> is annotated with <jakarta.validation.constraints.NotBlank> in (RegisterStudentRequest.java:0)
Method <com.academia.infrastructure.web.requests.RegisterStudentRequest.enrollmentDate()> has return type <java.time.LocalDate> in (RegisterStudentRequest.java:0)
Method <com.academia.infrastructure.web.requests.RegisterStudentRequest.enrollmentDate()> is annotated with <jakarta.validation.constraints.NotNull> in (RegisterStudentRequest.java:0)
Method <com.academia.infrastructure.web.requests.RegisterStudentRequest.equals(java.lang.Object)> has parameter of type <java.lang.Object> in (RegisterStudentRequest.java:0)
Method <com.academia.infrastructure.web.requests.RegisterStudentRequest.firstName()> has return type <java.lang.String> in (RegisterStudentRequest.java:0)
Method <com.academia.infrastructure.web.requests.RegisterStudentRequest.firstName()> is annotated with <jakarta.validation.constraints.NotBlank> in (RegisterStudentRequest.java:0)
Method <com.academia.infrastructure.web.requests.RegisterStudentRequest.firstName()> is annotated with <jakarta.validation.constraints.Size> in (RegisterStudentRequest.java:0)
Method <com.academia.infrastructure.web.requests.RegisterStudentRequest.initialGradeLevel()> has return type <java.lang.String> in (RegisterStudentRequest.java:0)
Method <com.academia.infrastructure.web.requests.RegisterStudentRequest.initialGradeLevel()> is annotated with <jakarta.validation.constraints.NotBlank> in (RegisterStudentRequest.java:0)
Method <com.academia.infrastructure.web.requests.RegisterStudentRequest.lastName()> has return type <java.lang.String> in (RegisterStudentRequest.java:0)
Method <com.academia.infrastructure.web.requests.RegisterStudentRequest.lastName()> is annotated with <jakarta.validation.constraints.NotBlank> in (RegisterStudentRequest.java:0)
Method <com.academia.infrastructure.web.requests.RegisterStudentRequest.lastName()> is annotated with <jakarta.validation.constraints.Size> in (RegisterStudentRequest.java:0)
Method <com.academia.infrastructure.web.requests.RegisterStudentRequest.organizationId()> has return type <java.lang.Long> in (RegisterStudentRequest.java:0)
Method <com.academia.infrastructure.web.requests.RegisterStudentRequest.organizationId()> is annotated with <jakarta.validation.constraints.NotNull> in (RegisterStudentRequest.java:0)
Method <com.academia.infrastructure.web.requests.RegisterStudentRequest.studentIdNumber()> has return type <java.lang.String> in (RegisterStudentRequest.java:0)
Method <com.academia.infrastructure.web.requests.RegisterStudentRequest.studentIdNumber()> is annotated with <jakarta.validation.constraints.NotBlank> in (RegisterStudentRequest.java:0)
Method <com.academia.infrastructure.web.requests.RegisterStudentRequest.studentIdNumber()> is annotated with <jakarta.validation.constraints.Size> in (RegisterStudentRequest.java:0)
Method <com.academia.infrastructure.web.requests.RegisterStudentRequest.toString()> has return type <java.lang.String> in (RegisterStudentRequest.java:0)
Parameter <com.academia.infrastructure.web.requests.EnrollStudentInCourseRequest> of method <com.academia.infrastructure.web.controllers.CourseController.enrollStudent(com.academia.infrastructure.web.requests.EnrollStudentInCourseRequest)> is annotated with <jakarta.validation.Valid> in (CourseController.java:0)
Parameter <com.academia.infrastructure.web.requests.EnrollStudentInCourseRequest> of method <com.academia.infrastructure.web.controllers.CourseController.enrollStudent(com.academia.infrastructure.web.requests.EnrollStudentInCourseRequest)> is annotated with <org.springframework.web.bind.annotation.RequestBody> in (CourseController.java:0)
Parameter <com.academia.infrastructure.web.requests.RegisterStudentRequest> of method <com.academia.infrastructure.web.controllers.StudentController.registerStudent(com.academia.infrastructure.web.requests.RegisterStudentRequest)> is annotated with <jakarta.validation.Valid> in (StudentController.java:0)
Parameter <com.academia.infrastructure.web.requests.RegisterStudentRequest> of method <com.academia.infrastructure.web.controllers.StudentController.registerStudent(com.academia.infrastructure.web.requests.RegisterStudentRequest)> is annotated with <org.springframework.web.bind.annotation.RequestBody> in (StudentController.java:0)
Parameter <java.lang.Long> of constructor <com.academia.infrastructure.web.requests.EnrollStudentInCourseRequest.<init>(java.lang.Long, java.lang.Long)> is annotated with <jakarta.validation.constraints.NotNull> in (EnrollStudentInCourseRequest.java:0)
Parameter <java.lang.Long> of constructor <com.academia.infrastructure.web.requests.RegisterStudentRequest.<init>(java.lang.Long, java.lang.String, java.lang.String, java.lang.String, java.time.LocalDate, java.lang.String, java.time.LocalDate, java.lang.String)> is annotated with <jakarta.validation.constraints.NotNull> in (RegisterStudentRequest.java:0)
Parameter <java.lang.String> of constructor <com.academia.infrastructure.web.requests.RegisterStudentRequest.<init>(java.lang.Long, java.lang.String, java.lang.String, java.lang.String, java.time.LocalDate, java.lang.String, java.time.LocalDate, java.lang.String)> is annotated with <jakarta.validation.constraints.Email> in (RegisterStudentRequest.java:0)
Parameter <java.lang.String> of constructor <com.academia.infrastructure.web.requests.RegisterStudentRequest.<init>(java.lang.Long, java.lang.String, java.lang.String, java.lang.String, java.time.LocalDate, java.lang.String, java.time.LocalDate, java.lang.String)> is annotated with <jakarta.validation.constraints.NotBlank> in (RegisterStudentRequest.java:0)
Parameter <java.lang.String> of constructor <com.academia.infrastructure.web.requests.RegisterStudentRequest.<init>(java.lang.Long, java.lang.String, java.lang.String, java.lang.String, java.time.LocalDate, java.lang.String, java.time.LocalDate, java.lang.String)> is annotated with <jakarta.validation.constraints.Size> in (RegisterStudentRequest.java:0)
Parameter <java.time.LocalDate> of constructor <com.academia.infrastructure.web.requests.RegisterStudentRequest.<init>(java.lang.Long, java.lang.String, java.lang.String, java.lang.String, java.time.LocalDate, java.lang.String, java.time.LocalDate, java.lang.String)> is annotated with <jakarta.validation.constraints.NotNull> in (RegisterStudentRequest.java:0)
Parameter <java.time.LocalDate> of constructor <com.academia.infrastructure.web.requests.RegisterStudentRequest.<init>(java.lang.Long, java.lang.String, java.lang.String, java.lang.String, java.time.LocalDate, java.lang.String, java.time.LocalDate, java.lang.String)> is annotated with <jakarta.validation.constraints.Past> in (RegisterStudentRequest.java:0)
Static Initializer <com.academia.application.mappers.StudentDTOMapper.<clinit>()> calls method <org.mapstruct.factory.Mappers.getMapper(java.lang.Class)> in (StudentDTOMapper.java:13)
Static Initializer <com.academia.domain.model.valueobjects.user.Email.<clinit>()> calls method <java.util.regex.Pattern.compile(java.lang.String)> in (Email.java:7)
Static Initializer <com.academia.infrastructure.events.SpringDomainEventPublisher.<clinit>()> calls method <org.slf4j.LoggerFactory.getLogger(java.lang.Class)> in (SpringDomainEventPublisher.java:13)
Static Initializer <com.academia.infrastructure.persistence.jpa.mappers.UserAccountMapper.<clinit>()> calls method <org.mapstruct.factory.Mappers.getMapper(java.lang.Class)> in (UserAccountMapper.java:12)
Static Initializer <com.academia.infrastructure.web.mappers.RegisterStudentRequestMapper.<clinit>()> calls method <org.mapstruct.factory.Mappers.getMapper(java.lang.Class)> in (RegisterStudentRequestMapper.java:12)
	at com.tngtech.archunit.lang.ArchRule$Assertions.assertNoViolation(ArchRule.java:94)
	at com.tngtech.archunit.lang.ArchRule$Assertions.check(ArchRule.java:86)
	at com.tngtech.archunit.library.Architectures$LayeredArchitecture.check(Architectures.java:347)
	at com.tngtech.archunit.junit.internal.ArchUnitTestDescriptor$ArchUnitRuleDescriptor.execute(ArchUnitTestDescriptor.java:167)
	at com.tngtech.archunit.junit.internal.ArchUnitTestDescriptor$ArchUnitRuleDescriptor.execute(ArchUnitTestDescriptor.java:150)
	at java.base/java.util.ArrayList.forEach(ArrayList.java:1596)
	at java.base/java.util.ArrayList.forEach(ArrayList.java:1596)
]]></failure>
  </testcase>
  <testcase name="domain_layer_should_not_depend_on_anything_external" classname="HexagonalArchitectureTest" time="0.004"/>
  <testcase name="input_ports_should_be_interfaces" classname="HexagonalArchitectureTest" time="0.002">
    <failure message="Architecture Violation [Priority: MEDIUM] - Rule &apos;classes that reside in a package &apos;com.academia.domain.ports.in..*&apos; should be interfaces&apos; was violated (6 times):&#10;Class &lt;com.academia.domain.ports.in.commands.EnrollStudentInCourseCommand&gt; is no interface in (EnrollStudentInCourseCommand.java:0)&#10;Class &lt;com.academia.domain.ports.in.commands.RegisterNewStudentCommand&gt; is no interface in (RegisterNewStudentCommand.java:0)&#10;Class &lt;com.academia.domain.ports.in.dtos.EnrollmentResultDTO&gt; is no interface in (EnrollmentResultDTO.java:0)&#10;Class &lt;com.academia.domain.ports.in.dtos.StudentDetailsDTO$GuardianDTO&gt; is no interface in (StudentDetailsDTO.java:0)&#10;Class &lt;com.academia.domain.ports.in.dtos.StudentDetailsDTO&gt; is no interface in (StudentDetailsDTO.java:0)&#10;Class &lt;com.academia.domain.ports.in.queries.GetStudentDetailsQuery&gt; is no interface in (GetStudentDetailsQuery.java:0)" type="java.lang.AssertionError"><![CDATA[java.lang.AssertionError: 
Architecture Violation [Priority: MEDIUM] - Rule 'classes that reside in a package 'com.academia.domain.ports.in..*' should be interfaces' was violated (6 times):
Class <com.academia.domain.ports.in.commands.EnrollStudentInCourseCommand> is no interface in (EnrollStudentInCourseCommand.java:0)
Class <com.academia.domain.ports.in.commands.RegisterNewStudentCommand> is no interface in (RegisterNewStudentCommand.java:0)
Class <com.academia.domain.ports.in.dtos.EnrollmentResultDTO> is no interface in (EnrollmentResultDTO.java:0)
Class <com.academia.domain.ports.in.dtos.StudentDetailsDTO$GuardianDTO> is no interface in (StudentDetailsDTO.java:0)
Class <com.academia.domain.ports.in.dtos.StudentDetailsDTO> is no interface in (StudentDetailsDTO.java:0)
Class <com.academia.domain.ports.in.queries.GetStudentDetailsQuery> is no interface in (GetStudentDetailsQuery.java:0)
	at com.tngtech.archunit.lang.ArchRule$Assertions.assertNoViolation(ArchRule.java:94)
	at com.tngtech.archunit.lang.ArchRule$Assertions.check(ArchRule.java:86)
	at com.tngtech.archunit.lang.ArchRule$Factory$SimpleArchRule.check(ArchRule.java:165)
	at com.tngtech.archunit.lang.syntax.ObjectsShouldInternal.check(ObjectsShouldInternal.java:81)
	at com.tngtech.archunit.junit.internal.ArchUnitTestDescriptor$ArchUnitRuleDescriptor.execute(ArchUnitTestDescriptor.java:167)
	at com.tngtech.archunit.junit.internal.ArchUnitTestDescriptor$ArchUnitRuleDescriptor.execute(ArchUnitTestDescriptor.java:150)
	at java.base/java.util.ArrayList.forEach(ArrayList.java:1596)
	at java.base/java.util.ArrayList.forEach(ArrayList.java:1596)
]]></failure>
  </testcase>
</testsuite>